Log file open, 02/21/18 17:02:05
LogInit:Display: Running engine for game: vrkatrix7sml
LogPlatformFile: Not using cached read wrapper
LogInit:Display: RandInit(-432055676) SRandInit(-432055676).
LogTaskGraph: Started task graph with 5 named threads and 8 total threads with 1 sets of task threads.
LogStats: Stats thread started at 0.093989
LogPluginManager: Loaded Plugin Paper2D, From C:/Program Files/Epic Games/UE_4.13/Engine/Plugins/2D/Paper2D/Paper2D.uplugin
LogPluginManager: Loaded Plugin LightPropagationVolume, From C:/Program Files/Epic Games/UE_4.13/Engine/Plugins/Blendables/LightPropagationVolume/LightPropagationVolume.uplugin
LogPluginManager: Loaded Plugin BlankPlugin, From C:/Program Files/Epic Games/UE_4.13/Engine/Plugins/Developer/BlankPlugin/BlankPlugin.uplugin
LogPluginManager: Loaded Plugin CodeLiteSourceCodeAccess, From C:/Program Files/Epic Games/UE_4.13/Engine/Plugins/Developer/CodeLiteSourceCodeAccess/CodeLiteSourceCodeAccess.uplugin
LogPluginManager: Loaded Plugin GitSourceControl, From C:/Program Files/Epic Games/UE_4.13/Engine/Plugins/Developer/GitSourceControl/GitSourceControl.uplugin
LogPluginManager: Loaded Plugin KDevelopSourceCodeAccess, From C:/Program Files/Epic Games/UE_4.13/Engine/Plugins/Developer/KDevelopSourceCodeAccess/KDevelopSourceCodeAccess.uplugin
LogPluginManager: Loaded Plugin NullSourceCodeAccess, From C:/Program Files/Epic Games/UE_4.13/Engine/Plugins/Developer/NullSourceCodeAccess/NullSourceCodeAccess.uplugin
LogPluginManager: Loaded Plugin OneSkyLocalizationService, From C:/Program Files/Epic Games/UE_4.13/Engine/Plugins/Developer/OneSkyLocalizationService/OneSkyLocalizationService.uplugin
LogPluginManager: Loaded Plugin PerforceSourceControl, From C:/Program Files/Epic Games/UE_4.13/Engine/Plugins/Developer/PerforceSourceControl/PerforceSourceControl.uplugin
LogPluginManager: Loaded Plugin SubversionSourceControl, From C:/Program Files/Epic Games/UE_4.13/Engine/Plugins/Developer/SubversionSourceControl/SubversionSourceControl.uplugin
LogPluginManager: Loaded Plugin UObjectPlugin, From C:/Program Files/Epic Games/UE_4.13/Engine/Plugins/Developer/UObjectPlugin/UObjectPlugin.uplugin
LogPluginManager: Loaded Plugin VisualStudioSourceCodeAccess, From C:/Program Files/Epic Games/UE_4.13/Engine/Plugins/Developer/VisualStudioSourceCodeAccess/VisualStudioSourceCodeAccess.uplugin
LogPluginManager: Loaded Plugin XCodeSourceCodeAccess, From C:/Program Files/Epic Games/UE_4.13/Engine/Plugins/Developer/XCodeSourceCodeAccess/XCodeSourceCodeAccess.uplugin
LogPluginManager: Loaded Plugin EpicSurvey, From C:/Program Files/Epic Games/UE_4.13/Engine/Plugins/Editor/EpicSurvey/EpicSurvey.uplugin
LogPluginManager: Loaded Plugin MacGraphicsSwitching, From C:/Program Files/Epic Games/UE_4.13/Engine/Plugins/Editor/MacGraphicsSwitching/MacGraphicsSwitching.uplugin
LogPluginManager: Loaded Plugin MobileLauncherProfileWizard, From C:/Program Files/Epic Games/UE_4.13/Engine/Plugins/Editor/MobileLauncherProfileWizard/MobileLauncherProfileWizard.uplugin
LogPluginManager: Loaded Plugin PluginBrowser, From C:/Program Files/Epic Games/UE_4.13/Engine/Plugins/Editor/PluginBrowser/PluginBrowser.uplugin
LogPluginManager: Loaded Plugin SpeedTreeImporter, From C:/Program Files/Epic Games/UE_4.13/Engine/Plugins/Editor/SpeedTreeImporter/SpeedTreeImporter.uplugin
LogPluginManager: Loaded Plugin SuperSearchEditor, From C:/Program Files/Epic Games/UE_4.13/Engine/Plugins/Editor/SuperSearchEditor/SuperSearchEditor.uplugin
LogPluginManager: Loaded Plugin AlembicImporter, From C:/Program Files/Epic Games/UE_4.13/Engine/Plugins/Experimental/AlembicImporter/AlembicImporter.uplugin
LogPluginManager: Loaded Plugin BlueprintStats, From C:/Program Files/Epic Games/UE_4.13/Engine/Plugins/Experimental/BlueprintStats/BlueprintStats.uplugin
LogPluginManager: Loaded Plugin CharacterAI, From C:/Program Files/Epic Games/UE_4.13/Engine/Plugins/Experimental/CharacterAI/CharacterAI.uplugin
LogPluginManager: Loaded Plugin CodeEditor, From C:/Program Files/Epic Games/UE_4.13/Engine/Plugins/Experimental/CodeEditor/CodeEditor.uplugin
LogPluginManager: Loaded Plugin CodeView, From C:/Program Files/Epic Games/UE_4.13/Engine/Plugins/Experimental/CodeView/CodeView.uplugin
LogPluginManager: Loaded Plugin HTML5Networking, From C:/Program Files/Epic Games/UE_4.13/Engine/Plugins/Experimental/HTML5Networking/HTML5Networking.uplugin
LogPluginManager: Loaded Plugin LiveEditor, From C:/Program Files/Epic Games/UE_4.13/Engine/Plugins/Experimental/LiveEditor/LiveEditor.uplugin
LogPluginManager: Loaded Plugin OSVR, From C:/Program Files/Epic Games/UE_4.13/Engine/Plugins/Experimental/OSVR/OSVR.uplugin
LogPluginManager: Loaded Plugin Phya, From C:/Program Files/Epic Games/UE_4.13/Engine/Plugins/Experimental/Phya/Phya.uplugin
LogPluginManager: Loaded Plugin SignificanceManager, From C:/Program Files/Epic Games/UE_4.13/Engine/Plugins/Experimental/SignificanceManager/SignificanceManager.uplugin
LogPluginManager: Loaded Plugin SimpleHMD, From C:/Program Files/Epic Games/UE_4.13/Engine/Plugins/Experimental/SimpleHMD/SimpleHMD.uplugin
LogPluginManager: Loaded Plugin StereoPanorama, From C:/Program Files/Epic Games/UE_4.13/Engine/Plugins/Experimental/StereoPanorama/StereoPanorama.uplugin
LogPluginManager: Loaded Plugin StructBox, From C:/Program Files/Epic Games/UE_4.13/Engine/Plugins/Experimental/StructBox/StructBox.uplugin
LogPluginManager: Loaded Plugin AndroidMedia, From C:/Program Files/Epic Games/UE_4.13/Engine/Plugins/Media/AndroidMedia/AndroidMedia.uplugin
LogPluginManager: Loaded Plugin AvfMedia, From C:/Program Files/Epic Games/UE_4.13/Engine/Plugins/Media/AvfMedia/AvfMedia.uplugin
LogPluginManager: Loaded Plugin MediaPlayerEditor, From C:/Program Files/Epic Games/UE_4.13/Engine/Plugins/Media/MediaPlayerEditor/MediaPlayerEditor.uplugin
LogPluginManager: Loaded Plugin WmfMedia, From C:/Program Files/Epic Games/UE_4.13/Engine/Plugins/Media/WmfMedia/WmfMedia.uplugin
LogPluginManager: Loaded Plugin MessagingDebugger, From C:/Program Files/Epic Games/UE_4.13/Engine/Plugins/Messaging/MessagingDebugger/MessagingDebugger.uplugin
LogPluginManager: Loaded Plugin TcpMessaging, From C:/Program Files/Epic Games/UE_4.13/Engine/Plugins/Messaging/TcpMessaging/TcpMessaging.uplugin
LogPluginManager: Loaded Plugin UdpMessaging, From C:/Program Files/Epic Games/UE_4.13/Engine/Plugins/Messaging/UdpMessaging/UdpMessaging.uplugin
LogPluginManager: Loaded Plugin LevelSequenceEditor, From C:/Program Files/Epic Games/UE_4.13/Engine/Plugins/MovieScene/LevelSequenceEditor/LevelSequenceEditor.uplugin
LogPluginManager: Loaded Plugin MatineeToLevelSequence, From C:/Program Files/Epic Games/UE_4.13/Engine/Plugins/MovieScene/MatineeToLevelSequence/MatineeToLevelSequence.uplugin
LogPluginManager: Loaded Plugin NetcodeUnitTest, From C:/Program Files/Epic Games/UE_4.13/Engine/Plugins/NetcodeUnitTest/NetcodeUnitTest/NetcodeUnitTest.uplugin
LogPluginManager: Loaded Plugin NUTUnrealEngine4, From C:/Program Files/Epic Games/UE_4.13/Engine/Plugins/NetcodeUnitTest/NUTUnrealEngine4/NUTUnrealEngine4.uplugin
LogPluginManager: Loaded Plugin OnlineSubsystemGooglePlay, From C:/Program Files/Epic Games/UE_4.13/Engine/Plugins/Online/Android/OnlineSubsystemGooglePlay/OnlineSubsystemGooglePlay.uplugin
LogPluginManager: Loaded Plugin OnlineSubsystemIOS, From C:/Program Files/Epic Games/UE_4.13/Engine/Plugins/Online/IOS/OnlineSubsystemIOS/OnlineSubsystemIOS.uplugin
LogPluginManager: Loaded Plugin OnlineFramework, From C:/Program Files/Epic Games/UE_4.13/Engine/Plugins/Online/OnlineFramework/OnlineFramework.uplugin
LogPluginManager: Loaded Plugin OnlineSubsystem, From C:/Program Files/Epic Games/UE_4.13/Engine/Plugins/Online/OnlineSubsystem/OnlineSubsystem.uplugin
LogPluginManager: Loaded Plugin OnlineSubsystemAmazon, From C:/Program Files/Epic Games/UE_4.13/Engine/Plugins/Online/OnlineSubsystemAmazon/OnlineSubsystemAmazon.uplugin
LogPluginManager: Loaded Plugin OnlineSubsystemFacebook, From C:/Program Files/Epic Games/UE_4.13/Engine/Plugins/Online/OnlineSubsystemFacebook/OnlineSubsystemFacebook.uplugin
LogPluginManager: Loaded Plugin OnlineSubsystemNull, From C:/Program Files/Epic Games/UE_4.13/Engine/Plugins/Online/OnlineSubsystemNull/OnlineSubsystemNull.uplugin
LogPluginManager: Loaded Plugin OnlineSubsystemOculus, From C:/Program Files/Epic Games/UE_4.13/Engine/Plugins/Online/OnlineSubsystemOculus/OnlineSubsystemOculus.uplugin
LogPluginManager: Loaded Plugin OnlineSubsystemSteam, From C:/Program Files/Epic Games/UE_4.13/Engine/Plugins/Online/OnlineSubsystemSteam/OnlineSubsystemSteam.uplugin
LogPluginManager: Loaded Plugin OnlineSubsystemUtils, From C:/Program Files/Epic Games/UE_4.13/Engine/Plugins/Online/OnlineSubsystemUtils/OnlineSubsystemUtils.uplugin
LogPluginManager: Loaded Plugin IOSTapJoy, From C:/Program Files/Epic Games/UE_4.13/Engine/Plugins/Runtime/Advertising/IOSTapJoy/IOSTapJoy.uplugin
LogPluginManager: Loaded Plugin AnalyticsBlueprintLibrary, From C:/Program Files/Epic Games/UE_4.13/Engine/Plugins/Runtime/Analytics/AnalyticsBlueprintLibrary/AnalyticsBlueprintLibrary.uplugin
LogPluginManager: Loaded Plugin AnalyticsMulticast, From C:/Program Files/Epic Games/UE_4.13/Engine/Plugins/Runtime/Analytics/AnalyticsMulticast/AnalyticsMulticast.uplugin
LogPluginManager: Loaded Plugin Apsalar, From C:/Program Files/Epic Games/UE_4.13/Engine/Plugins/Runtime/Analytics/Apsalar/Apsalar.uplugin
LogPluginManager: Loaded Plugin FileLogging, From C:/Program Files/Epic Games/UE_4.13/Engine/Plugins/Runtime/Analytics/FileLogging/FileLogging.uplugin
LogPluginManager: Loaded Plugin Flurry, From C:/Program Files/Epic Games/UE_4.13/Engine/Plugins/Runtime/Analytics/Flurry/Flurry.uplugin
LogPluginManager: Loaded Plugin AndroidDeviceProfileSelector, From C:/Program Files/Epic Games/UE_4.13/Engine/Plugins/Runtime/AndroidDeviceProfileSelector/AndroidDeviceProfileSelector.uplugin
LogPluginManager: Loaded Plugin AndroidMoviePlayer, From C:/Program Files/Epic Games/UE_4.13/Engine/Plugins/Runtime/AndroidMoviePlayer/AndroidMoviePlayer.uplugin
LogPluginManager: Loaded Plugin AppleMoviePlayer, From C:/Program Files/Epic Games/UE_4.13/Engine/Plugins/Runtime/AppleMoviePlayer/AppleMoviePlayer.uplugin
LogPluginManager: Loaded Plugin ArchVisCharacter, From C:/Program Files/Epic Games/UE_4.13/Engine/Plugins/Runtime/ArchVisCharacter/ArchVisCharacter.uplugin
LogPluginManager: Loaded Plugin CableComponent, From C:/Program Files/Epic Games/UE_4.13/Engine/Plugins/Runtime/CableComponent/CableComponent.uplugin
LogPluginManager: Loaded Plugin CustomMeshComponent, From C:/Program Files/Epic Games/UE_4.13/Engine/Plugins/Runtime/CustomMeshComponent/CustomMeshComponent.uplugin
LogPluginManager: Loaded Plugin ExampleDeviceProfileSelector, From C:/Program Files/Epic Games/UE_4.13/Engine/Plugins/Runtime/ExampleDeviceProfileSelector/ExampleDeviceProfileSelector.uplugin
LogPluginManager: Loaded Plugin GearVR, From C:/Program Files/Epic Games/UE_4.13/Engine/Plugins/Runtime/GearVR/GearVR.uplugin
LogPluginManager: Loaded Plugin GoogleVRController, From C:/Program Files/Epic Games/UE_4.13/Engine/Plugins/Runtime/GoogleVR/GoogleVRController/GoogleVRController.uplugin
LogPluginManager: Loaded Plugin GoogleVRHMD, From C:/Program Files/Epic Games/UE_4.13/Engine/Plugins/Runtime/GoogleVR/GoogleVRHMD/GoogleVRHMD.uplugin
LogPluginManager: Loaded Plugin IOSDeviceProfileSelector, From C:/Program Files/Epic Games/UE_4.13/Engine/Plugins/Runtime/IOSDeviceProfileSelector/IOSDeviceProfileSelector.uplugin
LogPluginManager: Loaded Plugin LeapMotion, From C:/Program Files/Epic Games/UE_4.13/Engine/Plugins/Runtime/LeapMotion/LeapMotion.uplugin
LogPluginManager: Loaded Plugin LinuxDeviceProfileSelector, From C:/Program Files/Epic Games/UE_4.13/Engine/Plugins/Runtime/LinuxDeviceProfileSelector/LinuxDeviceProfileSelector.uplugin
LogPluginManager: Loaded Plugin LiveEditorListenServer, From C:/Program Files/Epic Games/UE_4.13/Engine/Plugins/Runtime/LiveEditorListenServer/LiveEditorListenServer.uplugin
LogPluginManager: Loaded Plugin OculusAudio, From C:/Program Files/Epic Games/UE_4.13/Engine/Plugins/Runtime/OculusAudio/OculusAudio.uplugin
LogPluginManager: Loaded Plugin OculusInput, From C:/Program Files/Epic Games/UE_4.13/Engine/Plugins/Runtime/OculusInput/OculusInput.uplugin
LogPluginManager: Loaded Plugin OculusLibrary, From C:/Program Files/Epic Games/UE_4.13/Engine/Plugins/Runtime/OculusLibrary/OculusLibrary.uplugin
LogPluginManager: Loaded Plugin OculusRift, From C:/Program Files/Epic Games/UE_4.13/Engine/Plugins/Runtime/OculusRift/OculusRift.uplugin
LogPluginManager: Loaded Plugin Oodle, From C:/Program Files/Epic Games/UE_4.13/Engine/Plugins/Runtime/PacketHandlers/CompressionComponents/Oodle/Oodle.uplugin
LogPluginManager: Loaded Plugin ProceduralMeshComponent, From C:/Program Files/Epic Games/UE_4.13/Engine/Plugins/Runtime/ProceduralMeshComponent/ProceduralMeshComponent.uplugin
LogPluginManager: Loaded Plugin SoundMod, From C:/Program Files/Epic Games/UE_4.13/Engine/Plugins/Runtime/SoundMod/SoundMod.uplugin
LogPluginManager: Loaded Plugin SoundVisualizations, From C:/Program Files/Epic Games/UE_4.13/Engine/Plugins/Runtime/SoundVisualizations/SoundVisualizations.uplugin
LogPluginManager: Loaded Plugin SteamController, From C:/Program Files/Epic Games/UE_4.13/Engine/Plugins/Runtime/Steam/SteamController/SteamController.uplugin
LogPluginManager: Loaded Plugin SteamVR, From C:/Program Files/Epic Games/UE_4.13/Engine/Plugins/Runtime/Steam/SteamVR/SteamVR.uplugin
LogPluginManager: Loaded Plugin WebBrowserWidget, From C:/Program Files/Epic Games/UE_4.13/Engine/Plugins/Runtime/WebBrowserWidget/WebBrowserWidget.uplugin
LogPluginManager: Loaded Plugin WindowsDeviceProfileSelector, From C:/Program Files/Epic Games/UE_4.13/Engine/Plugins/Runtime/WindowsDeviceProfileSelector/WindowsDeviceProfileSelector.uplugin
LogPluginManager: Loaded Plugin WindowsMoviePlayer, From C:/Program Files/Epic Games/UE_4.13/Engine/Plugins/Runtime/WindowsMoviePlayer/WindowsMoviePlayer.uplugin
LogPluginManager: Loaded Plugin ScriptPlugin, From C:/Program Files/Epic Games/UE_4.13/Engine/Plugins/ScriptPlugin/ScriptPlugin.uplugin
LogPluginManager: Loaded Plugin SlateRemote, From C:/Program Files/Epic Games/UE_4.13/Engine/Plugins/Slate/SlateRemote/SlateRemote.uplugin
LogInit: Using libcurl 7.47.1
LogInit:  - built for x86_64-pc-win32
LogInit:  - supports SSL with WinSSL
LogInit:  - other features:
LogInit:      CURL_VERSION_SSL
LogInit:      CURL_VERSION_IPV6
LogInit:      CURL_VERSION_ASYNCHDNS
LogInit:      CURL_VERSION_LARGEFILE
LogInit:      CURL_VERSION_IDN
LogInit:  CurlRequestOptions (configurable via config and command line):
LogInit:  - bVerifyPeer = false  - Libcurl will NOT verify peer certificate
LogInit:  - bUseHttpProxy = false  - Libcurl will NOT use HTTP proxy
LogInit:  - bDontReuseConnections = false  - Libcurl will reuse connections
LogInit:  - CertBundlePath = nullptr  - Libcurl will use whatever was configured at build time.
LogInit: Build: ++UE4+Release-4.13-CL-3172292
LogInit: Engine Version: 4.13.2-3172292+++UE4+Release-4.13
LogInit: Compatible Engine Version: 4.13.0-3106830+++UE4+Release-4.13
LogInit: Net CL: 3172292
LogDevObjectVersion: Number of dev versions registered: 13
LogDevObjectVersion:   Dev-Blueprints (B0D832E4-1F89-4F0D-ACCF-7EB736FD4AA2): 5
LogDevObjectVersion:   Dev-Build (E1C64328-A22C-4D53-A36C-8E866417BD8C): 0
LogDevObjectVersion:   Dev-Core (375EC13C-06E4-48FB-B500-84F0262A717E): 1
LogDevObjectVersion:   Dev-Editor (E4B068ED-F494-42E9-A231-DA0B2E46BB41): 6
LogDevObjectVersion:   Dev-Framework (CFFC743F-43B0-4480-9391-14DF171D2073): 12
LogDevObjectVersion:   Dev-Mobile (B02B49B5-BB20-44E9-A304-32B752E40360): 0
LogDevObjectVersion:   Dev-Networking (A4E4105C-59A1-49B5-A7C5-40C4547EDFEE): 0
LogDevObjectVersion:   Dev-Online (39C831C9-5AE6-47DC-9A44-9C173E1C8E7C): 0
LogDevObjectVersion:   Dev-Physics (78F01B33-EBEA-4F98-B9B4-84EACCB95AA2): 0
LogDevObjectVersion:   Dev-Platform (6631380F-2D4D-43E0-8009-CF276956A95A): 0
LogDevObjectVersion:   Dev-Rendering (12F88B9F-8875-4AFC-A67C-D90C383ABD29): 4
LogDevObjectVersion:   Dev-Sequencer (7B5AE74C-D270-4C10-A958-57980B212A5A): 0
LogDevObjectVersion:   Dev-VR (D7296918-1DD6-4BDD-9DE2-64A83CC13884): 0
LogInit: Compiled (64-bit): Oct 24 2016 14:29:06
LogInit: Compiled with Visual C++: 19.00.23026.00
LogInit: Build Configuration: Development
LogInit: Branch Name: ++UE4+Release-4.13
LogInit: Command line:  
LogInit: Base directory: C:/Program Files/Epic Games/UE_4.13/Engine/Binaries/Win64/
LogInit: Installed Engine Build: 1
LogInit: Presizing for max 8388607 objects, including 0 objects not considered by GC, pre-allocating 0 bytes for permanent pool.
LogInit: Object subsystem initialized
[2018.02.21-16.02.05:358][  0]LogInit: Selected Device Profile: [Windows]
[2018.02.21-16.02.05:359][  0]LogInit: Applying CVar settings loaded from the selected device profile: [Windows]
[2018.02.21-16.02.05:378][  0]LogInit: Computer: IPE-VR-G752VS
[2018.02.21-16.02.05:378][  0]LogInit: User: PDV
[2018.02.21-16.02.05:378][  0]LogInit: CPU Page size=65536, Cores=4
[2018.02.21-16.02.05:378][  0]LogInit: High frequency timer resolution =2.531254 MHz
[2018.02.21-16.02.05:378][  0]LogMemory: Memory total: Physical=15.9GB (16GB approx)
[2018.02.21-16.02.05:378][  0]LogMemory: Platform Memory Stats for Windows
[2018.02.21-16.02.05:378][  0]LogMemory: Process Physical Memory: 259.11 MB used, 259.11 MB peak
[2018.02.21-16.02.05:378][  0]LogMemory: Process Virtual Memory: 260.05 MB used, 260.05 MB peak
[2018.02.21-16.02.05:378][  0]LogMemory: Physical Memory: 5914.45 MB used, 16319.74 MB total
[2018.02.21-16.02.05:378][  0]LogMemory: Virtual Memory: 624.37 MB used, 134217728.00 MB total
[2018.02.21-16.02.05:997][  0]LogTextLocalizationManager: No translations for ('de-DE') exist, falling back to 'en' for localization and internationalization data.
[2018.02.21-16.02.07:066][  0]LogD3D11RHI: D3D11 adapters:
[2018.02.21-16.02.07:123][  0]LogD3D11RHI:    0. 'NVIDIA GeForce GTX 1070' (Feature Level 11_0)
[2018.02.21-16.02.07:123][  0]LogD3D11RHI:       8093/0/8159 MB DedicatedVideo/DedicatedSystem/SharedSystem, Outputs:1, VendorId:0x10de
[2018.02.21-16.02.07:125][  0]LogD3D11RHI:    1. 'Microsoft Basic Render Driver' (Feature Level 11_0)
[2018.02.21-16.02.07:125][  0]LogD3D11RHI:       0/0/8159 MB DedicatedVideo/DedicatedSystem/SharedSystem, Outputs:0, VendorId:0x1414
[2018.02.21-16.02.07:125][  0]LogD3D11RHI: Chosen D3D11 Adapter: 0
[2018.02.21-16.02.07:139][  0]LogD3D11RHI: Creating new Direct3DDevice
[2018.02.21-16.02.07:139][  0]LogD3D11RHI:     GPU DeviceId: 0x1be1 (for the marketing name, search the web for "GPU Device Id")
[2018.02.21-16.02.07:140][  0]LogWindows: EnumDisplayDevices:
[2018.02.21-16.02.07:140][  0]LogWindows:    0. 'NVIDIA GeForce GTX 1070' (P:1 D:1)
[2018.02.21-16.02.07:141][  0]LogWindows:    1. 'NVIDIA GeForce GTX 1070' (P:0 D:0)
[2018.02.21-16.02.07:142][  0]LogWindows:    2. 'NVIDIA GeForce GTX 1070' (P:0 D:0)
[2018.02.21-16.02.07:142][  0]LogWindows:    3. 'NVIDIA GeForce GTX 1070' (P:0 D:0)
[2018.02.21-16.02.07:142][  0]LogWindows: DebugString: FoundDriverCount:4 
[2018.02.21-16.02.07:142][  0]LogD3D11RHI:     Adapter Name: NVIDIA GeForce GTX 1070
[2018.02.21-16.02.07:142][  0]LogD3D11RHI:   Driver Version: 388.31 (internal:23.21.13.8831, unified:388.31)
[2018.02.21-16.02.07:142][  0]LogD3D11RHI:      Driver Date: 11-14-2017
[2018.02.21-16.02.07:142][  0]LogRHI: Texture pool is 1361 MB (70% of 1945 MB)
[2018.02.21-16.02.07:175][  0]LogD3D11RHI: Async texture creation enabled
[2018.02.21-16.02.07:188][  0]LogD3D11RHI: GPU Timing Frequency: 1000.000000 (Debug: 2 1)
[2018.02.21-16.02.07:188][  0]LogShaderCompilers: Guid format shader working directory is 13 characters bigger than the processId version (D:/UnrealProjects/vrkatrix7sml/Intermediate/Shaders/WorkingDirectory/19176/).
[2018.02.21-16.02.07:189][  0]LogShaderCompilers: Cleaned the shader compiler working directory 'C:/Users/PDV/AppData/Local/Temp/UnrealShaderWorkingDir/4658575D4BB71F9EC9A36BB2C73DA1E3/'.
[2018.02.21-16.02.07:189][  0]LogShaderCompilers:Display: Using Local Shader Compiler.
[2018.02.21-16.02.08:568][  0]LogTemp:Display: Loaded TP AllDesktopTargetPlatform
[2018.02.21-16.02.08:582][  0]LogTemp:Display: Loaded TP WindowsClientTargetPlatform
[2018.02.21-16.02.08:594][  0]LogTemp:Display: Loaded TP WindowsNoEditorTargetPlatform
[2018.02.21-16.02.08:604][  0]LogTemp:Display: Loaded TP WindowsServerTargetPlatform
[2018.02.21-16.02.08:613][  0]LogTemp:Display: Loaded TP WindowsTargetPlatform
[2018.02.21-16.02.08:623][  0]LogTemp:Display: Loaded TP AndroidTargetPlatform
[2018.02.21-16.02.08:633][  0]LogTemp:Display: Loaded TP Android_ASTCTargetPlatform
[2018.02.21-16.02.08:643][  0]LogTemp:Display: Loaded TP Android_ATCTargetPlatform
[2018.02.21-16.02.08:651][  0]LogTemp:Display: Loaded TP Android_DXTTargetPlatform
[2018.02.21-16.02.08:660][  0]LogTemp:Display: Loaded TP Android_ETC1TargetPlatform
[2018.02.21-16.02.08:669][  0]LogTemp:Display: Loaded TP Android_ETC2TargetPlatform
[2018.02.21-16.02.08:687][  0]LogTemp:Display: Loaded TP Android_MultiTargetPlatform
[2018.02.21-16.02.08:687][  0]LogTemp:Display: Loaded TP Android_PVRTCTargetPlatform
[2018.02.21-16.02.08:689][  0]LogTemp:Display: Loaded TP HTML5TargetPlatform
[2018.02.21-16.02.08:714][  0]LogTemp:Display: Loaded TP IOSTargetPlatform
[2018.02.21-16.02.08:724][  0]LogTemp:Display: Loaded TP TVOSTargetPlatform
[2018.02.21-16.02.08:734][  0]LogTemp:Display: Loaded TP LinuxClientTargetPlatform
[2018.02.21-16.02.08:744][  0]LogTemp:Display: Loaded TP LinuxNoEditorTargetPlatform
[2018.02.21-16.02.08:753][  0]LogTemp:Display: Loaded TP LinuxServerTargetPlatform
[2018.02.21-16.02.08:763][  0]LogTemp:Display: Loaded TP LinuxTargetPlatform
[2018.02.21-16.02.08:763][  0]LogTargetPlatformManager:Display: Building Assets For Windows
[2018.02.21-16.02.08:867][  0]LogDerivedDataCache:Display: Max Cache Size: 512 MB
[2018.02.21-16.02.08:986][  0]LogDerivedDataCache: Loaded boot cache 0.12s 101MB C:/Users/PDV/AppData/Local/UnrealEngine/4.13/DerivedDataCache/Boot.ddc.
[2018.02.21-16.02.08:987][  0]LogDerivedDataCache:Display: Loaded Boot cache: C:/Users/PDV/AppData/Local/UnrealEngine/4.13/DerivedDataCache/Boot.ddc
[2018.02.21-16.02.08:987][  0]LogDerivedDataCache: FDerivedDataBackendGraph:  Pak pak cache file D:/UnrealProjects/vrkatrix7sml/DerivedDataCache/DDC.ddp not found, will not use a pak cache.
[2018.02.21-16.02.08:987][  0]LogDerivedDataCache: Unable to find inner node Pak for hierarchical cache Hierarchy.
[2018.02.21-16.02.08:987][  0]LogDerivedDataCache: FDerivedDataBackendGraph:  CompressedPak pak cache file D:/UnrealProjects/vrkatrix7sml/DerivedDataCache/Compressed.ddp not found, will not use a pak cache.
[2018.02.21-16.02.08:987][  0]LogDerivedDataCache: Unable to find inner node CompressedPak for hierarchical cache Hierarchy.
[2018.02.21-16.02.09:007][  0]LogDerivedDataCache:Display: Pak cache opened for reading ../../../Engine/DerivedDataCache/Compressed.ddp.
[2018.02.21-16.02.09:021][  0]LogDerivedDataCache: Using Local data cache path C:/Users/PDV/AppData/Local/UnrealEngine/Common/DerivedDataCache: Writable
[2018.02.21-16.02.09:351][  0]LogInit: Selected Device Profile: [Windows]
[2018.02.21-16.02.09:354][  0]LogContentStreaming: Texture pool size is 0.00 MB
[2018.02.21-16.02.09:475][  0]LogMeshUtilities: No automatic mesh reduction module available
[2018.02.21-16.02.09:475][  0]LogMeshUtilities: No automatic mesh merging module available
[2018.02.21-16.02.09:475][  0]LogMeshUtilities: No distributed automatic mesh merging module available
[2018.02.21-16.02.09:571][  0]LogMaterial: Uniform references updated for custom material expression Custom.
[2018.02.21-16.02.09:951][  0]LogNetVersion: GetLocalNetworkVersion: CL: 3106830, ProjectName: vrkatrix7sml, ProjectVersion: , EngineNetworkVersion: 1, GameNetworkVersion: 0, NetworkChecksum: 938023604
[2018.02.21-16.02.09:996][  0]LogAssetRegistry: FAssetRegistry took 0.0213 seconds to start up
[2018.02.21-16.02.10:029][  0]LogPackageLocalizationCache: Processed 3 localized package path(s) for 1 prioritized culture(s) in 0.030305 seconds
[2018.02.21-16.02.10:036][  0]LogUObjectArray: 29778 objects as part of root set at end of initial load.
[2018.02.21-16.02.10:036][  0]LogUObjectAllocator: 6125456 out of 0 bytes used by permanent object pool.
[2018.02.21-16.02.10:036][  0]LogUObjectArray: CloseDisregardForGC: 0/0 objects in disregard for GC pool
[2018.02.21-16.02.10:043][  0]LogInit: WinSock: version 1.1 (2.2), MaxSocks=32767, MaxUdp=65467
[2018.02.21-16.02.10:348][  0]LogSlate: SlateFontCache - WITH_FREETYPE: 1, WITH_HARFBUZZ: 1
[2018.02.21-16.02.10:348][  0]LogSlate: SlateFontCache - WITH_FREETYPE: 1, WITH_HARFBUZZ: 1
[2018.02.21-16.02.11:492][  0]LogTcpMessaging: Initializing TcpMessaging bridge
[2018.02.21-16.02.11:516][  0]LogUdpMessaging: Initializing bridge on interface 0.0.0.0:0 to multicast group 230.0.0.1:6666.
[2018.02.21-16.02.11:986][  0]SourceControl: Info Source control is disabled
[2018.02.21-16.02.11:989][  0]SourceControl: Info Source control is disabled
[2018.02.21-16.02.12:001][  0]SourceControl: Info Source control is disabled
[2018.02.21-16.02.12:013][  0]SourceControl: Info Source control is disabled
[2018.02.21-16.02.12:411][  0]LogEngine: Initializing Engine...
[2018.02.21-16.02.13:029][  0]LogHMD: SteamVR initialized.  Driver: lighthouse  Display: LHR-93B68B81
[2018.02.21-16.02.13:213][  0]LogAIModule: Creating AISystem for world Untitled
[2018.02.21-16.02.13:269][  0]LogInit: XAudio2 using 'Lautsprecher (2- USB Audio Device)' : 2 channels at 44.1 kHz using 16 bits per sample (channel mask 0x3)
[2018.02.21-16.02.13:286][  0]LogInit: FAudioDevice initialized.
[2018.02.21-16.02.13:353][  0]LogDerivedDataCache: Saved boot cache 0.07s 101MB C:/Users/PDV/AppData/Local/UnrealEngine/4.13/DerivedDataCache/Boot.ddc.
[2018.02.21-16.02.13:372][  0]LogInit: Texture streaming: Enabled
[2018.02.21-16.02.13:408][  0]LogInit: Transaction tracking system initialized
[2018.02.21-16.02.13:431][  0]BlueprintLog: New page: Editor Load
[2018.02.21-16.02.13:523][  0]LocalizationService: Info Localization service is disabled
[2018.02.21-16.02.13:608][  0]LogConsoleResponse:Display: 
[2018.02.21-16.02.13:752][  0]LogCook:Display: Max memory allowance for cook 16384mb min free memory 0mb
[2018.02.21-16.02.13:752][  0]LogCook:Display: Mobile HDR setting 0
[2018.02.21-16.02.13:945][  0]LogFileCache: Scanning file cache for directory 'D:/UnrealProjects/vrkatrix7sml/Content/' took 0.02s
[2018.02.21-16.02.13:945][  0]SourceControl: Info Source control is disabled
[2018.02.21-16.02.13:945][  0]Cmd: MAP LOAD FILE="D:/UnrealProjects/vrkatrix7sml/Content/VirtualRealityBP/Maps/HMDLocomotionMap.umap" TEMPLATE=0 SHOWPROGRESS=1 FEATURELEVEL=3
[2018.02.21-16.02.13:987][  0]LightingResults: New page: Lighting Build
[2018.02.21-16.02.13:990][  0]MapCheck: New page: Map Check
[2018.02.21-16.02.13:990][  0]LightingResults: New page: Lighting Build
[2018.02.21-16.02.15:781][  0]LogStaticMesh: Building static mesh katrix42v7_1_fpd_boden_1_um_katrin_halle...
[2018.02.21-16.02.15:793][  0]LogStaticMesh: Built static mesh [0.01s] /Game/Geometry/katrin_test/katrix42v7_1_fpd_boden_1_um_katrin_halle.katrix42v7_1_fpd_boden_1_um_katrin_halle
[2018.02.21-16.02.15:795][  0]LogMaterial: Missing cached shader map for material Dark_Green_000, compiling. 
[2018.02.21-16.02.15:863][  0]LogTexture:Display: Building textures: Grass0126_2_S (AutoDXT)
[2018.02.21-16.02.16:803][  0]LogTexture:Display: Building textures: cloud_512_A_TILED (AutoDXT)
[2018.02.21-16.02.16:917][  0]LogTexture:Display: Building textures: cloud1_256_TILED (AutoDXT)
[2018.02.21-16.02.16:954][  0]LogMaterial: Missing cached shader map for material BodenGrass-Material, compiling. 
[2018.02.21-16.02.17:011][  0]LogMaterial:Warning: Failed to compile Material /Game/Geometry/katrin_test/BodenGrass-Material.BodenGrass-Material for platform PCD3D_SM5, Default Material will be used in game.
[2018.02.21-16.02.17:011][  0]LogMaterial:Warning: 	(Node TextureSample) TextureSample> Sampler type is Normal, should be Color for /Game/Geometry/katrin_test/Grass0126_2_S.Grass0126_2_S
[2018.02.21-16.02.17:020][  0]LogMaterial: Missing cached shader map for material Clear___Green_1_000, compiling. 
[2018.02.21-16.02.17:042][  0]LogStaticMesh: Building static mesh Boden-Box_Brush12_StaticMesh...
[2018.02.21-16.02.17:042][  0]LogMeshUtilities: Invalid vertex normals found for mesh. Forcing recomputation of vertex normals for MikkTSpace. Fix mesh or disable "Use MikkTSpace Tangent Space" to avoid forced recomputation of normals.
[2018.02.21-16.02.17:045][  0]LogStaticMesh: Built static mesh [0.00s] /Game/Geometry/katrin_test/Boden-Box_Brush12_StaticMesh.Boden-Box_Brush12_StaticMesh
[2018.02.21-16.02.17:046][  0]LogStaticMesh: Building static mesh katrix42v7_1_fpd_boden_1...
[2018.02.21-16.02.17:087][  0]LogStaticMesh: Built static mesh [0.04s] /Game/Geometry/katrin_test/katrix42v7_1_fpd_boden_1.katrix42v7_1_fpd_boden_1
[2018.02.21-16.02.17:091][  0]LogMaterial: Missing cached shader map for material Glossy___Gold_000, compiling. 
[2018.02.21-16.02.17:112][  0]LogMaterial: Missing cached shader map for material Clear___Yellow_000, compiling. 
[2018.02.21-16.02.17:132][  0]LogMaterial: Missing cached shader map for material Clear___Blue_000, compiling. 
[2018.02.21-16.02.17:152][  0]LogStaticMesh: Building static mesh katrix42v7_1_fpd_MainSpectrometer_Gebaeude-mit-aussenspule...
[2018.02.21-16.02.19:912][  0]LogStaticMesh: Built static mesh [2.76s] /Game/Geometry/katrin_test/katrix42v7_1_fpd_MainSpectrometer_Gebaeude-mit-aussenspule.katrix42v7_1_fpd_MainSpectrometer_Gebaeude-mit-aussenspule
[2018.02.21-16.02.19:926][  0]LogMaterial: Missing cached shader map for material Orange__blass__002, compiling. 
[2018.02.21-16.02.19:948][  0]LogStaticMesh: Building static mesh katrix42v7_1_fpd_MainSpectrometer_Gebaeude-Braune-Lueftung...
[2018.02.21-16.02.20:305][  0]LogStaticMesh: Built static mesh [0.36s] /Game/Geometry/katrin_test/katrix42v7_1_fpd_MainSpectrometer_Gebaeude-Braune-Lueftung.katrix42v7_1_fpd_MainSpectrometer_Gebaeude-Braune-Lueftung
[2018.02.21-16.02.20:309][  0]LogMaterial: Missing cached shader map for material Default_004, compiling. 
[2018.02.21-16.02.20:332][  0]LogStaticMesh: Building static mesh katrix42v7_1_fpd_MainSpectrometer_Aussenspule_Aircoils_Gestell...
[2018.02.21-16.02.20:743][  0]LogStaticMesh: Built static mesh [0.41s] /Game/Geometry/katrin_test/katrix42v7_1_fpd_MainSpectrometer_Aussenspule_Aircoils_Gestell.katrix42v7_1_fpd_MainSpectrometer_Aussenspule_Aircoils_Gestell
[2018.02.21-16.02.20:748][  0]LogMaterial: Missing cached shader map for material Light_Red_000, compiling. 
[2018.02.21-16.02.20:768][  0]LogStaticMesh: Building static mesh katrix42v7_1_fpd_MainSpectrometer_Aussenspule_Aircoils...
[2018.02.21-16.02.26:711][  0]LogStaticMesh: Built static mesh [5.94s] /Game/Geometry/katrin_test/katrix42v7_1_fpd_MainSpectrometer_Aussenspule_Aircoils.katrix42v7_1_fpd_MainSpectrometer_Aussenspule_Aircoils
[2018.02.21-16.02.26:718][  0]LogMaterial: Missing cached shader map for material Steel_Blue, compiling. 
[2018.02.21-16.02.26:737][  0]LogStaticMesh: Building static mesh katrix42v7_1_fpd_Layer_0_ncl1_4...
[2018.02.21-16.02.26:771][  0]LogStaticMesh: Built static mesh [0.03s] /Game/Geometry/katrin_test/katrix42v7_1_fpd_Layer_0_ncl1_4.katrix42v7_1_fpd_Layer_0_ncl1_4
[2018.02.21-16.02.26:771][  0]LogStaticMesh: Building static mesh katrix42v7_1_fpd_Layer_0_ncl1_21...
[2018.02.21-16.02.27:013][  0]LogStaticMesh: Built static mesh [0.24s] /Game/Geometry/katrin_test/katrix42v7_1_fpd_Layer_0_ncl1_21.katrix42v7_1_fpd_Layer_0_ncl1_21
[2018.02.21-16.02.27:016][  0]LogMaterial: Missing cached shader map for material Metall_1400F__rot__000, compiling. 
[2018.02.21-16.02.27:035][  0]LogStaticMesh: Building static mesh katrix42v7_1_fpd_Haupttor-Ost-Layer_0_ncl1_1...
[2018.02.21-16.02.27:039][  0]LogStaticMesh: Built static mesh [0.00s] /Game/Geometry/katrin_test/katrix42v7_1_fpd_Haupttor-Ost-Layer_0_ncl1_1.katrix42v7_1_fpd_Haupttor-Ost-Layer_0_ncl1_1
[2018.02.21-16.02.27:039][  0]LogStaticMesh: Building static mesh katrix42v7_1_fpd_FPD_WaferAussen_gross-unused...
[2018.02.21-16.02.27:040][  0]LogStaticMesh: Built static mesh [0.00s] /Game/Geometry/katrin_test/katrix42v7_1_fpd_FPD_WaferAussen_gross-unused.katrix42v7_1_fpd_FPD_WaferAussen_gross-unused
[2018.02.21-16.02.27:043][  0]LogMaterial: Missing cached shader map for material FPD_Wafer-aussenMaterial_033, compiling. 
[2018.02.21-16.02.27:064][  0]LogStaticMesh: Building static mesh katrix42v7_1_fpd_FPD_WaferAussen...
[2018.02.21-16.02.27:065][  0]LogStaticMesh: Built static mesh [0.00s] /Game/Geometry/katrin_test/katrix42v7_1_fpd_FPD_WaferAussen.katrix42v7_1_fpd_FPD_WaferAussen
[2018.02.21-16.02.27:065][  0]LogStaticMesh: Building static mesh katrix42v7_1_fpd_FPD_Wafer-Texture_gross-unused...
[2018.02.21-16.02.27:067][  0]LogStaticMesh: Built static mesh [0.00s] /Game/Geometry/katrin_test/katrix42v7_1_fpd_FPD_Wafer-Texture_gross-unused.katrix42v7_1_fpd_FPD_Wafer-Texture_gross-unused
[2018.02.21-16.02.27:081][  0]LogTexture:Display: Building textures: fpd-a-ohne-rand3 (BGRA8)
[2018.02.21-16.02.27:172][  0]LogMaterial: Missing cached shader map for material fpd-a-ohne-rand2, compiling. 
[2018.02.21-16.02.27:195][  0]LogStaticMesh: Building static mesh katrix42v7_1_fpd_FPD_Wafer-Texture...
[2018.02.21-16.02.27:198][  0]LogStaticMesh: Built static mesh [0.00s] /Game/Geometry/katrin_test/katrix42v7_1_fpd_FPD_Wafer-Texture.katrix42v7_1_fpd_FPD_Wafer-Texture
[2018.02.21-16.02.27:201][  0]LogMaterial: Missing cached shader map for material Material_033, compiling. 
[2018.02.21-16.02.27:223][  0]LogStaticMesh: Building static mesh katrix42v7_1_fpd_FPD_Wafer-ohne-Rand...
[2018.02.21-16.02.27:905][  0]LogStaticMesh: Built static mesh [0.68s] /Game/Geometry/katrin_test/katrix42v7_1_fpd_FPD_Wafer-ohne-Rand.katrix42v7_1_fpd_FPD_Wafer-ohne-Rand
[2018.02.21-16.02.27:910][  0]LogMaterial: Missing cached shader map for material Default_005, compiling. 
[2018.02.21-16.02.27:932][  0]LogStaticMesh: Building static mesh katrix42v7_1_fpd_FPD_schienen...
[2018.02.21-16.02.28:032][  0]LogStaticMesh: Built static mesh [0.10s] /Game/Geometry/katrin_test/katrix42v7_1_fpd_FPD_schienen.katrix42v7_1_fpd_FPD_schienen
[2018.02.21-16.02.28:035][  0]LogMaterial: Missing cached shader map for material FPD_neu_MagnetSued_material_7, compiling. 
[2018.02.21-16.02.28:056][  0]LogStaticMesh: Building static mesh katrix42v7_1_fpd_FPD_neu-MagnetSued...
[2018.02.21-16.02.28:233][  0]LogStaticMesh: Built static mesh [0.18s] /Game/Geometry/katrin_test/katrix42v7_1_fpd_FPD_neu-MagnetSued.katrix42v7_1_fpd_FPD_neu-MagnetSued
[2018.02.21-16.02.28:238][  0]LogMaterial: Missing cached shader map for material Smooth___Dark_Forest_Green_003, compiling. 
[2018.02.21-16.02.28:263][  0]LogStaticMesh: Building static mesh katrix42v7_1_fpd_FPD_neu-MagnetNord...
[2018.02.21-16.02.28:348][  0]LogStaticMesh: Built static mesh [0.09s] /Game/Geometry/katrin_test/katrix42v7_1_fpd_FPD_neu-MagnetNord.katrix42v7_1_fpd_FPD_neu-MagnetNord
[2018.02.21-16.02.28:348][  0]LogStaticMesh: Building static mesh katrix42v7_1_fpd_FPD_neu-HV-Box...
[2018.02.21-16.02.28:631][  0]LogStaticMesh: Built static mesh [0.28s] /Game/Geometry/katrin_test/katrix42v7_1_fpd_FPD_neu-HV-Box.katrix42v7_1_fpd_FPD_neu-HV-Box
[2018.02.21-16.02.28:635][  0]LogMaterial: Missing cached shader map for material Light_Beige, compiling. 
[2018.02.21-16.02.28:660][  0]LogStaticMesh: Building static mesh katrix42v7_1_fpd_FPD_neu-Gestell...
[2018.02.21-16.02.29:761][  0]LogStaticMesh: Built static mesh [1.10s] /Game/Geometry/katrin_test/katrix42v7_1_fpd_FPD_neu-Gestell.katrix42v7_1_fpd_FPD_neu-Gestell
[2018.02.21-16.02.29:763][  0]LogStaticMesh: Building static mesh katrix42v7_1_fpd_FPD_neu-CryoPartBig-T_Zyl-rm-nachmodelliert...
[2018.02.21-16.02.29:978][  0]LogStaticMesh: Built static mesh [0.22s] /Game/Geometry/katrin_test/katrix42v7_1_fpd_FPD_neu-CryoPartBig-T_Zyl-rm-nachmodelliert.katrix42v7_1_fpd_FPD_neu-CryoPartBig-T_Zyl-rm-nachmodelliert
[2018.02.21-16.02.29:980][  0]LogStaticMesh: Building static mesh katrix42v7_1_fpd_FPD_neu-CryoPartBig-T...
[2018.02.21-16.02.30:721][  0]LogStaticMesh: Built static mesh [0.74s] /Game/Geometry/katrin_test/katrix42v7_1_fpd_FPD_neu-CryoPartBig-T.katrix42v7_1_fpd_FPD_neu-CryoPartBig-T
[2018.02.21-16.02.30:722][  0]LogStaticMesh: Building static mesh katrix42v7_1_fpd_FPD_neu-Cryo-Part_Zyl+Rings-rm-nachmodelliert...
[2018.02.21-16.02.31:528][  0]LogStaticMesh: Built static mesh [0.81s] /Game/Geometry/katrin_test/katrix42v7_1_fpd_FPD_neu-Cryo-Part_Zyl+Rings-rm-nachmodelliert.katrix42v7_1_fpd_FPD_neu-Cryo-Part_Zyl+Rings-rm-nachmodelliert
[2018.02.21-16.02.31:532][  0]LogMaterial: Missing cached shader map for material FPD_neu_HV+Cryo_material_1_transparent, compiling. 
[2018.02.21-16.02.31:552][  0]LogStaticMesh: Building static mesh katrix42v7_1_fpd_FPD_neu-Cryo-Part-Zylinder_long_transparent_x-ray...
[2018.02.21-16.02.31:565][  0]LogStaticMesh: Built static mesh [0.01s] /Game/Geometry/katrin_test/katrix42v7_1_fpd_FPD_neu-Cryo-Part-Zylinder_long_transparent_x-ray.katrix42v7_1_fpd_FPD_neu-Cryo-Part-Zylinder_long_transparent_x-ray
[2018.02.21-16.02.31:566][  0]LogStaticMesh: Building static mesh katrix42v7_1_fpd_FPD_neu-Cryo-Part-Zylinder_long...
[2018.02.21-16.02.31:578][  0]LogStaticMesh: Built static mesh [0.01s] /Game/Geometry/katrin_test/katrix42v7_1_fpd_FPD_neu-Cryo-Part-Zylinder_long.katrix42v7_1_fpd_FPD_neu-Cryo-Part-Zylinder_long
[2018.02.21-16.02.31:579][  0]LogStaticMesh: Building static mesh katrix42v7_1_fpd_FPD_neu-Cryo-Part-Zylinder...
[2018.02.21-16.02.31:589][  0]LogStaticMesh: Built static mesh [0.01s] /Game/Geometry/katrin_test/katrix42v7_1_fpd_FPD_neu-Cryo-Part-Zylinder.katrix42v7_1_fpd_FPD_neu-Cryo-Part-Zylinder
[2018.02.21-16.02.31:590][  0]LogStaticMesh: Building static mesh katrix42v7_1_fpd_FPD_neu-Cryo-Part-Zilynder-neu...
[2018.02.21-16.02.31:596][  0]LogStaticMesh: Built static mesh [0.01s] /Game/Geometry/katrin_test/katrix42v7_1_fpd_FPD_neu-Cryo-Part-Zilynder-neu.katrix42v7_1_fpd_FPD_neu-Cryo-Part-Zilynder-neu
[2018.02.21-16.02.31:599][  0]LogMaterial: Missing cached shader map for material FPD_neu_HV+Cryo_material_1, compiling. 
[2018.02.21-16.02.31:621][  0]LogStaticMesh: Building static mesh katrix42v7_1_fpd_FPD_neu-Cryo-Part...
[2018.02.21-16.02.32:644][  0]LogStaticMesh: Built static mesh [1.02s] /Game/Geometry/katrin_test/katrix42v7_1_fpd_FPD_neu-Cryo-Part.katrix42v7_1_fpd_FPD_neu-Cryo-Part
[2018.02.21-16.02.32:653][  0]LogTexture:Display: Building textures: rayglow3 (AutoDXT)
[2018.02.21-16.02.32:740][  0]LogMaterial: Missing cached shader map for material Mat_electron_tex, compiling. 
[2018.02.21-16.02.32:761][  0]LogStaticMesh: Building static mesh katrix42v7_1_fpd_electron_tex...
[2018.02.21-16.02.32:763][  0]LogStaticMesh: Built static mesh [0.00s] /Game/Geometry/katrin_test/katrix42v7_1_fpd_electron_tex.katrix42v7_1_fpd_electron_tex
[2018.02.21-16.02.32:763][  0]LogStaticMesh: Building static mesh katrix42v7_1_fpd_electron...
[2018.02.21-16.02.32:765][  0]LogStaticMesh: Built static mesh [0.00s] /Game/Geometry/katrin_test/katrix42v7_1_fpd_electron.katrix42v7_1_fpd_electron
[2018.02.21-16.02.32:765][  0]LogStaticMesh: Building static mesh katrix42v7_1_fpd_efeld_tex-plane_001...
[2018.02.21-16.02.32:767][  0]LogStaticMesh: Built static mesh [0.00s] /Game/Geometry/katrin_test/katrix42v7_1_fpd_efeld_tex-plane_001.katrix42v7_1_fpd_efeld_tex-plane_001
[2018.02.21-16.02.32:870][  0]LogTexture:Display: Building textures: lensflares1_MULTI (AutoDXT)
[2018.02.21-16.02.33:110][  0]LogMaterial: Missing cached shader map for material EFeld-Mat-Tex, compiling. 
[2018.02.21-16.02.33:131][  0]LogStaticMesh: Building static mesh katrix42v7_1_fpd_efeld_tex-plane...
[2018.02.21-16.02.33:132][  0]LogStaticMesh: Built static mesh [0.00s] /Game/Geometry/katrin_test/katrix42v7_1_fpd_efeld_tex-plane.katrix42v7_1_fpd_efeld_tex-plane
[2018.02.21-16.02.33:133][  0]LogStaticMesh: Building static mesh katrix42v7_1_fpd_Cylinder...
[2018.02.21-16.02.33:134][  0]LogStaticMesh: Built static mesh [0.00s] /Game/Geometry/katrin_test/katrix42v7_1_fpd_Cylinder.katrix42v7_1_fpd_Cylinder
[2018.02.21-16.02.33:135][  0]LogStaticMesh: Building static mesh katrix42v7_1_fpd_Cube_027...
[2018.02.21-16.02.33:135][  0]LogStaticMesh: Built static mesh [0.00s] /Game/Geometry/katrin_test/katrix42v7_1_fpd_Cube_027.katrix42v7_1_fpd_Cube_027
[2018.02.21-16.02.33:136][  0]LogStaticMesh: Building static mesh katrix42v7_1_fpd_Cube_013...
[2018.02.21-16.02.33:138][  0]LogStaticMesh: Built static mesh [0.00s] /Game/Geometry/katrin_test/katrix42v7_1_fpd_Cube_013.katrix42v7_1_fpd_Cube_013
[2018.02.21-16.02.33:139][  0]LogStaticMesh: Building static mesh katrix42v7_1_fpd_Cube_012...
[2018.02.21-16.02.33:140][  0]LogStaticMesh: Built static mesh [0.00s] /Game/Geometry/katrin_test/katrix42v7_1_fpd_Cube_012.katrix42v7_1_fpd_Cube_012
[2018.02.21-16.02.33:141][  0]LogStaticMesh: Building static mesh katrix42v7_1_fpd_Cube_009...
[2018.02.21-16.02.33:142][  0]LogStaticMesh: Built static mesh [0.00s] /Game/Geometry/katrin_test/katrix42v7_1_fpd_Cube_009.katrix42v7_1_fpd_Cube_009
[2018.02.21-16.02.33:145][  0]LogMaterial: Missing cached shader map for material Blue___Wall_Paint___Glossy_ncl1_2, compiling. 
[2018.02.21-16.02.33:169][  0]LogStaticMesh: Building static mesh katrix42v7_1_fpd_CPS-PS-Torgeruest-Layer_0_ncl1_27...
[2018.02.21-16.02.33:866][  0]LogStaticMesh: Built static mesh [0.70s] /Game/Geometry/katrin_test/katrix42v7_1_fpd_CPS-PS-Torgeruest-Layer_0_ncl1_27.katrix42v7_1_fpd_CPS-PS-Torgeruest-Layer_0_ncl1_27
[2018.02.21-16.02.33:870][  0]LogMaterial: Missing cached shader map for material Sky_Blue_Medium_001, compiling. 
[2018.02.21-16.02.33:891][  0]LogStaticMesh: Building static mesh katrix42v7_1_fpd_CPS-PS-Torgeruest-Layer_0_006...
[2018.02.21-16.02.35:735][  0]LogStaticMesh: Built static mesh [1.84s] /Game/Geometry/katrin_test/katrix42v7_1_fpd_CPS-PS-Torgeruest-Layer_0_006.katrix42v7_1_fpd_CPS-PS-Torgeruest-Layer_0_006
[2018.02.21-16.02.35:740][  0]LogMaterial: Missing cached shader map for material Default, compiling. 
[2018.02.21-16.02.35:761][  0]LogStaticMesh: Building static mesh katrix42v7_1_fpd_CPS-Bau-Leiter-Layer_0_ncl1_20_003...
[2018.02.21-16.02.35:787][  0]LogStaticMesh: Built static mesh [0.03s] /Game/Geometry/katrin_test/katrix42v7_1_fpd_CPS-Bau-Leiter-Layer_0_ncl1_20_003.katrix42v7_1_fpd_CPS-Bau-Leiter-Layer_0_ncl1_20_003
[2018.02.21-16.02.35:854][  0]LogTexture:Display: Building textures: BuildingsHighRise0522_13_S-tiled (AutoDXT)
[2018.02.21-16.02.36:331][  0]LogMaterial: Missing cached shader map for material Material_042, compiling. 
[2018.02.21-16.02.36:351][  0]LogStaticMesh: Building static mesh katrix42v7_1_fpd_campus-geb-462...
[2018.02.21-16.02.36:354][  0]LogStaticMesh: Built static mesh [0.00s] /Game/Geometry/katrin_test/katrix42v7_1_fpd_campus-geb-462.katrix42v7_1_fpd_campus-geb-462
[2018.02.21-16.02.36:357][  0]LogMaterial: Missing cached shader map for material Material_041, compiling. 
[2018.02.21-16.02.36:380][  0]LogStaticMesh: Building static mesh katrix42v7_1_fpd_campus-geb-461...
[2018.02.21-16.02.36:383][  0]LogStaticMesh: Built static mesh [0.00s] /Game/Geometry/katrin_test/katrix42v7_1_fpd_campus-geb-461.katrix42v7_1_fpd_campus-geb-461
[2018.02.21-16.02.36:386][  0]LogMaterial: Missing cached shader map for material Blau__Chrom_, compiling. 
[2018.02.21-16.02.36:407][  0]LogStaticMesh: Building static mesh katrix42v7_1_fpd_campus-geb-460verbindung462...
[2018.02.21-16.02.36:407][  0]LogStaticMesh: Built static mesh [0.00s] /Game/Geometry/katrin_test/katrix42v7_1_fpd_campus-geb-460verbindung462.katrix42v7_1_fpd_campus-geb-460verbindung462
[2018.02.21-16.02.36:428][  0]LogTexture:Display: Building textures: ConcreteNew0047_2_S-tiled (AutoDXT)
[2018.02.21-16.02.36:869][  0]LogMaterial: Missing cached shader map for material Material_037, compiling. 
[2018.02.21-16.02.36:891][  0]LogStaticMesh: Building static mesh katrix42v7_1_fpd_campus-GEB-457-1...
[2018.02.21-16.02.36:906][  0]LogStaticMesh: Built static mesh [0.02s] /Game/Geometry/katrin_test/katrix42v7_1_fpd_campus-GEB-457-1.katrix42v7_1_fpd_campus-GEB-457-1
[2018.02.21-16.02.36:909][  0]LogMaterial: Missing cached shader map for material Material_038, compiling. 
[2018.02.21-16.02.36:933][  0]LogStaticMesh: Building static mesh katrix42v7_1_fpd_campus-geb-457...
[2018.02.21-16.02.40:760][  0]LogStaticMesh: Built static mesh [3.83s] /Game/Geometry/katrin_test/katrix42v7_1_fpd_campus-geb-457.katrix42v7_1_fpd_campus-geb-457
[2018.02.21-16.02.40:765][  0]LogMaterial: Missing cached shader map for material MobSU-DarkGrey-mat, compiling. 
[2018.02.21-16.02.40:789][  0]LogStaticMesh: Building static mesh katrix42v7_1_fpd_MainSpectrometer_Gebaeude-Violette-Lueftung...
[2018.02.21-16.02.42:009][  0]LogStaticMesh: Built static mesh [1.22s] /Game/Geometry/katrin_test/katrix42v7_1_fpd_MainSpectrometer_Gebaeude-Violette-Lueftung.katrix42v7_1_fpd_MainSpectrometer_Gebaeude-Violette-Lueftung
[2018.02.21-16.02.42:013][  0]LogMaterial: Missing cached shader map for material Cadet_Blue_002, compiling. 
[2018.02.21-16.02.42:033][  0]LogStaticMesh: Building static mesh katrix42v7_1_fpd_MainSpectrometer_Gebaeude-mit-aussenspule_HV-Boxen-keller-tuerk...
[2018.02.21-16.02.42:038][  0]LogStaticMesh: Built static mesh [0.01s] /Game/Geometry/katrin_test/katrix42v7_1_fpd_MainSpectrometer_Gebaeude-mit-aussenspule_HV-Boxen-keller-tuerk.katrix42v7_1_fpd_MainSpectrometer_Gebaeude-mit-aussenspule_HV-Boxen-keller-tuerk
[2018.02.21-16.02.42:041][  0]LogMaterial: Missing cached shader map for material White_000, compiling. 
[2018.02.21-16.02.42:065][  0]LogMaterial: Missing cached shader map for material Wheat_002, compiling. 
[2018.02.21-16.02.42:090][  0]LogMaterial: Missing cached shader map for material Weld___Brass_000, compiling. 
[2018.02.21-16.02.42:114][  0]LogMaterial: Missing cached shader map for material Turquoise_002, compiling. 
[2018.02.21-16.02.42:138][  0]LogMaterial: Missing cached shader map for material Smooth___Yellow_000, compiling. 
[2018.02.21-16.02.42:163][  0]LogMaterial: Missing cached shader map for material Smooth___Purple_002, compiling. 
[2018.02.21-16.02.42:187][  0]LogMaterial: Missing cached shader map for material Smooth___Ivory_000, compiling. 
[2018.02.21-16.02.42:212][  0]LogMaterial: Missing cached shader map for material Smooth___Dark_Sea_Green_000, compiling. 
[2018.02.21-16.02.42:236][  0]LogMaterial: Missing cached shader map for material Rot__hell__000, compiling. 
[2018.02.21-16.02.42:260][  0]LogMaterial: Missing cached shader map for material Red__Flat__000, compiling. 
[2018.02.21-16.02.42:286][  0]LogMaterial: Missing cached shader map for material Red_002, compiling. 
[2018.02.21-16.02.42:312][  0]LogMaterial: Missing cached shader map for material Pink_000, compiling. 
[2018.02.21-16.02.42:336][  0]LogMaterial: Missing cached shader map for material Nylon_6_000, compiling. 
[2018.02.21-16.02.42:363][  0]LogMaterial: Missing cached shader map for material Material_028, compiling. 
[2018.02.21-16.02.42:387][  0]LogMaterial: Missing cached shader map for material Magenta_000, compiling. 
[2018.02.21-16.02.42:411][  0]LogMaterial: Missing cached shader map for material Light_Beige_002, compiling. 
[2018.02.21-16.02.42:435][  0]LogMaterial: Missing cached shader map for material Kolibriblau_000, compiling. 
[2018.02.21-16.02.42:459][  0]LogMaterial: Missing cached shader map for material Gunmetal_000, compiling. 
[2018.02.21-16.02.42:482][  0]LogMaterial: Missing cached shader map for material Grün__kryptonisiert__000, compiling. 
[2018.02.21-16.02.42:591][  0]LogTexture:Display: Building textures: luftbild-Trees0053_1_S_tile (BGRA8)
[2018.02.21-16.02.42:690][  0]LogMaterial: Missing cached shader map for material Welt-Ebene-Material, compiling. 
[2018.02.21-16.02.42:712][  0]LogStaticMesh: Building static mesh katrix42v7_1_fpd_Welt-Ebene...
[2018.02.21-16.02.42:713][  0]LogStaticMesh: Built static mesh [0.00s] /Game/Geometry/katrin_test/katrix42v7_1_fpd_Welt-Ebene.katrix42v7_1_fpd_Welt-Ebene
[2018.02.21-16.02.42:713][  0]LogStaticMesh: Building static mesh katrix42v7_1_fpd_TritiumSource_Gebaeude...
[2018.02.21-16.02.43:095][  0]LogStaticMesh: Built static mesh [0.38s] /Game/Geometry/katrin_test/katrix42v7_1_fpd_TritiumSource_Gebaeude.katrix42v7_1_fpd_TritiumSource_Gebaeude
[2018.02.21-16.02.43:099][  0]LogMaterial: Missing cached shader map for material Mat_TritSource_ZylinderTransparent, compiling. 
[2018.02.21-16.02.43:120][  0]LogStaticMesh: Building static mesh katrix42v7_1_fpd_TritiumSource_004_Zylinder_ohneGest_Transparent...
[2018.02.21-16.02.43:126][  0]LogStaticMesh: Built static mesh [0.01s] /Game/Geometry/katrin_test/katrix42v7_1_fpd_TritiumSource_004_Zylinder_ohneGest_Transparent.katrix42v7_1_fpd_TritiumSource_004_Zylinder_ohneGest_Transparent
[2018.02.21-16.02.43:130][  0]LogMaterial: Missing cached shader map for material Mat_TritSource_Zylinder, compiling. 
[2018.02.21-16.02.43:154][  0]LogStaticMesh: Building static mesh katrix42v7_1_fpd_TritiumSource_004_Zylinder_ohneGest_Opaque...
[2018.02.21-16.02.43:160][  0]LogStaticMesh: Built static mesh [0.01s] /Game/Geometry/katrin_test/katrix42v7_1_fpd_TritiumSource_004_Zylinder_ohneGest_Opaque.katrix42v7_1_fpd_TritiumSource_004_Zylinder_ohneGest_Opaque
[2018.02.21-16.02.43:160][  0]LogStaticMesh: Building static mesh katrix42v7_1_fpd_TritiumSource_004_Zylinder_EndCaps...
[2018.02.21-16.02.43:322][  0]LogStaticMesh: Built static mesh [0.16s] /Game/Geometry/katrin_test/katrix42v7_1_fpd_TritiumSource_004_Zylinder_EndCaps.katrix42v7_1_fpd_TritiumSource_004_Zylinder_EndCaps
[2018.02.21-16.02.43:327][  0]LogMaterial: Missing cached shader map for material Material_026, compiling. 
[2018.02.21-16.02.43:347][  0]LogStaticMesh: Building static mesh katrix42v7_1_fpd_TritiumSource_003_Gestell...
[2018.02.21-16.02.43:390][  0]LogStaticMesh: Built static mesh [0.04s] /Game/Geometry/katrin_test/katrix42v7_1_fpd_TritiumSource_003_Gestell.katrix42v7_1_fpd_TritiumSource_003_Gestell
[2018.02.21-16.02.43:391][  0]LogStaticMesh: Building static mesh katrix42v7_1_fpd_TritiumGeb-Bodendeckel...
[2018.02.21-16.02.43:393][  0]LogStaticMesh: Built static mesh [0.00s] /Game/Geometry/katrin_test/katrix42v7_1_fpd_TritiumGeb-Bodendeckel.katrix42v7_1_fpd_TritiumGeb-Bodendeckel
[2018.02.21-16.02.43:394][  0]LogStaticMesh: Building static mesh katrix42v7_1_fpd_TritiumFlow1_Plane_011...
[2018.02.21-16.02.43:396][  0]LogStaticMesh: Built static mesh [0.00s] /Game/Geometry/katrin_test/katrix42v7_1_fpd_TritiumFlow1_Plane_011.katrix42v7_1_fpd_TritiumFlow1_Plane_011
[2018.02.21-16.02.43:482][  0]LogTexture:Display: Building textures: ANI_MagicflowSoft_8x8 (AutoDXT)
[2018.02.21-16.02.44:149][  0]LogMaterial: Missing cached shader map for material Mat_TritiumFlow, compiling. 
[2018.02.21-16.02.44:170][  0]LogStaticMesh: Building static mesh katrix42v7_1_fpd_TritiumFlow1_Plane_002...
[2018.02.21-16.02.44:172][  0]LogStaticMesh: Built static mesh [0.00s] /Game/Geometry/katrin_test/katrix42v7_1_fpd_TritiumFlow1_Plane_002.katrix42v7_1_fpd_TritiumFlow1_Plane_002
[2018.02.21-16.02.44:175][  0]LogMaterial: Missing cached shader map for material Dark_Gray, compiling. 
[2018.02.21-16.02.44:197][  0]LogStaticMesh: Building static mesh katrix42v7_1_fpd_Transportsection_Zwischenboden+Luft...
[2018.02.21-16.02.44:716][  0]LogStaticMesh: Built static mesh [0.52s] /Game/Geometry/katrin_test/katrix42v7_1_fpd_Transportsection_Zwischenboden+Luft.katrix42v7_1_fpd_Transportsection_Zwischenboden+Luft
[2018.02.21-16.02.44:720][  0]LogMaterial: Missing cached shader map for material Glossy___Black, compiling. 
[2018.02.21-16.02.44:742][  0]LogStaticMesh: Building static mesh katrix42v7_1_fpd_TransportSection_Schrank-blau-Layer_0_ncl1_11...
[2018.02.21-16.02.44:771][  0]LogStaticMesh: Built static mesh [0.03s] /Game/Geometry/katrin_test/katrix42v7_1_fpd_TransportSection_Schrank-blau-Layer_0_ncl1_11.katrix42v7_1_fpd_TransportSection_Schrank-blau-Layer_0_ncl1_11
[2018.02.21-16.02.44:822][  0]LogTexture:Display: Building textures: 20140618_113647_MS_AussenwandGelb_tiles (AutoDXT)
[2018.02.21-16.02.44:922][  0]LogMaterial: Missing cached shader map for material Machined___Aluminum_mit_Textur, compiling. 
[2018.02.21-16.02.44:944][  0]LogMaterial: Missing cached shader map for material Machined___Aluminum, compiling. 
[2018.02.21-16.02.44:964][  0]LogStaticMesh: Building static mesh katrix42v7_1_fpd_TransportSection_Gebaeude...
[2018.02.21-16.02.45:974][  0]LogStaticMesh: Built static mesh [1.01s] /Game/Geometry/katrin_test/katrix42v7_1_fpd_TransportSection_Gebaeude.katrix42v7_1_fpd_TransportSection_Gebaeude
[2018.02.21-16.02.45:977][  0]LogStaticMesh: Building static mesh katrix42v7_1_fpd_TransportSection_DPS_TMPs...
[2018.02.21-16.02.45:984][  0]LogStaticMesh: Built static mesh [0.01s] /Game/Geometry/katrin_test/katrix42v7_1_fpd_TransportSection_DPS_TMPs.katrix42v7_1_fpd_TransportSection_DPS_TMPs
[2018.02.21-16.02.45:985][  0]LogStaticMesh: Building static mesh katrix42v7_1_fpd_TransportSection_DPS_001_transparent...
[2018.02.21-16.02.46:092][  0]LogStaticMesh: Built static mesh [0.11s] /Game/Geometry/katrin_test/katrix42v7_1_fpd_TransportSection_DPS_001_transparent.katrix42v7_1_fpd_TransportSection_DPS_001_transparent
[2018.02.21-16.02.46:093][  0]LogStaticMesh: Building static mesh katrix42v7_1_fpd_TransportSection_DPS...
[2018.02.21-16.02.46:159][  0]LogStaticMesh: Built static mesh [0.07s] /Game/Geometry/katrin_test/katrix42v7_1_fpd_TransportSection_DPS.katrix42v7_1_fpd_TransportSection_DPS
[2018.02.21-16.02.46:161][  0]LogStaticMesh: Building static mesh katrix42v7_1_fpd_TransportSection_CPS_Zwischendecke...
[2018.02.21-16.02.46:168][  0]LogStaticMesh: Built static mesh [0.01s] /Game/Geometry/katrin_test/katrix42v7_1_fpd_TransportSection_CPS_Zwischendecke.katrix42v7_1_fpd_TransportSection_CPS_Zwischendecke
[2018.02.21-16.02.46:173][  0]LogMaterial: Missing cached shader map for material Material_025_transparent, compiling. 
[2018.02.21-16.02.46:198][  0]LogStaticMesh: Building static mesh katrix42v7_1_fpd_TransportSection_CPS_001_transparent...
[2018.02.21-16.02.46:282][  0]LogStaticMesh: Built static mesh [0.08s] /Game/Geometry/katrin_test/katrix42v7_1_fpd_TransportSection_CPS_001_transparent.katrix42v7_1_fpd_TransportSection_CPS_001_transparent
[2018.02.21-16.02.46:286][  0]LogMaterial: Missing cached shader map for material Material_025, compiling. 
[2018.02.21-16.02.46:305][  0]LogStaticMesh: Building static mesh katrix42v7_1_fpd_TransportSection_CPS...
[2018.02.21-16.02.46:386][  0]LogStaticMesh: Built static mesh [0.08s] /Game/Geometry/katrin_test/katrix42v7_1_fpd_TransportSection_CPS.katrix42v7_1_fpd_TransportSection_CPS
[2018.02.21-16.02.46:389][  0]LogMaterial: Missing cached shader map for material Red_ncl1_2, compiling. 
[2018.02.21-16.02.46:413][  0]LogStaticMesh: Building static mesh katrix42v7_1_fpd_TransportSection-GeruestZwischenboden-HR8k...
[2018.02.21-16.02.51:248][  0]LogStaticMesh: Built static mesh [4.84s] /Game/Geometry/katrin_test/katrix42v7_1_fpd_TransportSection-GeruestZwischenboden-HR8k.katrix42v7_1_fpd_TransportSection-GeruestZwischenboden-HR8k
[2018.02.21-16.02.51:251][  0]LogStaticMesh: Building static mesh katrix42v7_1_fpd_strasse2_1_vor_KATRIN_HALLE...
[2018.02.21-16.02.51:256][  0]LogStaticMesh: Built static mesh [0.00s] /Game/Geometry/katrin_test/katrix42v7_1_fpd_strasse2_1_vor_KATRIN_HALLE.katrix42v7_1_fpd_strasse2_1_vor_KATRIN_HALLE
[2018.02.21-16.02.51:276][  0]LogTexture:Display: Building textures: AsphaltCloseups0050_2_S_512_tiles (AutoDXT)
[2018.02.21-16.02.51:486][  0]LogMaterial: Missing cached shader map for material StrasseMaterial, compiling. 
[2018.02.21-16.02.51:507][  0]LogStaticMesh: Building static mesh katrix42v7_1_fpd_strasse2_1...
[2018.02.21-16.02.51:644][  0]LogStaticMesh: Built static mesh [0.14s] /Game/Geometry/katrin_test/katrix42v7_1_fpd_strasse2_1.katrix42v7_1_fpd_strasse2_1
[2018.02.21-16.02.51:652][  0]LogTexture:Display: Building textures: ANI_AlphaWIPE_6x6 (AutoDXT)
[2018.02.21-16.02.51:906][  0]LogMaterial: Missing cached shader map for material ani_wipe, compiling. 
[2018.02.21-16.02.51:927][  0]LogStaticMesh: Building static mesh katrix42v7_1_fpd_spirale_anim_leuchtend_000...
[2018.02.21-16.02.51:932][  0]LogStaticMesh: Built static mesh [0.00s] /Game/Geometry/katrin_test/katrix42v7_1_fpd_spirale_anim_leuchtend_000.katrix42v7_1_fpd_spirale_anim_leuchtend_000
[2018.02.21-16.02.51:935][  0]LogMaterial: Missing cached shader map for material Material_024, compiling. 
[2018.02.21-16.02.51:956][  0]LogStaticMesh: Building static mesh katrix42v7_1_fpd_Source_001-RearSection...
[2018.02.21-16.02.51:961][  0]LogStaticMesh: Built static mesh [0.00s] /Game/Geometry/katrin_test/katrix42v7_1_fpd_Source_001-RearSection.katrix42v7_1_fpd_Source_001-RearSection
[2018.02.21-16.02.51:962][  0]LogStaticMesh: Building static mesh katrix42v7_1_fpd_Schrank01_001...
[2018.02.21-16.02.51:975][  0]LogStaticMesh: Built static mesh [0.01s] /Game/Geometry/katrin_test/katrix42v7_1_fpd_Schrank01_001.katrix42v7_1_fpd_Schrank01_001
[2018.02.21-16.02.51:976][  0]LogStaticMesh: Building static mesh katrix42v7_1_fpd_PrespecValve2CPS_No2_...
[2018.02.21-16.02.51:995][  0]LogStaticMesh: Built static mesh [0.02s] /Game/Geometry/katrin_test/katrix42v7_1_fpd_PrespecValve2CPS_No2_.katrix42v7_1_fpd_PrespecValve2CPS_No2_
[2018.02.21-16.02.51:998][  0]LogMaterial: Missing cached shader map for material Material_023, compiling. 
[2018.02.21-16.02.52:021][  0]LogStaticMesh: Building static mesh katrix42v7_1_fpd_PreSpectrometer_001...
[2018.02.21-16.02.53:224][  0]LogStaticMesh: Built static mesh [1.20s] /Game/Geometry/katrin_test/katrix42v7_1_fpd_PreSpectrometer_001.katrix42v7_1_fpd_PreSpectrometer_001
[2018.02.21-16.02.53:229][  0]LogMaterial: Missing cached shader map for material Material_032, compiling. 
[2018.02.21-16.02.53:251][  0]LogStaticMesh: Building static mesh katrix42v7_1_fpd_Plane_012...
[2018.02.21-16.02.53:251][  0]LogStaticMesh: Built static mesh [0.00s] /Game/Geometry/katrin_test/katrix42v7_1_fpd_Plane_012.katrix42v7_1_fpd_Plane_012
[2018.02.21-16.02.53:257][  0]LogMaterial: Missing cached shader map for material 00-Material_grau-default, compiling. 
[2018.02.21-16.02.53:282][  0]LogStaticMesh: Building static mesh katrix42v7_1_fpd_Plane_002...
[2018.02.21-16.02.53:283][  0]LogStaticMesh: Built static mesh [0.00s] /Game/Geometry/katrin_test/katrix42v7_1_fpd_Plane_002.katrix42v7_1_fpd_Plane_002
[2018.02.21-16.02.53:287][  0]LogMaterial: Missing cached shader map for material Material_012, compiling. 
[2018.02.21-16.02.53:313][  0]LogStaticMesh: Building static mesh katrix42v7_1_fpd_No1__valve-CPS-DPS...
[2018.02.21-16.02.53:420][  0]LogStaticMesh: Built static mesh [0.11s] /Game/Geometry/katrin_test/katrix42v7_1_fpd_No1__valve-CPS-DPS.katrix42v7_1_fpd_No1__valve-CPS-DPS
[2018.02.21-16.02.53:422][  0]LogStaticMesh: Building static mesh katrix42v7_1_fpd_MainSpectrometerVessel_Original-one-sided...
[2018.02.21-16.02.53:437][  0]LogStaticMesh: Built static mesh [0.02s] /Game/Geometry/katrin_test/katrix42v7_1_fpd_MainSpectrometerVessel_Original-one-sided.katrix42v7_1_fpd_MainSpectrometerVessel_Original-one-sided
[2018.02.21-16.02.53:438][  0]LogStaticMesh: Building static mesh katrix42v7_1_fpd_MainSpectrometerVessel_Doublesided-holes-win2...
[2018.02.21-16.02.53:439][  0]LogStaticMesh: Built static mesh [0.00s] /Game/Geometry/katrin_test/katrix42v7_1_fpd_MainSpectrometerVessel_Doublesided-holes-win2.katrix42v7_1_fpd_MainSpectrometerVessel_Doublesided-holes-win2
[2018.02.21-16.02.53:439][  0]LogStaticMesh: Building static mesh katrix42v7_1_fpd_MainSpectrometerVessel_Doublesided-holes-win...
[2018.02.21-16.02.53:440][  0]LogStaticMesh: Built static mesh [0.00s] /Game/Geometry/katrin_test/katrix42v7_1_fpd_MainSpectrometerVessel_Doublesided-holes-win.katrix42v7_1_fpd_MainSpectrometerVessel_Doublesided-holes-win
[2018.02.21-16.02.53:441][  0]LogStaticMesh: Building static mesh katrix42v7_1_fpd_MainSpectrometerVessel_Doublesided-holes...
[2018.02.21-16.02.53:523][  0]LogStaticMesh: Built static mesh [0.08s] /Game/Geometry/katrin_test/katrix42v7_1_fpd_MainSpectrometerVessel_Doublesided-holes.katrix42v7_1_fpd_MainSpectrometerVessel_Doublesided-holes
[2018.02.21-16.02.53:525][  0]LogStaticMesh: Building static mesh katrix42v7_1_fpd_MainSpectrometerVessel_Doublesided...
[2018.02.21-16.02.53:571][  0]LogStaticMesh: Built static mesh [0.05s] /Game/Geometry/katrin_test/katrix42v7_1_fpd_MainSpectrometerVessel_Doublesided.katrix42v7_1_fpd_MainSpectrometerVessel_Doublesided
[2018.02.21-16.02.53:572][  0]LogStaticMesh: Building static mesh katrix42v7_1_fpd_MainSpectrometer_ValvePreSpec...
[2018.02.21-16.02.53:618][  0]LogStaticMesh: Built static mesh [0.05s] /Game/Geometry/katrin_test/katrix42v7_1_fpd_MainSpectrometer_ValvePreSpec.katrix42v7_1_fpd_MainSpectrometer_ValvePreSpec
[2018.02.21-16.02.53:619][  0]LogStaticMesh: Building static mesh katrix42v7_1_fpd_MainSpectrometer_Treppe-FPD-Buehne_innen_001...
[2018.02.21-16.02.53:655][  0]LogStaticMesh: Built static mesh [0.04s] /Game/Geometry/katrin_test/katrix42v7_1_fpd_MainSpectrometer_Treppe-FPD-Buehne_innen_001.katrix42v7_1_fpd_MainSpectrometer_Treppe-FPD-Buehne_innen_001
[2018.02.21-16.02.53:656][  0]LogStaticMesh: Building static mesh katrix42v7_1_fpd_MainSpectrometer_Treppe-FPD-Buehne_innen...
[2018.02.21-16.02.53:695][  0]LogStaticMesh: Built static mesh [0.04s] /Game/Geometry/katrin_test/katrix42v7_1_fpd_MainSpectrometer_Treppe-FPD-Buehne_innen.katrix42v7_1_fpd_MainSpectrometer_Treppe-FPD-Buehne_innen
[2018.02.21-16.02.53:699][  0]LogMaterial: Missing cached shader map for material gelb-ms-halle, compiling. 
[2018.02.21-16.02.53:724][  0]LogMaterial: Missing cached shader map for material gelb-ms-halle-oben, compiling. 
[2018.02.21-16.02.53:749][  0]LogMaterial: Missing cached shader map for material boden-ms-material, compiling. 
[2018.02.21-16.02.53:770][  0]LogStaticMesh: Building static mesh katrix42v7_1_fpd_MainSpectrometer_Gebaeude-Wände...
[2018.02.21-16.02.54:880][  0]LogStaticMesh: Built static mesh [1.11s] /Game/Geometry/katrin_test/katrix42v7_1_fpd_MainSpectrometer_Gebaeude-Wände.katrix42v7_1_fpd_MainSpectrometer_Gebaeude-Wände
[2018.02.21-16.02.54:885][  0]LogMaterial: Missing cached shader map for material Violet_000, compiling. 
[2018.02.21-16.02.55:189][  0]LogMaterial: Missing cached shader map for material M_Basic_Wall, compiling. 
[2018.02.21-16.02.55:241][  0]LogAIModule: Creating AISystem for world HMDLocomotionMap
[2018.02.21-16.02.55:472][  0]LogEditorServer: Finished looking for orphan Actors (0.000 secs)
[2018.02.21-16.02.55:473][  0]Cmd: MAP CHECKDEP NOCLEARLOG
[2018.02.21-16.02.55:732][  0]MapCheck: Info Map check complete: 0 Error(s), 0 Warning(s), took 259.746ms to complete.
[2018.02.21-16.02.55:732][  0]LogFileHelpers: Loading map 'HMDLocomotionMap' took 41.788
[2018.02.21-16.02.55:903][  0]LogCollectionManager: Loaded 0 collections in 0.002725 seconds
[2018.02.21-16.02.55:952][  0]LogFileCache: Scanning file cache for directory 'D:/UnrealProjects/vrkatrix7sml/Saved/Collections/' took 0.01s
[2018.02.21-16.02.55:952][  0]LogFileCache: Scanning file cache for directory 'D:/UnrealProjects/vrkatrix7sml/Content/Developers/PDV/Collections/' took 0.01s
[2018.02.21-16.02.55:952][  0]LogFileCache: Scanning file cache for directory 'D:/UnrealProjects/vrkatrix7sml/Content/Collections/' took 0.01s
[2018.02.21-16.02.55:952][  0]LogCollectionManager: Rebuilt the GUID cache for 0 collections in 0.000005 seconds
[2018.02.21-16.02.55:967][  0]LogContentBrowser: Native class hierarchy populated in 0.0154 seconds. Added 2141 classes and 415 folders.
[2018.02.21-16.02.55:975][  0]LogStats: UGameplayTagsManager::ConstructGameplayTagTree: Construct from data asset -  0.000 s
[2018.02.21-16.02.55:975][  0]LogStats: UGameplayTagsManager::ConstructGameplayTagTree: GameplayTagTreeChangedEvent.Broadcast -  0.000 s
[2018.02.21-16.02.55:976][  0]LogContentBrowser: Native class hierarchy updated for 'GameplayTags' in 0.0009 seconds. Added 12 classes and 0 folders.
[2018.02.21-16.02.55:984][  0]LogContentBrowser: Native class hierarchy updated for 'WidgetCarousel' in 0.0008 seconds. Added 0 classes and 0 folders.
[2018.02.21-16.02.56:099][  0]LogContentBrowser: Native class hierarchy updated for 'AddContentDialog' in 0.0008 seconds. Added 0 classes and 0 folders.
[2018.02.21-16.02.56:111][  0]LogContentBrowser: Native class hierarchy updated for 'SceneOutliner' in 0.0010 seconds. Added 1 classes and 2 folders.
[2018.02.21-16.02.56:143][  0]LogCrashTracker: Crashtracker disabled due to settings.
[2018.02.21-16.02.56:149][  0]LogUObjectGlobals:Warning: Failed to find object 'Class None.'
[2018.02.21-16.02.56:179][  0]LogContentBrowser: Native class hierarchy updated for 'HierarchicalLODOutliner' in 0.0008 seconds. Added 1 classes and 2 folders.
[2018.02.21-16.02.56:180][  0]LogLoad: (Engine Initialization) Total time: 52.30 seconds
[2018.02.21-16.02.56:180][  0]LogLoad: (Engine Initialization) Total Blueprint compile time: 0.12 seconds
[2018.02.21-16.02.56:180][  0]LogExternalProfiler: No external profilers were discovered.  External profiling features will not be available.
[2018.02.21-16.02.56:199][  0]LogOcInput: OculusInput pre-init called
[2018.02.21-16.02.56:224][  0]LogContentStreaming: Texture pool size now 1000 MB
[2018.02.21-16.02.56:463][  1]LogRenderer: Reallocating scene render targets to support 980x564 (Frame:2).
[2018.02.21-16.02.56:687][  2]LogAssetRegistry: Asset discovery search completed in 46.7124 seconds
[2018.02.21-16.02.56:687][  2]LogCollectionManager: Rebuilt the object cache for 0 collections in 0.000001 seconds (found 0 objects)
[2018.02.21-16.02.56:687][  2]LogCollectionManager: Fixed up redirectors for 0 collections in 0.000046 seconds (updated 0 objects)
[2018.02.21-16.03.03:794][ 77]LogBlueprintUserMessages: Early PlayInEditor Detection: Level '/Game/VirtualRealityBP/Maps/HMDLocomotionMap.HMDLocomotionMap:PersistentLevel' has LevelScriptBlueprint '/Game/VirtualRealityBP/Maps/HMDLocomotionMap.HMDLocomotionMap:PersistentLevel.HMDLocomotionMap' with GeneratedClass '/Game/VirtualRealityBP/Maps/HMDLocomotionMap.HMDLocomotionMap_C' with ClassGeneratedBy '/Game/VirtualRealityBP/Maps/HMDLocomotionMap.HMDLocomotionMap:PersistentLevel.HMDLocomotionMap'
[2018.02.21-16.03.03:794][ 77]LogPlayLevel: PlayLevel: No blueprints needed recompiling
[2018.02.21-16.03.03:796][ 77]PIE: New page: PIE session: HMDLocomotionMap (Feb 21, 2018, 6:03:03 PM)
[2018.02.21-16.03.03:796][ 77]LogPlayLevel: Creating play world package: /Game/VirtualRealityBP/Maps/UEDPIE_0_HMDLocomotionMap
[2018.02.21-16.03.03:854][ 77]LogPlayLevel: PIE: StaticDuplicateObject took: (0.057054s)
[2018.02.21-16.03.03:855][ 77]LogAIModule: Creating AISystem for world HMDLocomotionMap
[2018.02.21-16.03.03:855][ 77]LogPlayLevel: PIE: World Init took: (0.001391s)
[2018.02.21-16.03.03:856][ 77]LogPlayLevel: PIE: Created PIE world by copying editor world from /Game/VirtualRealityBP/Maps/HMDLocomotionMap.HMDLocomotionMap to /Game/VirtualRealityBP/Maps/UEDPIE_0_HMDLocomotionMap.HMDLocomotionMap (0.059021s)
[2018.02.21-16.03.04:008][ 77]LogInit: XAudio2 using 'Lautsprecher (2- USB Audio Device)' : 2 channels at 44.1 kHz using 16 bits per sample (channel mask 0x3)
[2018.02.21-16.03.04:028][ 77]LogInit: FAudioDevice initialized.
[2018.02.21-16.03.04:161][ 77]LogUObjectGlobals:Warning: Failed to find object 'Class None.'
[2018.02.21-16.03.04:161][ 77]LogWorld: Game class is 'GameMode'
[2018.02.21-16.03.04:180][ 77]LogWorld: Bringing World /Game/VirtualRealityBP/Maps/UEDPIE_0_HMDLocomotionMap.HMDLocomotionMap up for play (max tick rate 0) at 2018.02.21-17.03.04
[2018.02.21-16.03.04:182][ 77]LogWorld: Bringing up level for play took: 0.018825
[2018.02.21-16.03.04:188][ 77]LogContentBrowser: Native class hierarchy updated for 'MovieSceneCapture' in 0.0010 seconds. Added 11 classes and 0 folders.
[2018.02.21-16.03.04:188][ 77]LogGameMode:Display: Match State Changed from EnteringMap to WaitingToStart
[2018.02.21-16.03.04:188][ 77]LogGameState: Match State Changed from EnteringMap to WaitingToStart
[2018.02.21-16.03.04:188][ 77]LogGameMode:Display: Match State Changed from WaitingToStart to InProgress
[2018.02.21-16.03.04:190][ 77]LogGameState: Match State Changed from WaitingToStart to InProgress
[2018.02.21-16.03.04:209][ 77]PIE: Info Play in editor start time for /Game/VirtualRealityBP/Maps/UEDPIE_0_HMDLocomotionMap 1.313
[2018.02.21-16.03.04:210][ 77]LogBlueprintUserMessages: Late PlayInEditor Detection: Level '/Game/VirtualRealityBP/Maps/HMDLocomotionMap.HMDLocomotionMap:PersistentLevel' has LevelScriptBlueprint '/Game/VirtualRealityBP/Maps/HMDLocomotionMap.HMDLocomotionMap:PersistentLevel.HMDLocomotionMap' with GeneratedClass '/Game/VirtualRealityBP/Maps/HMDLocomotionMap.HMDLocomotionMap_C' with ClassGeneratedBy '/Game/VirtualRealityBP/Maps/HMDLocomotionMap.HMDLocomotionMap:PersistentLevel.HMDLocomotionMap'
[2018.02.21-16.03.04:260][ 78]LogRenderer: Reallocating scene render targets to support 3024x1680 (Frame:63).
[2018.02.21-16.05.59:335][687]LogBlueprintUserMessages: Early EndPlayMap Detection: Level '/Game/VirtualRealityBP/Maps/HMDLocomotionMap.HMDLocomotionMap:PersistentLevel' has LevelScriptBlueprint '/Game/VirtualRealityBP/Maps/HMDLocomotionMap.HMDLocomotionMap:PersistentLevel.HMDLocomotionMap' with GeneratedClass '/Game/VirtualRealityBP/Maps/HMDLocomotionMap.HMDLocomotionMap_C' with ClassGeneratedBy '/Game/VirtualRealityBP/Maps/HMDLocomotionMap.HMDLocomotionMap:PersistentLevel.HMDLocomotionMap'
[2018.02.21-16.05.59:546][687]LogBlueprintUserMessages: Late EndPlayMap Detection: Level '/Game/VirtualRealityBP/Maps/HMDLocomotionMap.HMDLocomotionMap:PersistentLevel' has LevelScriptBlueprint '/Game/VirtualRealityBP/Maps/HMDLocomotionMap.HMDLocomotionMap:PersistentLevel.HMDLocomotionMap' with GeneratedClass '/Game/VirtualRealityBP/Maps/HMDLocomotionMap.HMDLocomotionMap_C' with ClassGeneratedBy '/Game/VirtualRealityBP/Maps/HMDLocomotionMap.HMDLocomotionMap:PersistentLevel.HMDLocomotionMap'
[2018.02.21-16.06.09:286][237]LogWindowsTextInputMethodSystem:Display: IME system now deactivated.
[2018.02.21-16.06.09:466][238]Cmd: QUIT_EDITOR
[2018.02.21-16.06.10:386][238]LogExit: Preparing to exit.
[2018.02.21-16.06.10:748][238]LogExit: Editor shut down
[2018.02.21-16.06.10:748][238]LogExit: Transaction tracking system shut down
[2018.02.21-16.06.10:885][238]LogObj: Freed 0b from 0 cluster array pools.
[2018.02.21-16.06.10:885][238]LogExit: Object subsystem successfully closed.
[2018.02.21-16.06.10:914][238]LogD3D11RHI: Shutdown
[2018.02.21-16.06.10:914][238]LogD3D11RHI: CleanupD3DDevice
[2018.02.21-16.06.10:916][238]LogD3D11RHI: ~FD3D11DynamicRHI
[2018.02.21-16.06.10:944][238]LogModuleManager: Shutting down and abandoning module MovieSceneCapture (234)
[2018.02.21-16.06.10:944][238]LogModuleManager: Shutting down and abandoning module HierarchicalLODOutliner (233)
[2018.02.21-16.06.10:944][238]LogModuleManager: Shutting down and abandoning module CrashTracker (232)
[2018.02.21-16.06.10:944][238]LogModuleManager: Shutting down and abandoning module SceneOutliner (231)
[2018.02.21-16.06.10:944][238]LogModuleManager: Shutting down and abandoning module WidgetCarousel (230)
[2018.02.21-16.06.10:944][238]LogModuleManager: Shutting down and abandoning module AddContentDialog (229)
[2018.02.21-16.06.10:944][238]LogDirectoryWatcher: A directory notification for 'C:/Program Files/Epic Games/UE_4.13/FeaturePacks/' was aborted.
[2018.02.21-16.06.10:945][238]LogModuleManager: Shutting down and abandoning module GameplayTags (228)
[2018.02.21-16.06.10:945][238]LogModuleManager: Shutting down and abandoning module EditorWidgets (227)
[2018.02.21-16.06.10:945][238]LogModuleManager: Shutting down and abandoning module CollectionManager (226)
[2018.02.21-16.06.10:945][238]LogDirectoryWatcher: A directory notification for 'D:/UnrealProjects/vrkatrix7sml/Content/Collections/' was aborted.
[2018.02.21-16.06.10:945][238]LogDirectoryWatcher: A directory notification for 'D:/UnrealProjects/vrkatrix7sml/Content/Developers/PDV/Collections/' was aborted.
[2018.02.21-16.06.10:946][238]LogDirectoryWatcher: A directory notification for 'D:/UnrealProjects/vrkatrix7sml/Saved/Collections/' was aborted.
[2018.02.21-16.06.10:946][238]LogModuleManager: Shutting down and abandoning module StatsViewer (225)
[2018.02.21-16.06.10:946][238]LogModuleManager: Shutting down and abandoning module FoliageEdit (224)
[2018.02.21-16.06.10:946][238]LogModuleManager: Shutting down and abandoning module LandscapeEditor (223)
[2018.02.21-16.06.10:946][238]LogModuleManager: Shutting down and abandoning module SceneDepthPickerMode (222)
[2018.02.21-16.06.10:946][238]LogModuleManager: Shutting down and abandoning module ActorPickerMode (221)
[2018.02.21-16.06.10:946][238]LogModuleManager: Shutting down and abandoning module GeometryMode (220)
[2018.02.21-16.06.10:946][238]LogModuleManager: Shutting down and abandoning module TextureAlignMode (219)
[2018.02.21-16.06.10:946][238]LogModuleManager: Shutting down and abandoning module BspMode (218)
[2018.02.21-16.06.10:946][238]LogModuleManager: Shutting down and abandoning module HardwareSurvey (217)
[2018.02.21-16.06.10:946][238]LogModuleManager: Shutting down and abandoning module SequenceRecorderSections (216)
[2018.02.21-16.06.10:946][238]LogModuleManager: Shutting down and abandoning module SequenceRecorder (215)
[2018.02.21-16.06.10:946][238]LogModuleManager: Shutting down and abandoning module AutomationWorker (214)
[2018.02.21-16.06.10:946][238]LogModuleManager: Shutting down and abandoning module MatineeToLevelSequence (213)
[2018.02.21-16.06.10:946][238]LogModuleManager: Shutting down and abandoning module PlacementMode (212)
[2018.02.21-16.06.10:946][238]LogModuleManager: Shutting down and abandoning module LevelSequenceEditor (211)
[2018.02.21-16.06.10:946][238]LogModuleManager: Shutting down and abandoning module WmfMediaFactory (210)
[2018.02.21-16.06.10:946][238]LogModuleManager: Shutting down and abandoning module WmfMediaEditor (209)
[2018.02.21-16.06.10:946][238]LogModuleManager: Shutting down and abandoning module AvfMediaFactory (208)
[2018.02.21-16.06.10:946][238]LogModuleManager: Shutting down and abandoning module AvfMediaEditor (207)
[2018.02.21-16.06.10:946][238]LogModuleManager: Shutting down and abandoning module Media (206)
[2018.02.21-16.06.10:946][238]LogModuleManager: Shutting down and abandoning module AndroidMediaFactory (205)
[2018.02.21-16.06.10:946][238]LogModuleManager: Shutting down and abandoning module AndroidMediaEditor (204)
[2018.02.21-16.06.10:946][238]LogModuleManager: Shutting down and abandoning module CharacterAI (203)
[2018.02.21-16.06.10:946][238]LogModuleManager: Shutting down and abandoning module SmartSnapping (202)
[2018.02.21-16.06.10:946][238]LogModuleManager: Shutting down and abandoning module SessionServices (201)
[2018.02.21-16.06.10:946][238]LogModuleManager: Shutting down and abandoning module ViewportSnapping (200)
[2018.02.21-16.06.10:946][238]LogModuleManager: Shutting down and abandoning module ViewportInteraction (199)
[2018.02.21-16.06.10:946][238]LogModuleManager: Shutting down and abandoning module LogVisualizer (198)
[2018.02.21-16.06.10:947][238]LogModuleManager: Shutting down and abandoning module GameProjectGeneration (197)
[2018.02.21-16.06.10:947][238]LogModuleManager: Shutting down and abandoning module IntroTutorials (196)
[2018.02.21-16.06.10:947][238]LogModuleManager: Shutting down and abandoning module EditorLiveStreaming (195)
[2018.02.21-16.06.10:947][238]LogModuleManager: Shutting down and abandoning module IOSPlatformEditor (194)
[2018.02.21-16.06.10:947][238]LogModuleManager: Shutting down and abandoning module HTML5PlatformEditor (193)
[2018.02.21-16.06.10:947][238]LogModuleManager: Shutting down and abandoning module AndroidDeviceDetection (192)
[2018.02.21-16.06.11:632][238]LogModuleManager: Shutting down and abandoning module AndroidPlatformEditor (191)
[2018.02.21-16.06.11:632][238]LogModuleManager: Shutting down and abandoning module IOSRuntimeSettings (190)
[2018.02.21-16.06.11:632][238]LogModuleManager: Shutting down and abandoning module AndroidRuntimeSettings (189)
[2018.02.21-16.06.11:632][238]LogModuleManager: Shutting down and abandoning module NiagaraEditor (188)
[2018.02.21-16.06.11:632][238]LogModuleManager: Shutting down and abandoning module MergeActors (187)
[2018.02.21-16.06.11:632][238]LogModuleManager: Shutting down and abandoning module SizeMap (186)
[2018.02.21-16.06.11:632][238]LogModuleManager: Shutting down and abandoning module TreeMap (185)
[2018.02.21-16.06.11:632][238]LogModuleManager: Shutting down and abandoning module ReferenceViewer (184)
[2018.02.21-16.06.11:632][238]LogModuleManager: Shutting down and abandoning module LocalizationService (183)
[2018.02.21-16.06.11:632][238]LogModuleManager: Shutting down and abandoning module LocalizationDashboard (182)
[2018.02.21-16.06.11:632][238]LogModuleManager: Shutting down and abandoning module HardwareTargeting (181)
[2018.02.21-16.06.11:632][238]LogModuleManager: Shutting down and abandoning module DeviceProfileEditor (180)
[2018.02.21-16.06.11:632][238]LogModuleManager: Shutting down and abandoning module UndoHistory (179)
[2018.02.21-16.06.11:632][238]LogModuleManager: Shutting down and abandoning module UserFeedback (178)
[2018.02.21-16.06.11:632][238]LogModuleManager: Shutting down and abandoning module XmlParser (177)
[2018.02.21-16.06.11:632][238]LogModuleManager: Shutting down and abandoning module Blutility (176)
[2018.02.21-16.06.11:632][238]LogModuleManager: Shutting down and abandoning module ProjectTargetPlatformEditor (175)
[2018.02.21-16.06.11:633][238]LogModuleManager: Shutting down and abandoning module ProjectSettingsViewer (174)
[2018.02.21-16.06.11:633][238]LogModuleManager: Shutting down and abandoning module InputBindingEditor (173)
[2018.02.21-16.06.11:633][238]LogModuleManager: Shutting down and abandoning module EditorSettingsViewer (172)
[2018.02.21-16.06.11:633][238]LogModuleManager: Shutting down and abandoning module SettingsEditor (171)
[2018.02.21-16.06.11:633][238]LogModuleManager: Shutting down and abandoning module ProjectLauncher (170)
[2018.02.21-16.06.11:633][238]LogModuleManager: Shutting down and abandoning module SessionFrontend (169)
[2018.02.21-16.06.11:633][238]LogModuleManager: Shutting down and abandoning module ProfilerClient (168)
[2018.02.21-16.06.11:633][238]LogModuleManager: Shutting down and abandoning module TargetDeviceServices (167)
[2018.02.21-16.06.11:633][238]LogModuleManager: Shutting down and abandoning module DeviceManager (166)
[2018.02.21-16.06.11:676][238]LogModuleManager: Shutting down and abandoning module AutomationController (165)
[2018.02.21-16.06.11:676][238]LogModuleManager: Shutting down and abandoning module AutomationWindow (164)
[2018.02.21-16.06.11:676][238]LogModuleManager: Shutting down and abandoning module Layers (163)
[2018.02.21-16.06.11:676][238]LogModuleManager: Shutting down and abandoning module ComponentVisualizers (162)
[2018.02.21-16.06.11:676][238]LogModuleManager: Shutting down and abandoning module DetailCustomizations (161)
[2018.02.21-16.06.11:676][238]LogModuleManager: Shutting down and abandoning module PackagesDialog (160)
[2018.02.21-16.06.11:676][238]LogModuleManager: Shutting down and abandoning module AnimGraph (159)
[2018.02.21-16.06.11:676][238]LogModuleManager: Shutting down and abandoning module Persona (158)
[2018.02.21-16.06.11:676][238]LogModuleManager: Shutting down and abandoning module Kismet (157)
[2018.02.21-16.06.11:676][238]LogModuleManager: Shutting down and abandoning module GraphEditor (156)
[2018.02.21-16.06.11:676][238]LogModuleManager: Shutting down and abandoning module ClassViewer (155)
[2018.02.21-16.06.11:676][238]LogModuleManager: Shutting down and abandoning module Toolbox (154)
[2018.02.21-16.06.11:676][238]LogModuleManager: Shutting down and abandoning module ModuleUI (153)
[2018.02.21-16.06.11:677][238]LogModuleManager: Shutting down and abandoning module MovieSceneTools (152)
[2018.02.21-16.06.11:677][238]LogModuleManager: Shutting down and abandoning module OutputLog (151)
[2018.02.21-16.06.11:677][238]LogModuleManager: Shutting down and abandoning module GammaUI (150)
[2018.02.21-16.06.11:677][238]LogModuleManager: Shutting down and abandoning module Documentation (149)
[2018.02.21-16.06.11:677][238]LogModuleManager: Shutting down and abandoning module Niagara (148)
[2018.02.21-16.06.11:677][238]LogModuleManager: Shutting down and abandoning module StreamingPauseRendering (147)
[2018.02.21-16.06.11:677][238]LogModuleManager: Shutting down and abandoning module AnalyticsET (146)
[2018.02.21-16.06.11:677][238]LogModuleManager: Shutting down and abandoning module PortalServices (145)
[2018.02.21-16.06.11:677][238]LogModuleManager: Shutting down and abandoning module PortalRpc (144)
[2018.02.21-16.06.11:677][238]LogModuleManager: Shutting down and abandoning module MessagingRpc (143)
[2018.02.21-16.06.11:677][238]LogModuleManager: Shutting down and abandoning module GameplayDebugger (142)
[2018.02.21-16.06.11:677][238]LogModuleManager: Shutting down and abandoning module AITestSuite (141)
[2018.02.21-16.06.11:677][238]LogModuleManager: Shutting down and abandoning module AIModule (140)
[2018.02.21-16.06.11:677][238]LogModuleManager: Shutting down and abandoning module ProfilerService (139)
[2018.02.21-16.06.11:885][238]LogModuleManager: Shutting down and abandoning module TaskGraph (138)
[2018.02.21-16.06.11:885][238]LogModuleManager: Shutting down and abandoning module SlateRemote (137)
[2018.02.21-16.06.11:885][238]LogModuleManager: Shutting down and abandoning module SteamVRController (136)
[2018.02.21-16.06.11:885][238]LogModuleManager: Shutting down and abandoning module SteamVR (135)
[2018.02.21-16.06.11:885][238]LogModuleManager: Shutting down and abandoning module ProceduralMeshComponentEditor (134)
[2018.02.21-16.06.11:885][238]LogModuleManager: Shutting down and abandoning module ProceduralMeshComponent (133)
[2018.02.21-16.06.11:885][238]LogModuleManager: Shutting down and abandoning module OculusLibrary (132)
[2018.02.21-16.06.11:885][238]LogModuleManager: Shutting down and abandoning module OculusInput (131)
[2018.02.21-16.06.11:885][238]LogModuleManager: Shutting down and abandoning module CustomMeshComponent (130)
[2018.02.21-16.06.11:885][238]LogModuleManager: Shutting down and abandoning module CableComponent (129)
[2018.02.21-16.06.11:885][238]LogModuleManager: Shutting down and abandoning module ArchVisCharacter (128)
[2018.02.21-16.06.11:885][238]LogModuleManager: Shutting down and abandoning module MediaPlayerEditor (126)
[2018.02.21-16.06.11:885][238]LogModuleManager: Shutting down and abandoning module HTML5Networking (125)
[2018.02.21-16.06.11:885][238]LogModuleManager: Shutting down and abandoning module GeometryCacheEd (124)
[2018.02.21-16.06.11:885][238]LogModuleManager: Shutting down and abandoning module GeometryCache (123)
[2018.02.21-16.06.11:885][238]LogModuleManager: Shutting down and abandoning module AlembicLibrary (122)
[2018.02.21-16.06.11:885][238]LogModuleManager: Shutting down and abandoning module AlembicImporter (121)
[2018.02.21-16.06.11:885][238]LogModuleManager: Shutting down and abandoning module SuperSearch (120)
[2018.02.21-16.06.11:885][238]LogModuleManager: Shutting down and abandoning module SuperSearchEditor (119)
[2018.02.21-16.06.11:885][238]LogModuleManager: Shutting down and abandoning module SpeedTreeImporter (118)
[2018.02.21-16.06.11:885][238]LogModuleManager: Shutting down and abandoning module PluginBrowser (117)
[2018.02.21-16.06.11:886][238]LogModuleManager: Shutting down and abandoning module MobileLauncherProfileWizard (116)
[2018.02.21-16.06.11:886][238]LogModuleManager: Shutting down and abandoning module EpicSurvey (115)
[2018.02.21-16.06.11:886][238]LogModuleManager: Shutting down and abandoning module DesktopPlatform (114)
[2018.02.21-16.06.11:886][238]LogModuleManager: Shutting down and abandoning module VisualStudioSourceCodeAccess (113)
[2018.02.21-16.06.11:886][238]LogModuleManager: Shutting down and abandoning module UObjectPlugin (112)
[2018.02.21-16.06.11:886][238]LogModuleManager: Shutting down and abandoning module SubversionSourceControl (111)
[2018.02.21-16.06.11:886][238]LogModuleManager: Shutting down and abandoning module PerforceSourceControl (110)
[2018.02.21-16.06.11:886][238]LogModuleManager: Shutting down and abandoning module SourceControl (109)
[2018.02.21-16.06.11:886][238]LogModuleManager: Shutting down and abandoning module GitSourceControl (108)
[2018.02.21-16.06.11:886][238]LogModuleManager: Shutting down and abandoning module LightPropagationVolumeEditor (107)
[2018.02.21-16.06.11:886][238]LogModuleManager: Shutting down and abandoning module PaperTiledImporter (106)
[2018.02.21-16.06.11:886][238]LogModuleManager: Shutting down and abandoning module PaperSpriteSheetImporter (105)
[2018.02.21-16.06.11:886][238]LogModuleManager: Shutting down and abandoning module MeshPaint (104)
[2018.02.21-16.06.11:886][238]LogModuleManager: Shutting down and abandoning module FbxAutomationBuilderModule (103)
[2018.02.21-16.06.11:886][238]LogModuleManager: Shutting down and abandoning module PixelInspectorModule (102)
[2018.02.21-16.06.11:886][238]LogModuleManager: Shutting down and abandoning module HotReload (101)
[2018.02.21-16.06.11:887][238]LogModuleManager: Shutting down and abandoning module MainFrame (100)
[2018.02.21-16.06.11:887][238]LogModuleManager: Shutting down and abandoning module LevelEditor (99)
[2018.02.21-16.06.11:888][238]LogModuleManager: Shutting down and abandoning module ContentBrowser (98)
[2018.02.21-16.06.11:888][238]LogModuleManager: Shutting down and abandoning module Paper2DEditor (97)
[2018.02.21-16.06.11:888][238]LogModuleManager: Shutting down and abandoning module UdpMessaging (96)
[2018.02.21-16.06.11:989][238]LogModuleManager: Shutting down and abandoning module TcpMessaging (95)
[2018.02.21-16.06.12:089][238]LogModuleManager: Shutting down and abandoning module LightPropagationVolumeRuntime (94)
[2018.02.21-16.06.12:089][238]LogModuleManager: Shutting down and abandoning module Paper2D (93)
[2018.02.21-16.06.12:089][238]LogModuleManager: Shutting down and abandoning module WindowsMoviePlayer (92)
[2018.02.21-16.06.12:089][238]LogModuleManager: Shutting down and abandoning module WmfMedia (91)
[2018.02.21-16.06.12:089][238]LogModuleManager: Shutting down and abandoning module MediaAssets (90)
[2018.02.21-16.06.12:090][238]LogModuleManager: Shutting down and abandoning module GameLiveStreaming (89)
[2018.02.21-16.06.12:090][238]LogModuleManager: Shutting down and abandoning module GameplayTagsEditor (88)
[2018.02.21-16.06.12:090][238]LogModuleManager: Shutting down and abandoning module VREditor (87)
[2018.02.21-16.06.12:090][238]LogModuleManager: Shutting down and abandoning module GameplayTasksEditor (86)
[2018.02.21-16.06.12:090][238]LogModuleManager: Shutting down and abandoning module PropertyEditor (85)
[2018.02.21-16.06.12:090][238]LogModuleManager: Shutting down and abandoning module BehaviorTreeEditor (84)
[2018.02.21-16.06.12:090][238]LogModuleManager: Shutting down and abandoning module FunctionalTesting (83)
[2018.02.21-16.06.12:090][238]LogModuleManager: Shutting down and abandoning module CollisionAnalyzer (82)
[2018.02.21-16.06.12:090][238]LogModuleManager: Shutting down and abandoning module Sequencer (81)
[2018.02.21-16.06.12:090][238]LogModuleManager: Shutting down and abandoning module WorkspaceMenuStructure (80)
[2018.02.21-16.06.12:090][238]LogModuleManager: Shutting down and abandoning module MessageLog (79)
[2018.02.21-16.06.12:090][238]LogModuleManager: Shutting down and abandoning module AssetTools (78)
[2018.02.21-16.06.12:090][238]LogModuleManager: Shutting down and abandoning module UMGEditor (77)
[2018.02.21-16.06.12:090][238]LogModuleManager: Shutting down and abandoning module UMG (76)
[2018.02.21-16.06.12:090][238]LogModuleManager: Shutting down and abandoning module SlateReflector (75)
[2018.02.21-16.06.12:090][238]LogModuleManager: Shutting down and abandoning module Slate (74)
[2018.02.21-16.06.12:090][238]LogModuleManager: Shutting down and abandoning module EditorStyle (73)
[2018.02.21-16.06.12:093][238]LogModuleManager: Shutting down and abandoning module SourceCodeAccess (72)
[2018.02.21-16.06.12:093][238]LogModuleManager: Shutting down and abandoning module HeadMountedDisplay (71)
[2018.02.21-16.06.12:093][238]LogModuleManager: Shutting down and abandoning module XAudio2 (70)
[2018.02.21-16.06.12:093][238]LogModuleManager: Shutting down and abandoning module Networking (68)
[2018.02.21-16.06.12:093][238]LogModuleManager: Shutting down and abandoning module Core (67)
[2018.02.21-16.06.12:093][238]LogModuleManager: Shutting down and abandoning module DirectoryWatcher (66)
[2018.02.21-16.06.12:093][238]LogDirectoryWatcher: A directory notification for '../../../Engine/Content/' was aborted.
[2018.02.21-16.06.12:093][238]LogDirectoryWatcher: A directory notification for 'D:/UnrealProjects/vrkatrix7sml/Content/' was aborted.
[2018.02.21-16.06.12:093][238]LogDirectoryWatcher: A directory notification for '../../../Engine/Plugins/2D/Paper2D/Content/' was aborted.
[2018.02.21-16.06.12:094][238]LogModuleManager: Shutting down and abandoning module AssetRegistry (65)
[2018.02.21-16.06.12:156][238]LogModuleManager: Shutting down and abandoning module KismetCompiler (64)
[2018.02.21-16.06.12:156][238]LogModuleManager: Shutting down and abandoning module PhysXFormats (63)
[2018.02.21-16.06.12:156][238]LogModuleManager: Shutting down and abandoning module MeshUtilities (62)
[2018.02.21-16.06.12:156][238]LogModuleManager: Shutting down and abandoning module DerivedDataCache (61)
[2018.02.21-16.06.12:203][238]LogDerivedDataCache: Shutdown
[2018.02.21-16.06.12:203][238]LogModuleManager: Shutting down and abandoning module VulkanShaderFormat (60)
[2018.02.21-16.06.12:203][238]LogModuleManager: Shutting down and abandoning module ShaderFormatOpenGL (59)
[2018.02.21-16.06.12:203][238]LogModuleManager: Shutting down and abandoning module ShaderFormatD3D (58)
[2018.02.21-16.06.12:203][238]LogModuleManager: Shutting down and abandoning module MetalShaderFormat (57)
[2018.02.21-16.06.12:203][238]LogModuleManager: Shutting down and abandoning module TextureFormatUncompressed (56)
[2018.02.21-16.06.12:203][238]LogModuleManager: Shutting down and abandoning module TextureFormatPVR (55)
[2018.02.21-16.06.12:203][238]LogModuleManager: Shutting down and abandoning module TextureFormatDXT (54)
[2018.02.21-16.06.12:203][238]LogModuleManager: Shutting down and abandoning module TextureFormatIntelISPCTexComp (53)
[2018.02.21-16.06.12:203][238]LogModuleManager: Shutting down and abandoning module ImageWrapper (52)
[2018.02.21-16.06.12:203][238]LogModuleManager: Shutting down and abandoning module TextureFormatASTC (51)
[2018.02.21-16.06.12:203][238]LogModuleManager: Shutting down and abandoning module TextureFormatAndroid (50)
[2018.02.21-16.06.12:203][238]LogModuleManager: Shutting down and abandoning module AudioFormatOpus (49)
[2018.02.21-16.06.12:203][238]LogModuleManager: Shutting down and abandoning module AudioFormatOgg (48)
[2018.02.21-16.06.12:203][238]LogModuleManager: Shutting down and abandoning module AudioFormatADPCM (47)
[2018.02.21-16.06.12:203][238]LogModuleManager: Shutting down and abandoning module LinuxTargetPlatform (46)
[2018.02.21-16.06.12:203][238]LogModuleManager: Shutting down and abandoning module LinuxServerTargetPlatform (45)
[2018.02.21-16.06.12:203][238]LogModuleManager: Shutting down and abandoning module LinuxNoEditorTargetPlatform (44)
[2018.02.21-16.06.12:203][238]LogModuleManager: Shutting down and abandoning module LinuxClientTargetPlatform (43)
[2018.02.21-16.06.12:203][238]LogModuleManager: Shutting down and abandoning module TVOSTargetPlatform (42)
[2018.02.21-16.06.12:203][238]LogModuleManager: Shutting down and abandoning module Messaging (41)
[2018.02.21-16.06.12:203][238]LogModuleManager: Shutting down and abandoning module IOSTargetPlatform (40)
[2018.02.21-16.06.12:203][238]LogModuleManager: Shutting down and abandoning module HTML5TargetPlatform (39)
[2018.02.21-16.06.12:203][238]LogModuleManager: Shutting down and abandoning module Android_PVRTCTargetPlatform (38)
[2018.02.21-16.06.12:203][238]LogModuleManager: Shutting down and abandoning module Android_MultiTargetPlatform (37)
[2018.02.21-16.06.12:203][238]LogModuleManager: Shutting down and abandoning module Android_ETC2TargetPlatform (36)
[2018.02.21-16.06.12:203][238]LogModuleManager: Shutting down and abandoning module Android_ETC1TargetPlatform (35)
[2018.02.21-16.06.12:203][238]LogModuleManager: Shutting down and abandoning module Android_DXTTargetPlatform (34)
[2018.02.21-16.06.12:203][238]LogModuleManager: Shutting down and abandoning module Android_ATCTargetPlatform (33)
[2018.02.21-16.06.12:203][238]LogModuleManager: Shutting down and abandoning module Android_ASTCTargetPlatform (32)
[2018.02.21-16.06.12:203][238]LogModuleManager: Shutting down and abandoning module AndroidTargetPlatform (31)
[2018.02.21-16.06.12:203][238]LogModuleManager: Shutting down and abandoning module WindowsTargetPlatform (30)
[2018.02.21-16.06.12:203][238]LogModuleManager: Shutting down and abandoning module WindowsServerTargetPlatform (29)
[2018.02.21-16.06.12:203][238]LogModuleManager: Shutting down and abandoning module WindowsNoEditorTargetPlatform (28)
[2018.02.21-16.06.12:203][238]LogModuleManager: Shutting down and abandoning module WindowsClientTargetPlatform (27)
[2018.02.21-16.06.12:203][238]LogModuleManager: Shutting down and abandoning module AllDesktopTargetPlatform (26)
[2018.02.21-16.06.12:203][238]LogModuleManager: Shutting down and abandoning module TargetPlatform (25)
[2018.02.21-16.06.12:203][238]LogModuleManager: Shutting down and abandoning module InputCore (24)
[2018.02.21-16.06.12:203][238]LogModuleManager: Shutting down and abandoning module Settings (23)
[2018.02.21-16.06.12:203][238]LogModuleManager: Shutting down and abandoning module OculusRift (22)
[2018.02.21-16.06.12:204][238]LogModuleManager: Shutting down and abandoning module GearVR (21)
[2018.02.21-16.06.12:204][238]LogModuleManager: Shutting down and abandoning module ExampleDeviceProfileSelector (20)
[2018.02.21-16.06.12:204][238]LogModuleManager: Shutting down and abandoning module OnlineBlueprintSupport (19)
[2018.02.21-16.06.12:204][238]LogModuleManager: Shutting down and abandoning module OnlineSubsystem (17)
[2018.02.21-16.06.12:204][238]LogOnline:Display: Unloading online subsystem: NULL
[2018.02.21-16.06.12:204][238]LogModuleManager: Shutting down and abandoning module HTTP (16)
[2018.02.21-16.06.12:204][238]LogHttp:Display: Http module shutting down, but needs to wait on 1 outstanding Http requests:
[2018.02.21-16.06.12:204][238]LogHttp:Display: 	verb=[POST] url=[https://datarouter.ol.epicgames.com/datarouter/api/v1/public/data?SessionID=%7B10368009-4705-0B6C-F1A7-C28C70356365%7D&AppID=UEEditor.Rocket.Release&AppVersion=4.13.2-3172292%2B%2B%2BUE4%2BRelease-4.13&UserID=48a559c1457afdc1d0993ca787c5572b%7C526c3015292f412191fd915cb8510c16%7C23ec979f-9cca-4e97-b38a-3935e3d085fa&AppEnvironment=datacollector-binary&UploadType=eteventstream] status=Processing
[2018.02.21-16.06.12:220][238]LogModuleManager: Shutting down and abandoning module XMPP (15)
[2018.02.21-16.06.12:220][238]LogModuleManager: Shutting down and abandoning module TextureCompressor (14)
[2018.02.21-16.06.12:220][238]LogModuleManager: Shutting down and abandoning module ShaderCore (13)
[2018.02.21-16.06.12:220][238]LogModuleManager: Shutting down and abandoning module Landscape (12)
[2018.02.21-16.06.12:220][238]LogModuleManager: Shutting down and abandoning module SlateRHIRenderer (11)
[2018.02.21-16.06.12:221][238]LogModuleManager: Shutting down and abandoning module OpenGLDrv (10)
[2018.02.21-16.06.12:221][238]LogModuleManager: Shutting down and abandoning module D3D11RHI (9)
[2018.02.21-16.06.12:221][238]LogModuleManager: Shutting down and abandoning module AnimGraphRuntime (8)
[2018.02.21-16.06.12:221][238]LogModuleManager: Shutting down and abandoning module Renderer (7)
[2018.02.21-16.06.12:221][238]LogModuleManager: Shutting down and abandoning module Engine (6)
[2018.02.21-16.06.12:221][238]LogModuleManager: Shutting down and abandoning module CoreUObject (5)
[2018.02.21-16.06.12:221][238]LogModuleManager: Shutting down and abandoning module NetworkFile (4)
[2018.02.21-16.06.12:221][238]LogModuleManager: Shutting down and abandoning module StreamingFile (3)
[2018.02.21-16.06.12:221][238]LogModuleManager: Shutting down and abandoning module SandboxFile (2)
[2018.02.21-16.06.12:221][238]LogModuleManager: Shutting down and abandoning module PakFile (1)
[2018.02.21-16.06.12:224][238]LogExit: Exiting.
[2018.02.21-16.06.12:225][238]Log file closed, 02/21/18 17:06:12
