Log file open, 11/22/16 14:33:10
LogInit:Display: Running engine for game: vrkatrix3sml
LogPlatformFile: Not using cached read wrapper
LogInit:Display: RandInit(1693190981) SRandInit(1693190981).
LogTaskGraph: Started task graph with 5 named threads and 8 total threads with 1 sets of task threads.
LogStats: Stats thread started at 0.382456
LogPluginManager: Loaded Plugin Paper2D, From C:/Program Files/Epic Games/4.13/Engine/Plugins/2D/Paper2D/Paper2D.uplugin
LogPluginManager: Loaded Plugin LightPropagationVolume, From C:/Program Files/Epic Games/4.13/Engine/Plugins/Blendables/LightPropagationVolume/LightPropagationVolume.uplugin
LogPluginManager: Loaded Plugin BlankPlugin, From C:/Program Files/Epic Games/4.13/Engine/Plugins/Developer/BlankPlugin/BlankPlugin.uplugin
LogPluginManager: Loaded Plugin CodeLiteSourceCodeAccess, From C:/Program Files/Epic Games/4.13/Engine/Plugins/Developer/CodeLiteSourceCodeAccess/CodeLiteSourceCodeAccess.uplugin
LogPluginManager: Loaded Plugin GitSourceControl, From C:/Program Files/Epic Games/4.13/Engine/Plugins/Developer/GitSourceControl/GitSourceControl.uplugin
LogPluginManager: Loaded Plugin KDevelopSourceCodeAccess, From C:/Program Files/Epic Games/4.13/Engine/Plugins/Developer/KDevelopSourceCodeAccess/KDevelopSourceCodeAccess.uplugin
LogPluginManager: Loaded Plugin NullSourceCodeAccess, From C:/Program Files/Epic Games/4.13/Engine/Plugins/Developer/NullSourceCodeAccess/NullSourceCodeAccess.uplugin
LogPluginManager: Loaded Plugin OneSkyLocalizationService, From C:/Program Files/Epic Games/4.13/Engine/Plugins/Developer/OneSkyLocalizationService/OneSkyLocalizationService.uplugin
LogPluginManager: Loaded Plugin PerforceSourceControl, From C:/Program Files/Epic Games/4.13/Engine/Plugins/Developer/PerforceSourceControl/PerforceSourceControl.uplugin
LogPluginManager: Loaded Plugin SubversionSourceControl, From C:/Program Files/Epic Games/4.13/Engine/Plugins/Developer/SubversionSourceControl/SubversionSourceControl.uplugin
LogPluginManager: Loaded Plugin UObjectPlugin, From C:/Program Files/Epic Games/4.13/Engine/Plugins/Developer/UObjectPlugin/UObjectPlugin.uplugin
LogPluginManager: Loaded Plugin VisualStudioSourceCodeAccess, From C:/Program Files/Epic Games/4.13/Engine/Plugins/Developer/VisualStudioSourceCodeAccess/VisualStudioSourceCodeAccess.uplugin
LogPluginManager: Loaded Plugin XCodeSourceCodeAccess, From C:/Program Files/Epic Games/4.13/Engine/Plugins/Developer/XCodeSourceCodeAccess/XCodeSourceCodeAccess.uplugin
LogPluginManager: Loaded Plugin EpicSurvey, From C:/Program Files/Epic Games/4.13/Engine/Plugins/Editor/EpicSurvey/EpicSurvey.uplugin
LogPluginManager: Loaded Plugin MacGraphicsSwitching, From C:/Program Files/Epic Games/4.13/Engine/Plugins/Editor/MacGraphicsSwitching/MacGraphicsSwitching.uplugin
LogPluginManager: Loaded Plugin MobileLauncherProfileWizard, From C:/Program Files/Epic Games/4.13/Engine/Plugins/Editor/MobileLauncherProfileWizard/MobileLauncherProfileWizard.uplugin
LogPluginManager: Loaded Plugin PluginBrowser, From C:/Program Files/Epic Games/4.13/Engine/Plugins/Editor/PluginBrowser/PluginBrowser.uplugin
LogPluginManager: Loaded Plugin SpeedTreeImporter, From C:/Program Files/Epic Games/4.13/Engine/Plugins/Editor/SpeedTreeImporter/SpeedTreeImporter.uplugin
LogPluginManager: Loaded Plugin SuperSearchEditor, From C:/Program Files/Epic Games/4.13/Engine/Plugins/Editor/SuperSearchEditor/SuperSearchEditor.uplugin
LogPluginManager: Loaded Plugin AlembicImporter, From C:/Program Files/Epic Games/4.13/Engine/Plugins/Experimental/AlembicImporter/AlembicImporter.uplugin
LogPluginManager: Loaded Plugin BlueprintStats, From C:/Program Files/Epic Games/4.13/Engine/Plugins/Experimental/BlueprintStats/BlueprintStats.uplugin
LogPluginManager: Loaded Plugin CharacterAI, From C:/Program Files/Epic Games/4.13/Engine/Plugins/Experimental/CharacterAI/CharacterAI.uplugin
LogPluginManager: Loaded Plugin CodeEditor, From C:/Program Files/Epic Games/4.13/Engine/Plugins/Experimental/CodeEditor/CodeEditor.uplugin
LogPluginManager: Loaded Plugin CodeView, From C:/Program Files/Epic Games/4.13/Engine/Plugins/Experimental/CodeView/CodeView.uplugin
LogPluginManager: Loaded Plugin HTML5Networking, From C:/Program Files/Epic Games/4.13/Engine/Plugins/Experimental/HTML5Networking/HTML5Networking.uplugin
LogPluginManager: Loaded Plugin LiveEditor, From C:/Program Files/Epic Games/4.13/Engine/Plugins/Experimental/LiveEditor/LiveEditor.uplugin
LogPluginManager: Loaded Plugin OSVR, From C:/Program Files/Epic Games/4.13/Engine/Plugins/Experimental/OSVR/OSVR.uplugin
LogPluginManager: Loaded Plugin Phya, From C:/Program Files/Epic Games/4.13/Engine/Plugins/Experimental/Phya/Phya.uplugin
LogPluginManager: Loaded Plugin SignificanceManager, From C:/Program Files/Epic Games/4.13/Engine/Plugins/Experimental/SignificanceManager/SignificanceManager.uplugin
LogPluginManager: Loaded Plugin SimpleHMD, From C:/Program Files/Epic Games/4.13/Engine/Plugins/Experimental/SimpleHMD/SimpleHMD.uplugin
LogPluginManager: Loaded Plugin StereoPanorama, From C:/Program Files/Epic Games/4.13/Engine/Plugins/Experimental/StereoPanorama/StereoPanorama.uplugin
LogPluginManager: Loaded Plugin StructBox, From C:/Program Files/Epic Games/4.13/Engine/Plugins/Experimental/StructBox/StructBox.uplugin
LogPluginManager: Loaded Plugin AndroidMedia, From C:/Program Files/Epic Games/4.13/Engine/Plugins/Media/AndroidMedia/AndroidMedia.uplugin
LogPluginManager: Loaded Plugin AvfMedia, From C:/Program Files/Epic Games/4.13/Engine/Plugins/Media/AvfMedia/AvfMedia.uplugin
LogPluginManager: Loaded Plugin MediaPlayerEditor, From C:/Program Files/Epic Games/4.13/Engine/Plugins/Media/MediaPlayerEditor/MediaPlayerEditor.uplugin
LogPluginManager: Loaded Plugin WmfMedia, From C:/Program Files/Epic Games/4.13/Engine/Plugins/Media/WmfMedia/WmfMedia.uplugin
LogPluginManager: Loaded Plugin MessagingDebugger, From C:/Program Files/Epic Games/4.13/Engine/Plugins/Messaging/MessagingDebugger/MessagingDebugger.uplugin
LogPluginManager: Loaded Plugin TcpMessaging, From C:/Program Files/Epic Games/4.13/Engine/Plugins/Messaging/TcpMessaging/TcpMessaging.uplugin
LogPluginManager: Loaded Plugin UdpMessaging, From C:/Program Files/Epic Games/4.13/Engine/Plugins/Messaging/UdpMessaging/UdpMessaging.uplugin
LogPluginManager: Loaded Plugin LevelSequenceEditor, From C:/Program Files/Epic Games/4.13/Engine/Plugins/MovieScene/LevelSequenceEditor/LevelSequenceEditor.uplugin
LogPluginManager: Loaded Plugin MatineeToLevelSequence, From C:/Program Files/Epic Games/4.13/Engine/Plugins/MovieScene/MatineeToLevelSequence/MatineeToLevelSequence.uplugin
LogPluginManager: Loaded Plugin NetcodeUnitTest, From C:/Program Files/Epic Games/4.13/Engine/Plugins/NetcodeUnitTest/NetcodeUnitTest/NetcodeUnitTest.uplugin
LogPluginManager: Loaded Plugin NUTUnrealEngine4, From C:/Program Files/Epic Games/4.13/Engine/Plugins/NetcodeUnitTest/NUTUnrealEngine4/NUTUnrealEngine4.uplugin
LogPluginManager: Loaded Plugin OnlineSubsystemGooglePlay, From C:/Program Files/Epic Games/4.13/Engine/Plugins/Online/Android/OnlineSubsystemGooglePlay/OnlineSubsystemGooglePlay.uplugin
LogPluginManager: Loaded Plugin OnlineSubsystemIOS, From C:/Program Files/Epic Games/4.13/Engine/Plugins/Online/IOS/OnlineSubsystemIOS/OnlineSubsystemIOS.uplugin
LogPluginManager: Loaded Plugin OnlineFramework, From C:/Program Files/Epic Games/4.13/Engine/Plugins/Online/OnlineFramework/OnlineFramework.uplugin
LogPluginManager: Loaded Plugin OnlineSubsystem, From C:/Program Files/Epic Games/4.13/Engine/Plugins/Online/OnlineSubsystem/OnlineSubsystem.uplugin
LogPluginManager: Loaded Plugin OnlineSubsystemAmazon, From C:/Program Files/Epic Games/4.13/Engine/Plugins/Online/OnlineSubsystemAmazon/OnlineSubsystemAmazon.uplugin
LogPluginManager: Loaded Plugin OnlineSubsystemFacebook, From C:/Program Files/Epic Games/4.13/Engine/Plugins/Online/OnlineSubsystemFacebook/OnlineSubsystemFacebook.uplugin
LogPluginManager: Loaded Plugin OnlineSubsystemNull, From C:/Program Files/Epic Games/4.13/Engine/Plugins/Online/OnlineSubsystemNull/OnlineSubsystemNull.uplugin
LogPluginManager: Loaded Plugin OnlineSubsystemOculus, From C:/Program Files/Epic Games/4.13/Engine/Plugins/Online/OnlineSubsystemOculus/OnlineSubsystemOculus.uplugin
LogPluginManager: Loaded Plugin OnlineSubsystemSteam, From C:/Program Files/Epic Games/4.13/Engine/Plugins/Online/OnlineSubsystemSteam/OnlineSubsystemSteam.uplugin
LogPluginManager: Loaded Plugin OnlineSubsystemUtils, From C:/Program Files/Epic Games/4.13/Engine/Plugins/Online/OnlineSubsystemUtils/OnlineSubsystemUtils.uplugin
LogPluginManager: Loaded Plugin IOSTapJoy, From C:/Program Files/Epic Games/4.13/Engine/Plugins/Runtime/Advertising/IOSTapJoy/IOSTapJoy.uplugin
LogPluginManager: Loaded Plugin AnalyticsBlueprintLibrary, From C:/Program Files/Epic Games/4.13/Engine/Plugins/Runtime/Analytics/AnalyticsBlueprintLibrary/AnalyticsBlueprintLibrary.uplugin
LogPluginManager: Loaded Plugin AnalyticsMulticast, From C:/Program Files/Epic Games/4.13/Engine/Plugins/Runtime/Analytics/AnalyticsMulticast/AnalyticsMulticast.uplugin
LogPluginManager: Loaded Plugin Apsalar, From C:/Program Files/Epic Games/4.13/Engine/Plugins/Runtime/Analytics/Apsalar/Apsalar.uplugin
LogPluginManager: Loaded Plugin FileLogging, From C:/Program Files/Epic Games/4.13/Engine/Plugins/Runtime/Analytics/FileLogging/FileLogging.uplugin
LogPluginManager: Loaded Plugin Flurry, From C:/Program Files/Epic Games/4.13/Engine/Plugins/Runtime/Analytics/Flurry/Flurry.uplugin
LogPluginManager: Loaded Plugin AndroidDeviceProfileSelector, From C:/Program Files/Epic Games/4.13/Engine/Plugins/Runtime/AndroidDeviceProfileSelector/AndroidDeviceProfileSelector.uplugin
LogPluginManager: Loaded Plugin AndroidMoviePlayer, From C:/Program Files/Epic Games/4.13/Engine/Plugins/Runtime/AndroidMoviePlayer/AndroidMoviePlayer.uplugin
LogPluginManager: Loaded Plugin AppleMoviePlayer, From C:/Program Files/Epic Games/4.13/Engine/Plugins/Runtime/AppleMoviePlayer/AppleMoviePlayer.uplugin
LogPluginManager: Loaded Plugin ArchVisCharacter, From C:/Program Files/Epic Games/4.13/Engine/Plugins/Runtime/ArchVisCharacter/ArchVisCharacter.uplugin
LogPluginManager: Loaded Plugin CableComponent, From C:/Program Files/Epic Games/4.13/Engine/Plugins/Runtime/CableComponent/CableComponent.uplugin
LogPluginManager: Loaded Plugin CustomMeshComponent, From C:/Program Files/Epic Games/4.13/Engine/Plugins/Runtime/CustomMeshComponent/CustomMeshComponent.uplugin
LogPluginManager: Loaded Plugin ExampleDeviceProfileSelector, From C:/Program Files/Epic Games/4.13/Engine/Plugins/Runtime/ExampleDeviceProfileSelector/ExampleDeviceProfileSelector.uplugin
LogPluginManager: Loaded Plugin GearVR, From C:/Program Files/Epic Games/4.13/Engine/Plugins/Runtime/GearVR/GearVR.uplugin
LogPluginManager: Loaded Plugin GoogleVRController, From C:/Program Files/Epic Games/4.13/Engine/Plugins/Runtime/GoogleVR/GoogleVRController/GoogleVRController.uplugin
LogPluginManager: Loaded Plugin GoogleVRHMD, From C:/Program Files/Epic Games/4.13/Engine/Plugins/Runtime/GoogleVR/GoogleVRHMD/GoogleVRHMD.uplugin
LogPluginManager: Loaded Plugin IOSDeviceProfileSelector, From C:/Program Files/Epic Games/4.13/Engine/Plugins/Runtime/IOSDeviceProfileSelector/IOSDeviceProfileSelector.uplugin
LogPluginManager: Loaded Plugin LeapMotion, From C:/Program Files/Epic Games/4.13/Engine/Plugins/Runtime/LeapMotion/LeapMotion.uplugin
LogPluginManager: Loaded Plugin LinuxDeviceProfileSelector, From C:/Program Files/Epic Games/4.13/Engine/Plugins/Runtime/LinuxDeviceProfileSelector/LinuxDeviceProfileSelector.uplugin
LogPluginManager: Loaded Plugin LiveEditorListenServer, From C:/Program Files/Epic Games/4.13/Engine/Plugins/Runtime/LiveEditorListenServer/LiveEditorListenServer.uplugin
LogPluginManager: Loaded Plugin OculusAudio, From C:/Program Files/Epic Games/4.13/Engine/Plugins/Runtime/OculusAudio/OculusAudio.uplugin
LogPluginManager: Loaded Plugin OculusInput, From C:/Program Files/Epic Games/4.13/Engine/Plugins/Runtime/OculusInput/OculusInput.uplugin
LogPluginManager: Loaded Plugin OculusLibrary, From C:/Program Files/Epic Games/4.13/Engine/Plugins/Runtime/OculusLibrary/OculusLibrary.uplugin
LogPluginManager: Loaded Plugin OculusRift, From C:/Program Files/Epic Games/4.13/Engine/Plugins/Runtime/OculusRift/OculusRift.uplugin
LogPluginManager: Loaded Plugin Oodle, From C:/Program Files/Epic Games/4.13/Engine/Plugins/Runtime/PacketHandlers/CompressionComponents/Oodle/Oodle.uplugin
LogPluginManager: Loaded Plugin ProceduralMeshComponent, From C:/Program Files/Epic Games/4.13/Engine/Plugins/Runtime/ProceduralMeshComponent/ProceduralMeshComponent.uplugin
LogPluginManager: Loaded Plugin SoundMod, From C:/Program Files/Epic Games/4.13/Engine/Plugins/Runtime/SoundMod/SoundMod.uplugin
LogPluginManager: Loaded Plugin SoundVisualizations, From C:/Program Files/Epic Games/4.13/Engine/Plugins/Runtime/SoundVisualizations/SoundVisualizations.uplugin
LogPluginManager: Loaded Plugin SteamController, From C:/Program Files/Epic Games/4.13/Engine/Plugins/Runtime/Steam/SteamController/SteamController.uplugin
LogPluginManager: Loaded Plugin SteamVR, From C:/Program Files/Epic Games/4.13/Engine/Plugins/Runtime/Steam/SteamVR/SteamVR.uplugin
LogPluginManager: Loaded Plugin WebBrowserWidget, From C:/Program Files/Epic Games/4.13/Engine/Plugins/Runtime/WebBrowserWidget/WebBrowserWidget.uplugin
LogPluginManager: Loaded Plugin WindowsDeviceProfileSelector, From C:/Program Files/Epic Games/4.13/Engine/Plugins/Runtime/WindowsDeviceProfileSelector/WindowsDeviceProfileSelector.uplugin
LogPluginManager: Loaded Plugin WindowsMoviePlayer, From C:/Program Files/Epic Games/4.13/Engine/Plugins/Runtime/WindowsMoviePlayer/WindowsMoviePlayer.uplugin
LogPluginManager: Loaded Plugin ScriptPlugin, From C:/Program Files/Epic Games/4.13/Engine/Plugins/ScriptPlugin/ScriptPlugin.uplugin
LogPluginManager: Loaded Plugin SlateRemote, From C:/Program Files/Epic Games/4.13/Engine/Plugins/Slate/SlateRemote/SlateRemote.uplugin
LogInit: Using libcurl 7.47.1
LogInit:  - built for x86_64-pc-win32
LogInit:  - supports SSL with WinSSL
LogInit:  - other features:
LogInit:      CURL_VERSION_SSL
LogInit:      CURL_VERSION_IPV6
LogInit:      CURL_VERSION_ASYNCHDNS
LogInit:      CURL_VERSION_LARGEFILE
LogInit:      CURL_VERSION_IDN
LogInit:  CurlRequestOptions (configurable via config and command line):
LogInit:  - bVerifyPeer = false  - Libcurl will NOT verify peer certificate
LogInit:  - bUseHttpProxy = false  - Libcurl will NOT use HTTP proxy
LogInit:  - bDontReuseConnections = false  - Libcurl will reuse connections
LogInit:  - CertBundlePath = nullptr  - Libcurl will use whatever was configured at build time.
LogInit: Build: ++UE4+Release-4.13-CL-3142249
LogInit: Engine Version: 4.13.1-3142249+++UE4+Release-4.13
LogInit: Compatible Engine Version: 4.13.0-3106830+++UE4+Release-4.13
LogInit: Net CL: 3142249
LogDevObjectVersion: Number of dev versions registered: 13
LogDevObjectVersion:   Dev-Blueprints (B0D832E4-1F89-4F0D-ACCF-7EB736FD4AA2): 5
LogDevObjectVersion:   Dev-Build (E1C64328-A22C-4D53-A36C-8E866417BD8C): 0
LogDevObjectVersion:   Dev-Core (375EC13C-06E4-48FB-B500-84F0262A717E): 1
LogDevObjectVersion:   Dev-Editor (E4B068ED-F494-42E9-A231-DA0B2E46BB41): 6
LogDevObjectVersion:   Dev-Framework (CFFC743F-43B0-4480-9391-14DF171D2073): 12
LogDevObjectVersion:   Dev-Mobile (B02B49B5-BB20-44E9-A304-32B752E40360): 0
LogDevObjectVersion:   Dev-Networking (A4E4105C-59A1-49B5-A7C5-40C4547EDFEE): 0
LogDevObjectVersion:   Dev-Online (39C831C9-5AE6-47DC-9A44-9C173E1C8E7C): 0
LogDevObjectVersion:   Dev-Physics (78F01B33-EBEA-4F98-B9B4-84EACCB95AA2): 0
LogDevObjectVersion:   Dev-Platform (6631380F-2D4D-43E0-8009-CF276956A95A): 0
LogDevObjectVersion:   Dev-Rendering (12F88B9F-8875-4AFC-A67C-D90C383ABD29): 4
LogDevObjectVersion:   Dev-Sequencer (7B5AE74C-D270-4C10-A958-57980B212A5A): 0
LogDevObjectVersion:   Dev-VR (D7296918-1DD6-4BDD-9DE2-64A83CC13884): 0
LogInit: Compiled (64-bit): Sep 28 2016 02:12:12
LogInit: Compiled with Visual C++: 19.00.23026.00
LogInit: Build Configuration: Development
LogInit: Branch Name: ++UE4+Release-4.13
LogInit: Command line:  
LogInit: Base directory: C:/Program Files/Epic Games/4.13/Engine/Binaries/Win64/
LogInit: Installed Engine Build: 1
LogInit: Presizing for max 8388607 objects, including 0 objects not considered by GC, pre-allocating 0 bytes for permanent pool.
LogInit: Object subsystem initialized
[2016.11.22-13.33.11:252][  0]LogInit: Selected Device Profile: [Windows]
[2016.11.22-13.33.11:252][  0]LogInit: Applying CVar settings loaded from the selected device profile: [Windows]
[2016.11.22-13.33.11:353][  0]LogInit: Computer: USER-PC
[2016.11.22-13.33.11:353][  0]LogInit: User: till
[2016.11.22-13.33.11:353][  0]LogInit: CPU Page size=65536, Cores=4
[2016.11.22-13.33.11:353][  0]LogInit: High frequency timer resolution =3.139003 MHz
[2016.11.22-13.33.11:353][  0]LogMemory: Memory total: Physical=4.0GB (4GB approx)
[2016.11.22-13.33.11:353][  0]LogMemory: Platform Memory Stats for Windows
[2016.11.22-13.33.11:353][  0]LogMemory: Process Physical Memory: 255.94 MB used, 255.94 MB peak
[2016.11.22-13.33.11:353][  0]LogMemory: Process Virtual Memory: 260.53 MB used, 260.53 MB peak
[2016.11.22-13.33.11:353][  0]LogMemory: Physical Memory: 3628.86 MB used, 4095.18 MB total
[2016.11.22-13.33.11:353][  0]LogMemory: Virtual Memory: 590.46 MB used, 8388608.00 MB total
[2016.11.22-13.33.19:687][  0]LogTextLocalizationManager: No translations for ('de-DE') exist, falling back to 'en' for localization and internationalization data.
[2016.11.22-13.33.46:150][  0]LogD3D11RHI: D3D11 adapters:
[2016.11.22-13.33.49:073][  0]LogD3D11RHI:    0. 'NVIDIA GeForce GTX 680' (Feature Level 11_0)
[2016.11.22-13.33.49:073][  0]LogD3D11RHI:       4026/0/1791 MB DedicatedVideo/DedicatedSystem/SharedSystem, Outputs:1, VendorId:0x10de
[2016.11.22-13.33.49:073][  0]LogD3D11RHI: Chosen D3D11 Adapter: 0
[2016.11.22-13.33.49:122][  0]LogD3D11RHI: Creating new Direct3DDevice
[2016.11.22-13.33.49:151][  0]LogD3D11RHI:     GPU DeviceId: 0x1180 (for the marketing name, search the web for "GPU Device Id")
[2016.11.22-13.33.49:198][  0]LogWindows: EnumDisplayDevices:
[2016.11.22-13.33.49:337][  0]LogWindows:    0. 'NVIDIA GeForce GTX 680' (P:1 D:1)
[2016.11.22-13.33.49:337][  0]LogWindows:    1. 'NVIDIA GeForce GTX 680' (P:0 D:0)
[2016.11.22-13.33.49:338][  0]LogWindows:    2. 'NVIDIA GeForce GTX 680' (P:0 D:0)
[2016.11.22-13.33.49:338][  0]LogWindows:    3. 'NVIDIA GeForce GTX 680' (P:0 D:0)
[2016.11.22-13.33.49:338][  0]LogWindows:    4. 'RDPDD Chained DD' (P:0 D:0)
[2016.11.22-13.33.49:338][  0]LogWindows:    5. 'RDP Encoder Mirror Driver' (P:0 D:0)
[2016.11.22-13.33.49:338][  0]LogWindows:    6. 'RDP Reflector Display Driver' (P:0 D:0)
[2016.11.22-13.33.49:339][  0]LogWindows: DebugString: GetVideoDriverDetailsInvalid PrimaryIsNotTheChoosenAdapter GetVideoDriverDetailsInvalid PrimaryIsNotTheChoosenAdapter GetVideoDriverDetailsInvalid PrimaryIsNotTheChoosenAdapter FoundDriverCount:4 
[2016.11.22-13.33.49:339][  0]LogD3D11RHI:     Adapter Name: NVIDIA GeForce GTX 680
[2016.11.22-13.33.49:339][  0]LogD3D11RHI:   Driver Version: 375.70 (internal:21.21.13.7570, unified:375.70)
[2016.11.22-13.33.49:339][  0]LogD3D11RHI:      Driver Date: 10-25-2016
[2016.11.22-13.33.49:339][  0]LogRHI: Texture pool is 1361 MB (70% of 1945 MB)
[2016.11.22-13.33.49:353][  0]LogD3D11RHI: Async texture creation enabled
[2016.11.22-13.33.50:428][  0]LogD3D11RHI: GPU Timing Frequency: 1000.000000 (Debug: 2 2)
[2016.11.22-13.33.50:703][  0]LogShaderCompilers: Guid format shader working directory is 0 characters bigger than the processId version (../../../../../../UnrealProjects/vrkatrix3sml/Intermediate/Shaders/WorkingDirectory/7276/).
[2016.11.22-13.33.50:740][  0]LogShaderCompilers: Cleaned the shader compiler working directory 'C:/Users/till/AppData/Local/Temp/UnrealShaderWorkingDir/BCDD77FC4C22FC760A8A7D97773A420D/'.
[2016.11.22-13.33.50:741][  0]LogShaderCompilers:Display: Using Local Shader Compiler.
[2016.11.22-13.34.29:121][  0]LogTemp:Display: Loaded TP AllDesktopTargetPlatform
[2016.11.22-13.34.29:157][  0]LogTemp:Display: Loaded TP WindowsClientTargetPlatform
[2016.11.22-13.34.29:248][  0]LogTemp:Display: Loaded TP WindowsNoEditorTargetPlatform
[2016.11.22-13.34.29:307][  0]LogTemp:Display: Loaded TP WindowsServerTargetPlatform
[2016.11.22-13.34.29:364][  0]LogTemp:Display: Loaded TP WindowsTargetPlatform
[2016.11.22-13.34.29:487][  0]LogTemp:Display: Loaded TP AndroidTargetPlatform
[2016.11.22-13.34.29:574][  0]LogTemp:Display: Loaded TP Android_ASTCTargetPlatform
[2016.11.22-13.34.29:724][  0]LogTemp:Display: Loaded TP Android_ATCTargetPlatform
[2016.11.22-13.34.29:854][  0]LogTemp:Display: Loaded TP Android_DXTTargetPlatform
[2016.11.22-13.34.29:994][  0]LogTemp:Display: Loaded TP Android_ETC1TargetPlatform
[2016.11.22-13.34.30:022][  0]LogTemp:Display: Loaded TP Android_ETC2TargetPlatform
[2016.11.22-13.34.30:225][  0]LogTemp:Display: Loaded TP Android_MultiTargetPlatform
[2016.11.22-13.34.30:226][  0]LogTemp:Display: Loaded TP Android_PVRTCTargetPlatform
[2016.11.22-13.34.30:261][  0]LogTemp:Display: Loaded TP HTML5TargetPlatform
[2016.11.22-13.34.30:572][  0]LogTemp:Display: Loaded TP IOSTargetPlatform
[2016.11.22-13.34.30:582][  0]LogTemp:Display: Loaded TP TVOSTargetPlatform
[2016.11.22-13.34.30:771][  0]LogTemp:Display: Loaded TP LinuxClientTargetPlatform
[2016.11.22-13.34.30:804][  0]LogTemp:Display: Loaded TP LinuxNoEditorTargetPlatform
[2016.11.22-13.34.30:893][  0]LogTemp:Display: Loaded TP LinuxServerTargetPlatform
[2016.11.22-13.34.30:968][  0]LogTemp:Display: Loaded TP LinuxTargetPlatform
[2016.11.22-13.34.30:968][  0]LogTargetPlatformManager:Display: Building Assets For Windows
[2016.11.22-13.34.35:352][  0]LogDerivedDataCache:Display: Max Cache Size: 512 MB
[2016.11.22-13.34.48:293][  0]LogDerivedDataCache: Loaded boot cache 12.93s 65MB C:/Users/till/AppData/Local/UnrealEngine/4.13/DerivedDataCache/Boot.ddc.
[2016.11.22-13.34.48:293][  0]LogDerivedDataCache:Display: Loaded Boot cache: C:/Users/till/AppData/Local/UnrealEngine/4.13/DerivedDataCache/Boot.ddc
[2016.11.22-13.34.48:293][  0]LogDerivedDataCache: FDerivedDataBackendGraph:  Pak pak cache file ../../../../../../UnrealProjects/vrkatrix3sml/DerivedDataCache/DDC.ddp not found, will not use a pak cache.
[2016.11.22-13.34.48:293][  0]LogDerivedDataCache: Unable to find inner node Pak for hierarchical cache Hierarchy.
[2016.11.22-13.34.48:293][  0]LogDerivedDataCache: FDerivedDataBackendGraph:  CompressedPak pak cache file ../../../../../../UnrealProjects/vrkatrix3sml/DerivedDataCache/Compressed.ddp not found, will not use a pak cache.
[2016.11.22-13.34.48:293][  0]LogDerivedDataCache: Unable to find inner node CompressedPak for hierarchical cache Hierarchy.
[2016.11.22-13.34.48:592][  0]LogDerivedDataCache:Display: Pak cache opened for reading ../../../Engine/DerivedDataCache/Compressed.ddp.
[2016.11.22-13.34.48:604][  0]LogDerivedDataCache: Using Local data cache path C:/Users/till/AppData/Local/UnrealEngine/Common/DerivedDataCache: Writable
[2016.11.22-13.35.35:002][  0]LogInit: Selected Device Profile: [Windows]
[2016.11.22-13.35.35:109][  0]LogMaterial: Uniform references updated for custom material expression Custom.
[2016.11.22-13.35.35:255][  0]LogContentStreaming: Texture pool size is 0.00 MB
[2016.11.22-13.35.39:442][  0]LogMeshUtilities: No automatic mesh reduction module available
[2016.11.22-13.35.39:442][  0]LogMeshUtilities: No automatic mesh merging module available
[2016.11.22-13.35.39:442][  0]LogMeshUtilities: No distributed automatic mesh merging module available
[2016.11.22-13.35.57:747][  0]LogNetVersion: GetLocalNetworkVersion: CL: 3106830, ProjectName: vrkatrix3sml, ProjectVersion: , EngineNetworkVersion: 1, GameNetworkVersion: 0, NetworkChecksum: 952103848
[2016.11.22-13.35.58:520][  0]LogAssetRegistry: FAssetRegistry took 0.0200 seconds to start up
[2016.11.22-13.35.59:302][  0]LogPackageLocalizationCache: Processed 3 localized package path(s) for 1 prioritized culture(s) in 0.407915 seconds
[2016.11.22-13.35.59:435][  0]LogUObjectArray: 29778 objects as part of root set at end of initial load.
[2016.11.22-13.35.59:436][  0]LogUObjectAllocator: 6125456 out of 0 bytes used by permanent object pool.
[2016.11.22-13.35.59:436][  0]LogUObjectArray: CloseDisregardForGC: 0/0 objects in disregard for GC pool
[2016.11.22-13.35.59:740][  0]LogInit: WinSock: version 1.1 (2.2), MaxSocks=32767, MaxUdp=65467
[2016.11.22-13.36.19:837][  0]LogSlate: SlateFontCache - WITH_FREETYPE: 1, WITH_HARFBUZZ: 1
[2016.11.22-13.36.19:837][  0]LogSlate: SlateFontCache - WITH_FREETYPE: 1, WITH_HARFBUZZ: 1
[2016.11.22-13.37.42:676][  0]LogTcpMessaging: Initializing TcpMessaging bridge
[2016.11.22-13.37.43:110][  0]LogUdpMessaging: Initializing bridge on interface 0.0.0.0:0 to multicast group 230.0.0.1:6666.
[2016.11.22-13.37.47:695][  0]SourceControl: Info Source control is disabled
[2016.11.22-13.37.47:718][  0]SourceControl: Info Source control is disabled
[2016.11.22-13.37.48:558][  0]SourceControl: Info Source control is disabled
[2016.11.22-13.37.48:854][  0]SourceControl: Info Source control is disabled
[2016.11.22-13.38.01:690][  0]LogEngine: Initializing Engine...
[2016.11.22-13.38.06:798][  0]LogHMD: SteamVR initialized.  Driver: lighthouse  Display: LHR-93B68B81
[2016.11.22-13.38.11:494][  0]LogAIModule: Creating AISystem for world Untitled
[2016.11.22-13.38.16:400][  0]LogInit: XAudio2 using 'Lautsprecher (Realtek High Definition Audio)' : 2 channels at 48 kHz using 32 bits per sample (channel mask 0x3)
[2016.11.22-13.38.18:556][  0]LogInit: FAudioDevice initialized.
[2016.11.22-13.38.19:141][  0]LogDerivedDataCache: Saved boot cache 0.58s 65MB C:/Users/till/AppData/Local/UnrealEngine/4.13/DerivedDataCache/Boot.ddc.
[2016.11.22-13.38.19:171][  0]LogInit: Texture streaming: Enabled
[2016.11.22-13.38.20:761][  0]LogInit: Transaction tracking system initialized
[2016.11.22-13.38.23:225][  0]BlueprintLog: New page: Editor Load
[2016.11.22-13.38.31:443][  0]LocalizationService: Info Localization service is disabled
[2016.11.22-13.38.37:029][  0]LogConsoleResponse:Display: 
[2016.11.22-13.38.43:770][  0]LogFileCache: Scanning file cache for directory 'C:/UnrealProjects/vrkatrix3sml/Content/' took 0.02s
[2016.11.22-13.38.43:770][  0]LogCook:Display: Max memory allowance for cook 16384mb min free memory 0mb
[2016.11.22-13.38.43:770][  0]LogCook:Display: Mobile HDR setting 0
[2016.11.22-13.38.55:674][  0]SourceControl: Info Source control is disabled
[2016.11.22-13.38.55:764][  0]Cmd: MAP LOAD FILE="../../../../../../UnrealProjects/vrkatrix3sml/Content/VirtualRealityBP/Maps/StartupMap.umap" TEMPLATE=0 SHOWPROGRESS=1 FEATURELEVEL=3
[2016.11.22-13.38.56:010][  0]LightingResults: New page: Lighting Build
[2016.11.22-13.38.56:637][  0]MapCheck: New page: Map Check
[2016.11.22-13.38.56:637][  0]LightingResults: New page: Lighting Build
[2016.11.22-13.39.00:835][  0]LogAIModule: Creating AISystem for world StartupMap
[2016.11.22-13.39.04:726][  0]LogEditorServer: Finished looking for orphan Actors (0.302 secs)
[2016.11.22-13.39.06:548][  0]Cmd: MAP CHECKDEP NOCLEARLOG
[2016.11.22-13.39.06:724][  0]MapCheck: Info Map check complete: 0 Error(s), 0 Warning(s), took 50.337ms to complete.
[2016.11.22-13.39.06:724][  0]LogFileHelpers: Loading map 'StartupMap' took 10.960
[2016.11.22-13.39.09:964][  0]LogCollectionManager: Loaded 0 collections in 0.002439 seconds
[2016.11.22-13.39.10:488][  0]LogFileCache: Scanning file cache for directory 'C:/UnrealProjects/vrkatrix3sml/Saved/Collections/' took 0.01s
[2016.11.22-13.39.10:488][  0]LogFileCache: Scanning file cache for directory 'C:/UnrealProjects/vrkatrix3sml/Content/Developers/till/Collections/' took 0.01s
[2016.11.22-13.39.10:488][  0]LogFileCache: Scanning file cache for directory 'C:/UnrealProjects/vrkatrix3sml/Content/Collections/' took 0.01s
[2016.11.22-13.39.10:488][  0]LogCollectionManager: Rebuilt the GUID cache for 0 collections in 0.000016 seconds
[2016.11.22-13.39.10:636][  0]LogContentBrowser: Native class hierarchy populated in 0.1143 seconds. Added 2141 classes and 415 folders.
[2016.11.22-13.39.10:981][  0]LogStats: UGameplayTagsManager::ConstructGameplayTagTree: Construct from data asset -  0.000 s
[2016.11.22-13.39.10:982][  0]LogStats: UGameplayTagsManager::ConstructGameplayTagTree: GameplayTagTreeChangedEvent.Broadcast -  0.000 s
[2016.11.22-13.39.11:033][  0]LogContentBrowser: Native class hierarchy updated for 'GameplayTags' in 0.0009 seconds. Added 12 classes and 0 folders.
[2016.11.22-13.39.11:157][  0]LogContentBrowser: Native class hierarchy updated for 'WidgetCarousel' in 0.0007 seconds. Added 0 classes and 0 folders.
[2016.11.22-13.39.20:037][  0]LogContentBrowser: Native class hierarchy updated for 'AddContentDialog' in 0.0008 seconds. Added 0 classes and 0 folders.
[2016.11.22-13.39.20:194][  0]LogContentBrowser: Native class hierarchy updated for 'SceneOutliner' in 0.0007 seconds. Added 1 classes and 2 folders.
[2016.11.22-13.39.22:385][  0]LogCrashTracker: Crashtracker disabled due to settings.
[2016.11.22-13.39.22:871][  0]LogUObjectGlobals:Warning: Failed to find object 'Class None.'
[2016.11.22-13.39.24:657][  0]LogContentBrowser: Native class hierarchy updated for 'HierarchicalLODOutliner' in 0.0008 seconds. Added 1 classes and 2 folders.
[2016.11.22-13.39.24:658][  0]LogLoad: (Engine Initialization) Total time: 377.49 seconds
[2016.11.22-13.39.24:658][  0]LogLoad: (Engine Initialization) Total Blueprint compile time: 1.39 seconds
[2016.11.22-13.39.24:673][  0]LogExternalProfiler: Found external profiler: VSPerf
[2016.11.22-13.39.24:673][  0]LogExternalProfiler: Using external profiler: VSPerf
[2016.11.22-13.39.24:724][  0]LogOcInput: OculusInput pre-init called
[2016.11.22-13.39.25:053][  0]LogContentStreaming: Texture pool size now 800 MB
[2016.11.22-13.39.27:076][  1]LogRenderer: Reallocating scene render targets to support 852x536 (Frame:2).
[2016.11.22-13.39.28:718][  2]LogD3D11RHI: Timed out while waiting for GPU to catch up. (500 ms)
[2016.11.22-13.39.29:218][  2]LogD3D11RHI: Timed out while waiting for GPU to catch up. (500 ms)
[2016.11.22-13.39.29:719][  2]LogD3D11RHI: Timed out while waiting for GPU to catch up. (500 ms)
[2016.11.22-13.39.30:607][  5]LogAssetRegistry: Asset discovery search completed in 212.1015 seconds
[2016.11.22-13.39.30:607][  5]LogCollectionManager: Rebuilt the object cache for 0 collections in 0.000001 seconds (found 0 objects)
[2016.11.22-13.39.30:695][  5]LogCollectionManager: Fixed up redirectors for 0 collections in 0.087302 seconds (updated 0 objects)
[2016.11.22-13.39.43:344][990]Cmd: CLOSE_SLATE_MAINFRAME
[2016.11.22-13.39.43:692][991]Cmd: QUIT_EDITOR
[2016.11.22-13.39.43:826][991]LogExit: Preparing to exit.
[2016.11.22-13.39.44:666][991]LogDirectoryWatcher: A directory notification for 'C:/UnrealProjects/vrkatrix3sml/Content/' was aborted.
[2016.11.22-13.39.44:690][991]LogExit: Editor shut down
[2016.11.22-13.39.44:690][991]LogExit: Transaction tracking system shut down
[2016.11.22-13.39.45:383][991]LogObj: Freed 0b from 0 cluster array pools.
[2016.11.22-13.39.45:383][991]LogExit: Object subsystem successfully closed.
[2016.11.22-13.39.47:499][991]LogD3D11RHI: Shutdown
[2016.11.22-13.39.47:499][991]LogD3D11RHI: CleanupD3DDevice
[2016.11.22-13.39.47:791][991]LogD3D11RHI: ~FD3D11DynamicRHI
[2016.11.22-13.39.49:288][991]LogModuleManager: Shutting down and abandoning module HierarchicalLODOutliner (233)
[2016.11.22-13.39.49:324][991]LogModuleManager: Shutting down and abandoning module CrashTracker (232)
[2016.11.22-13.39.49:324][991]LogModuleManager: Shutting down and abandoning module SceneOutliner (231)
[2016.11.22-13.39.49:324][991]LogModuleManager: Shutting down and abandoning module WidgetCarousel (230)
[2016.11.22-13.39.49:324][991]LogModuleManager: Shutting down and abandoning module AddContentDialog (229)
[2016.11.22-13.39.49:339][991]LogDirectoryWatcher: A directory notification for 'C:/Program Files/Epic Games/4.13/FeaturePacks/' was aborted.
[2016.11.22-13.39.49:341][991]LogModuleManager: Shutting down and abandoning module GameplayTags (228)
[2016.11.22-13.39.49:341][991]LogModuleManager: Shutting down and abandoning module EditorWidgets (227)
[2016.11.22-13.39.49:341][991]LogModuleManager: Shutting down and abandoning module CollectionManager (226)
[2016.11.22-13.39.49:394][991]LogDirectoryWatcher: A directory notification for 'C:/UnrealProjects/vrkatrix3sml/Content/Collections/' was aborted.
[2016.11.22-13.39.49:394][991]LogDirectoryWatcher: A directory notification for 'C:/UnrealProjects/vrkatrix3sml/Content/Developers/till/Collections/' was aborted.
[2016.11.22-13.39.49:394][991]LogDirectoryWatcher: A directory notification for 'C:/UnrealProjects/vrkatrix3sml/Saved/Collections/' was aborted.
[2016.11.22-13.39.49:394][991]LogModuleManager: Shutting down and abandoning module StatsViewer (225)
[2016.11.22-13.39.49:516][991]LogModuleManager: Shutting down and abandoning module FoliageEdit (224)
[2016.11.22-13.39.49:516][991]LogModuleManager: Shutting down and abandoning module LandscapeEditor (223)
[2016.11.22-13.39.49:554][991]LogModuleManager: Shutting down and abandoning module SceneDepthPickerMode (222)
[2016.11.22-13.39.49:554][991]LogModuleManager: Shutting down and abandoning module ActorPickerMode (221)
[2016.11.22-13.39.49:554][991]LogModuleManager: Shutting down and abandoning module GeometryMode (220)
[2016.11.22-13.39.49:554][991]LogModuleManager: Shutting down and abandoning module TextureAlignMode (219)
[2016.11.22-13.39.49:554][991]LogModuleManager: Shutting down and abandoning module BspMode (218)
[2016.11.22-13.39.49:554][991]LogModuleManager: Shutting down and abandoning module HardwareSurvey (217)
[2016.11.22-13.39.49:554][991]LogModuleManager: Shutting down and abandoning module SequenceRecorderSections (216)
[2016.11.22-13.39.49:555][991]LogModuleManager: Shutting down and abandoning module SequenceRecorder (215)
[2016.11.22-13.39.49:630][991]LogModuleManager: Shutting down and abandoning module AutomationWorker (214)
[2016.11.22-13.39.49:630][991]LogModuleManager: Shutting down and abandoning module MatineeToLevelSequence (213)
[2016.11.22-13.39.49:630][991]LogModuleManager: Shutting down and abandoning module PlacementMode (212)
[2016.11.22-13.39.49:663][991]LogModuleManager: Shutting down and abandoning module LevelSequenceEditor (211)
[2016.11.22-13.39.49:824][991]LogModuleManager: Shutting down and abandoning module WmfMediaFactory (210)
[2016.11.22-13.39.49:824][991]LogModuleManager: Shutting down and abandoning module WmfMediaEditor (209)
[2016.11.22-13.39.49:824][991]LogModuleManager: Shutting down and abandoning module AvfMediaFactory (208)
[2016.11.22-13.39.49:824][991]LogModuleManager: Shutting down and abandoning module AvfMediaEditor (207)
[2016.11.22-13.39.49:824][991]LogModuleManager: Shutting down and abandoning module Media (206)
[2016.11.22-13.39.49:824][991]LogModuleManager: Shutting down and abandoning module AndroidMediaFactory (205)
[2016.11.22-13.39.49:824][991]LogModuleManager: Shutting down and abandoning module AndroidMediaEditor (204)
[2016.11.22-13.39.49:824][991]LogModuleManager: Shutting down and abandoning module CharacterAI (203)
[2016.11.22-13.39.49:824][991]LogModuleManager: Shutting down and abandoning module SmartSnapping (202)
[2016.11.22-13.39.49:824][991]LogModuleManager: Shutting down and abandoning module SessionServices (201)
[2016.11.22-13.39.49:824][991]LogModuleManager: Shutting down and abandoning module ViewportSnapping (200)
[2016.11.22-13.39.49:824][991]LogModuleManager: Shutting down and abandoning module ViewportInteraction (199)
[2016.11.22-13.39.49:824][991]LogModuleManager: Shutting down and abandoning module LogVisualizer (198)
[2016.11.22-13.39.49:894][991]LogModuleManager: Shutting down and abandoning module GameProjectGeneration (197)
[2016.11.22-13.39.50:001][991]LogModuleManager: Shutting down and abandoning module IntroTutorials (196)
[2016.11.22-13.39.50:058][991]LogModuleManager: Shutting down and abandoning module EditorLiveStreaming (195)
[2016.11.22-13.39.50:058][991]LogModuleManager: Shutting down and abandoning module IOSPlatformEditor (194)
[2016.11.22-13.39.50:058][991]LogModuleManager: Shutting down and abandoning module HTML5PlatformEditor (193)
[2016.11.22-13.39.50:058][991]LogModuleManager: Shutting down and abandoning module AndroidDeviceDetection (192)
[2016.11.22-13.39.50:296][991]LogModuleManager: Shutting down and abandoning module AndroidPlatformEditor (191)
[2016.11.22-13.39.50:296][991]LogModuleManager: Shutting down and abandoning module IOSRuntimeSettings (190)
[2016.11.22-13.39.50:296][991]LogModuleManager: Shutting down and abandoning module AndroidRuntimeSettings (189)
[2016.11.22-13.39.50:296][991]LogModuleManager: Shutting down and abandoning module NiagaraEditor (188)
[2016.11.22-13.39.50:581][991]LogModuleManager: Shutting down and abandoning module MergeActors (187)
[2016.11.22-13.39.50:652][991]LogModuleManager: Shutting down and abandoning module SizeMap (186)
[2016.11.22-13.39.50:652][991]LogModuleManager: Shutting down and abandoning module TreeMap (185)
[2016.11.22-13.39.50:704][991]LogModuleManager: Shutting down and abandoning module ReferenceViewer (184)
[2016.11.22-13.39.50:704][991]LogModuleManager: Shutting down and abandoning module LocalizationService (183)
[2016.11.22-13.39.50:705][991]LogModuleManager: Shutting down and abandoning module LocalizationDashboard (182)
[2016.11.22-13.39.50:750][991]LogModuleManager: Shutting down and abandoning module HardwareTargeting (181)
[2016.11.22-13.39.50:750][991]LogModuleManager: Shutting down and abandoning module DeviceProfileEditor (180)
[2016.11.22-13.39.50:813][991]LogModuleManager: Shutting down and abandoning module UndoHistory (179)
[2016.11.22-13.39.50:813][991]LogModuleManager: Shutting down and abandoning module UserFeedback (178)
[2016.11.22-13.39.50:813][991]LogModuleManager: Shutting down and abandoning module XmlParser (177)
[2016.11.22-13.39.50:813][991]LogModuleManager: Shutting down and abandoning module Blutility (176)
[2016.11.22-13.39.50:813][991]LogModuleManager: Shutting down and abandoning module ProjectTargetPlatformEditor (175)
[2016.11.22-13.39.50:870][991]LogModuleManager: Shutting down and abandoning module ProjectSettingsViewer (174)
[2016.11.22-13.39.50:870][991]LogModuleManager: Shutting down and abandoning module InputBindingEditor (173)
[2016.11.22-13.39.51:039][991]LogModuleManager: Shutting down and abandoning module EditorSettingsViewer (172)
[2016.11.22-13.39.51:039][991]LogModuleManager: Shutting down and abandoning module SettingsEditor (171)
[2016.11.22-13.39.51:107][991]LogModuleManager: Shutting down and abandoning module ProjectLauncher (170)
[2016.11.22-13.39.51:271][991]LogModuleManager: Shutting down and abandoning module SessionFrontend (169)
[2016.11.22-13.39.51:314][991]LogModuleManager: Shutting down and abandoning module ProfilerClient (168)
[2016.11.22-13.39.51:430][991]LogModuleManager: Shutting down and abandoning module TargetDeviceServices (167)
[2016.11.22-13.39.51:430][991]LogModuleManager: Shutting down and abandoning module DeviceManager (166)
[2016.11.22-13.39.51:520][991]LogModuleManager: Shutting down and abandoning module AutomationController (165)
[2016.11.22-13.39.51:520][991]LogModuleManager: Shutting down and abandoning module AutomationWindow (164)
[2016.11.22-13.39.52:047][991]LogModuleManager: Shutting down and abandoning module Layers (163)
[2016.11.22-13.39.52:349][991]LogModuleManager: Shutting down and abandoning module ComponentVisualizers (162)
[2016.11.22-13.39.52:349][991]LogModuleManager: Shutting down and abandoning module DetailCustomizations (161)
[2016.11.22-13.39.52:349][991]LogModuleManager: Shutting down and abandoning module PackagesDialog (160)
[2016.11.22-13.39.52:349][991]LogModuleManager: Shutting down and abandoning module AnimGraph (159)
[2016.11.22-13.39.52:353][991]LogModuleManager: Shutting down and abandoning module Persona (158)
[2016.11.22-13.39.52:617][991]LogModuleManager: Shutting down and abandoning module Kismet (157)
[2016.11.22-13.39.52:646][991]LogModuleManager: Shutting down and abandoning module GraphEditor (156)
[2016.11.22-13.39.52:646][991]LogModuleManager: Shutting down and abandoning module ClassViewer (155)
[2016.11.22-13.39.52:715][991]LogModuleManager: Shutting down and abandoning module Toolbox (154)
[2016.11.22-13.39.52:715][991]LogModuleManager: Shutting down and abandoning module ModuleUI (153)
[2016.11.22-13.39.52:946][991]LogModuleManager: Shutting down and abandoning module MovieSceneTools (152)
[2016.11.22-13.39.53:077][991]LogModuleManager: Shutting down and abandoning module OutputLog (151)
[2016.11.22-13.39.53:258][991]LogModuleManager: Shutting down and abandoning module GammaUI (150)
[2016.11.22-13.39.53:506][991]LogModuleManager: Shutting down and abandoning module Documentation (149)
[2016.11.22-13.39.53:506][991]LogModuleManager: Shutting down and abandoning module Niagara (148)
[2016.11.22-13.39.53:506][991]LogModuleManager: Shutting down and abandoning module StreamingPauseRendering (147)
[2016.11.22-13.39.53:506][991]LogModuleManager: Shutting down and abandoning module AnalyticsET (146)
[2016.11.22-13.39.53:506][991]LogModuleManager: Shutting down and abandoning module PortalServices (145)
[2016.11.22-13.39.53:506][991]LogModuleManager: Shutting down and abandoning module PortalRpc (144)
[2016.11.22-13.39.53:506][991]LogModuleManager: Shutting down and abandoning module MessagingRpc (143)
[2016.11.22-13.39.53:506][991]LogModuleManager: Shutting down and abandoning module GameplayDebugger (142)
[2016.11.22-13.39.53:740][991]LogModuleManager: Shutting down and abandoning module AITestSuite (141)
[2016.11.22-13.39.53:740][991]LogModuleManager: Shutting down and abandoning module AIModule (140)
[2016.11.22-13.39.53:740][991]LogModuleManager: Shutting down and abandoning module ProfilerService (139)
[2016.11.22-13.39.53:861][991]LogModuleManager: Shutting down and abandoning module TaskGraph (138)
[2016.11.22-13.39.54:087][991]LogModuleManager: Shutting down and abandoning module SlateRemote (137)
[2016.11.22-13.39.54:087][991]LogModuleManager: Shutting down and abandoning module SteamVRController (136)
[2016.11.22-13.39.54:087][991]LogModuleManager: Shutting down and abandoning module SteamVR (135)
[2016.11.22-13.39.54:087][991]LogModuleManager: Shutting down and abandoning module ProceduralMeshComponentEditor (134)
[2016.11.22-13.39.54:087][991]LogModuleManager: Shutting down and abandoning module ProceduralMeshComponent (133)
[2016.11.22-13.39.54:087][991]LogModuleManager: Shutting down and abandoning module OculusLibrary (132)
[2016.11.22-13.39.54:087][991]LogModuleManager: Shutting down and abandoning module OculusInput (131)
[2016.11.22-13.39.54:087][991]LogModuleManager: Shutting down and abandoning module CustomMeshComponent (130)
[2016.11.22-13.39.54:087][991]LogModuleManager: Shutting down and abandoning module CableComponent (129)
[2016.11.22-13.39.54:088][991]LogModuleManager: Shutting down and abandoning module ArchVisCharacter (128)
[2016.11.22-13.39.54:088][991]LogModuleManager: Shutting down and abandoning module MediaPlayerEditor (126)
[2016.11.22-13.39.54:517][991]LogModuleManager: Shutting down and abandoning module HTML5Networking (125)
[2016.11.22-13.39.54:517][991]LogModuleManager: Shutting down and abandoning module GeometryCacheEd (124)
[2016.11.22-13.39.54:517][991]LogModuleManager: Shutting down and abandoning module GeometryCache (123)
[2016.11.22-13.39.54:517][991]LogModuleManager: Shutting down and abandoning module AlembicLibrary (122)
[2016.11.22-13.39.54:517][991]LogModuleManager: Shutting down and abandoning module AlembicImporter (121)
[2016.11.22-13.39.54:635][991]LogModuleManager: Shutting down and abandoning module SuperSearch (120)
[2016.11.22-13.39.54:635][991]LogModuleManager: Shutting down and abandoning module SuperSearchEditor (119)
[2016.11.22-13.39.54:635][991]LogModuleManager: Shutting down and abandoning module SpeedTreeImporter (118)
[2016.11.22-13.39.54:635][991]LogModuleManager: Shutting down and abandoning module PluginBrowser (117)
[2016.11.22-13.39.54:748][991]LogModuleManager: Shutting down and abandoning module MobileLauncherProfileWizard (116)
[2016.11.22-13.39.54:991][991]LogModuleManager: Shutting down and abandoning module EpicSurvey (115)
[2016.11.22-13.39.54:991][991]LogModuleManager: Shutting down and abandoning module DesktopPlatform (114)
[2016.11.22-13.39.54:991][991]LogModuleManager: Shutting down and abandoning module VisualStudioSourceCodeAccess (113)
[2016.11.22-13.39.54:991][991]LogModuleManager: Shutting down and abandoning module UObjectPlugin (112)
[2016.11.22-13.39.54:991][991]LogModuleManager: Shutting down and abandoning module SubversionSourceControl (111)
[2016.11.22-13.39.54:991][991]LogModuleManager: Shutting down and abandoning module PerforceSourceControl (110)
[2016.11.22-13.39.54:991][991]LogModuleManager: Shutting down and abandoning module SourceControl (109)
[2016.11.22-13.39.55:146][991]LogModuleManager: Shutting down and abandoning module GitSourceControl (108)
[2016.11.22-13.39.55:146][991]LogModuleManager: Shutting down and abandoning module LightPropagationVolumeEditor (107)
[2016.11.22-13.39.55:146][991]LogModuleManager: Shutting down and abandoning module PaperTiledImporter (106)
[2016.11.22-13.39.55:146][991]LogModuleManager: Shutting down and abandoning module PaperSpriteSheetImporter (105)
[2016.11.22-13.39.55:146][991]LogModuleManager: Shutting down and abandoning module MeshPaint (104)
[2016.11.22-13.39.55:146][991]LogModuleManager: Shutting down and abandoning module FbxAutomationBuilderModule (103)
[2016.11.22-13.39.55:220][991]LogModuleManager: Shutting down and abandoning module PixelInspectorModule (102)
[2016.11.22-13.39.55:221][991]LogModuleManager: Shutting down and abandoning module HotReload (101)
[2016.11.22-13.39.55:221][991]LogModuleManager: Shutting down and abandoning module MainFrame (100)
[2016.11.22-13.39.55:221][991]LogModuleManager: Shutting down and abandoning module LevelEditor (99)
[2016.11.22-13.39.55:222][991]LogModuleManager: Shutting down and abandoning module ContentBrowser (98)
[2016.11.22-13.39.55:223][991]LogModuleManager: Shutting down and abandoning module Paper2DEditor (97)
[2016.11.22-13.39.55:420][991]LogModuleManager: Shutting down and abandoning module UdpMessaging (96)
[2016.11.22-13.39.55:520][991]LogModuleManager: Shutting down and abandoning module TcpMessaging (95)
[2016.11.22-13.39.55:620][991]LogModuleManager: Shutting down and abandoning module LightPropagationVolumeRuntime (94)
[2016.11.22-13.39.55:620][991]LogModuleManager: Shutting down and abandoning module Paper2D (93)
[2016.11.22-13.39.55:620][991]LogModuleManager: Shutting down and abandoning module WindowsMoviePlayer (92)
[2016.11.22-13.39.55:797][991]LogModuleManager: Shutting down and abandoning module WmfMedia (91)
[2016.11.22-13.39.55:902][991]LogModuleManager: Shutting down and abandoning module MediaAssets (90)
[2016.11.22-13.39.55:902][991]LogModuleManager: Shutting down and abandoning module GameLiveStreaming (89)
[2016.11.22-13.39.55:902][991]LogModuleManager: Shutting down and abandoning module GameplayTagsEditor (88)
[2016.11.22-13.39.55:903][991]LogModuleManager: Shutting down and abandoning module VREditor (87)
[2016.11.22-13.39.55:903][991]LogModuleManager: Shutting down and abandoning module GameplayTasksEditor (86)
[2016.11.22-13.39.55:903][991]LogModuleManager: Shutting down and abandoning module PropertyEditor (85)
[2016.11.22-13.39.55:903][991]LogModuleManager: Shutting down and abandoning module BehaviorTreeEditor (84)
[2016.11.22-13.39.56:275][991]LogModuleManager: Shutting down and abandoning module FunctionalTesting (83)
[2016.11.22-13.39.56:275][991]LogModuleManager: Shutting down and abandoning module CollisionAnalyzer (82)
[2016.11.22-13.39.56:360][991]LogModuleManager: Shutting down and abandoning module Sequencer (81)
[2016.11.22-13.39.56:550][991]LogModuleManager: Shutting down and abandoning module WorkspaceMenuStructure (80)
[2016.11.22-13.39.56:550][991]LogModuleManager: Shutting down and abandoning module MessageLog (79)
[2016.11.22-13.39.56:550][991]LogModuleManager: Shutting down and abandoning module AssetTools (78)
[2016.11.22-13.39.56:933][991]LogModuleManager: Shutting down and abandoning module UMGEditor (77)
[2016.11.22-13.39.57:063][991]LogModuleManager: Shutting down and abandoning module UMG (76)
[2016.11.22-13.39.57:259][991]LogModuleManager: Shutting down and abandoning module SlateReflector (75)
[2016.11.22-13.39.57:409][991]LogModuleManager: Shutting down and abandoning module Slate (74)
[2016.11.22-13.39.57:409][991]LogModuleManager: Shutting down and abandoning module EditorStyle (73)
[2016.11.22-13.39.57:412][991]LogModuleManager: Shutting down and abandoning module SourceCodeAccess (72)
[2016.11.22-13.39.57:412][991]LogModuleManager: Shutting down and abandoning module HeadMountedDisplay (71)
[2016.11.22-13.39.57:412][991]LogModuleManager: Shutting down and abandoning module XAudio2 (70)
[2016.11.22-13.39.57:412][991]LogModuleManager: Shutting down and abandoning module Networking (68)
[2016.11.22-13.39.57:412][991]LogModuleManager: Shutting down and abandoning module Core (67)
[2016.11.22-13.39.57:412][991]LogModuleManager: Shutting down and abandoning module DirectoryWatcher (66)
[2016.11.22-13.39.57:412][991]LogDirectoryWatcher: A directory notification for '../../../Engine/Content/' was aborted.
[2016.11.22-13.39.57:412][991]LogDirectoryWatcher: A directory notification for '../../../../../../UnrealProjects/vrkatrix3sml/Content/' was aborted.
[2016.11.22-13.39.57:413][991]LogDirectoryWatcher: A directory notification for '../../../Engine/Plugins/2D/Paper2D/Content/' was aborted.
[2016.11.22-13.39.57:413][991]LogModuleManager: Shutting down and abandoning module AssetRegistry (65)
[2016.11.22-13.39.57:638][991]LogModuleManager: Shutting down and abandoning module KismetCompiler (64)
[2016.11.22-13.39.57:638][991]LogModuleManager: Shutting down and abandoning module PhysXFormats (63)
[2016.11.22-13.39.57:638][991]LogModuleManager: Shutting down and abandoning module MeshUtilities (62)
[2016.11.22-13.39.57:667][991]LogModuleManager: Shutting down and abandoning module DerivedDataCache (61)
[2016.11.22-13.39.57:709][991]LogDerivedDataCache: Shutdown
[2016.11.22-13.39.57:709][991]LogModuleManager: Shutting down and abandoning module VulkanShaderFormat (60)
[2016.11.22-13.39.57:709][991]LogModuleManager: Shutting down and abandoning module ShaderFormatOpenGL (59)
[2016.11.22-13.39.57:817][991]LogModuleManager: Shutting down and abandoning module ShaderFormatD3D (58)
[2016.11.22-13.39.57:817][991]LogModuleManager: Shutting down and abandoning module MetalShaderFormat (57)
[2016.11.22-13.39.57:953][991]LogModuleManager: Shutting down and abandoning module TextureFormatUncompressed (56)
[2016.11.22-13.39.57:953][991]LogModuleManager: Shutting down and abandoning module TextureFormatPVR (55)
[2016.11.22-13.39.57:953][991]LogModuleManager: Shutting down and abandoning module TextureFormatDXT (54)
[2016.11.22-13.39.57:953][991]LogModuleManager: Shutting down and abandoning module TextureFormatIntelISPCTexComp (53)
[2016.11.22-13.39.58:031][991]LogModuleManager: Shutting down and abandoning module ImageWrapper (52)
[2016.11.22-13.39.58:031][991]LogModuleManager: Shutting down and abandoning module TextureFormatASTC (51)
[2016.11.22-13.39.58:032][991]LogModuleManager: Shutting down and abandoning module TextureFormatAndroid (50)
[2016.11.22-13.39.58:032][991]LogModuleManager: Shutting down and abandoning module AudioFormatOpus (49)
[2016.11.22-13.39.58:032][991]LogModuleManager: Shutting down and abandoning module AudioFormatOgg (48)
[2016.11.22-13.39.58:032][991]LogModuleManager: Shutting down and abandoning module AudioFormatADPCM (47)
[2016.11.22-13.39.58:032][991]LogModuleManager: Shutting down and abandoning module LinuxTargetPlatform (46)
[2016.11.22-13.39.58:032][991]LogModuleManager: Shutting down and abandoning module LinuxServerTargetPlatform (45)
[2016.11.22-13.39.58:032][991]LogModuleManager: Shutting down and abandoning module LinuxNoEditorTargetPlatform (44)
[2016.11.22-13.39.58:032][991]LogModuleManager: Shutting down and abandoning module LinuxClientTargetPlatform (43)
[2016.11.22-13.39.58:032][991]LogModuleManager: Shutting down and abandoning module TVOSTargetPlatform (42)
[2016.11.22-13.39.58:032][991]LogModuleManager: Shutting down and abandoning module Messaging (41)
[2016.11.22-13.39.58:032][991]LogModuleManager: Shutting down and abandoning module IOSTargetPlatform (40)
[2016.11.22-13.39.58:032][991]LogModuleManager: Shutting down and abandoning module HTML5TargetPlatform (39)
[2016.11.22-13.39.58:032][991]LogModuleManager: Shutting down and abandoning module Android_PVRTCTargetPlatform (38)
[2016.11.22-13.39.58:032][991]LogModuleManager: Shutting down and abandoning module Android_MultiTargetPlatform (37)
[2016.11.22-13.39.58:032][991]LogModuleManager: Shutting down and abandoning module Android_ETC2TargetPlatform (36)
[2016.11.22-13.39.58:032][991]LogModuleManager: Shutting down and abandoning module Android_ETC1TargetPlatform (35)
[2016.11.22-13.39.58:032][991]LogModuleManager: Shutting down and abandoning module Android_DXTTargetPlatform (34)
[2016.11.22-13.39.58:032][991]LogModuleManager: Shutting down and abandoning module Android_ATCTargetPlatform (33)
[2016.11.22-13.39.58:032][991]LogModuleManager: Shutting down and abandoning module Android_ASTCTargetPlatform (32)
[2016.11.22-13.39.58:032][991]LogModuleManager: Shutting down and abandoning module AndroidTargetPlatform (31)
[2016.11.22-13.39.58:032][991]LogModuleManager: Shutting down and abandoning module WindowsTargetPlatform (30)
[2016.11.22-13.39.58:032][991]LogModuleManager: Shutting down and abandoning module WindowsServerTargetPlatform (29)
[2016.11.22-13.39.58:032][991]LogModuleManager: Shutting down and abandoning module WindowsNoEditorTargetPlatform (28)
[2016.11.22-13.39.58:032][991]LogModuleManager: Shutting down and abandoning module WindowsClientTargetPlatform (27)
[2016.11.22-13.39.58:032][991]LogModuleManager: Shutting down and abandoning module AllDesktopTargetPlatform (26)
[2016.11.22-13.39.58:032][991]LogModuleManager: Shutting down and abandoning module TargetPlatform (25)
[2016.11.22-13.39.58:032][991]LogModuleManager: Shutting down and abandoning module InputCore (24)
[2016.11.22-13.39.58:032][991]LogModuleManager: Shutting down and abandoning module Settings (23)
[2016.11.22-13.39.58:032][991]LogModuleManager: Shutting down and abandoning module OculusRift (22)
[2016.11.22-13.39.58:032][991]LogModuleManager: Shutting down and abandoning module GearVR (21)
[2016.11.22-13.39.58:032][991]LogModuleManager: Shutting down and abandoning module ExampleDeviceProfileSelector (20)
[2016.11.22-13.39.58:032][991]LogModuleManager: Shutting down and abandoning module OnlineBlueprintSupport (19)
[2016.11.22-13.39.58:032][991]LogModuleManager: Shutting down and abandoning module OnlineSubsystem (17)
[2016.11.22-13.39.58:177][991]LogOnline:Display: Unloading online subsystem: NULL
[2016.11.22-13.39.58:309][991]LogModuleManager: Shutting down and abandoning module HTTP (16)
[2016.11.22-13.39.58:309][991]LogHttp:Display: Http module shutting down, but needs to wait on 1 outstanding Http requests:
[2016.11.22-13.39.58:309][991]LogHttp:Display: 	verb=[POST] url=[https://datarouter.ol.epicgames.com/datarouter/api/v1/public/data?SessionID=%7B150F9501-4957-FBC4-C1E0-D8A0ED09D7B6%7D&AppID=UEEditor.Rocket.Release&AppVersion=4.13.1-3142249%2B%2B%2BUE4%2BRelease-4.13&UserID=fdaf1ea54beb0a8c52215fa3d858b342%7Cf7fb91ba73734f29baf24129a7fba977%7C5ff18516-5a8b-45e2-90f8-bc92a05c5572&AppEnvironment=datacollector-binary&UploadType=eteventstream] status=Processing
[2016.11.22-13.39.58:367][991]LogModuleManager: Shutting down and abandoning module XMPP (15)
[2016.11.22-13.39.58:614][991]LogModuleManager: Shutting down and abandoning module TextureCompressor (14)
[2016.11.22-13.39.58:807][991]LogModuleManager: Shutting down and abandoning module ShaderCore (13)
[2016.11.22-13.39.58:807][991]LogModuleManager: Shutting down and abandoning module Landscape (12)
[2016.11.22-13.39.58:807][991]LogModuleManager: Shutting down and abandoning module SlateRHIRenderer (11)
[2016.11.22-13.39.58:920][991]LogModuleManager: Shutting down and abandoning module OpenGLDrv (10)
[2016.11.22-13.39.59:014][991]LogModuleManager: Shutting down and abandoning module D3D11RHI (9)
[2016.11.22-13.39.59:014][991]LogModuleManager: Shutting down and abandoning module AnimGraphRuntime (8)
[2016.11.22-13.39.59:014][991]LogModuleManager: Shutting down and abandoning module Renderer (7)
[2016.11.22-13.39.59:014][991]LogModuleManager: Shutting down and abandoning module Engine (6)
[2016.11.22-13.39.59:014][991]LogModuleManager: Shutting down and abandoning module CoreUObject (5)
[2016.11.22-13.39.59:014][991]LogModuleManager: Shutting down and abandoning module NetworkFile (4)
[2016.11.22-13.39.59:157][991]LogModuleManager: Shutting down and abandoning module StreamingFile (3)
[2016.11.22-13.39.59:206][991]LogModuleManager: Shutting down and abandoning module SandboxFile (2)
[2016.11.22-13.39.59:253][991]LogModuleManager: Shutting down and abandoning module PakFile (1)
[2016.11.22-13.39.59:467][991]LogExit: Exiting.
[2016.11.22-13.39.59:510][991]Log file closed, 11/22/16 14:39:59
