Log file open, 07/05/19 11:40:59
LogInit:Display: Running engine for game: vrkatrix7sml
LogPlatformFile: Not using cached read wrapper
LogInit:Display: RandInit(-579444650) SRandInit(-579444650).
LogTaskGraph: Started task graph with 5 named threads and 8 total threads with 1 sets of task threads.
LogStats: Stats thread started at 0.099006
LogPluginManager: Loaded Plugin Paper2D, From C:/Program Files/Epic Games/UE_4.13/Engine/Plugins/2D/Paper2D/Paper2D.uplugin
LogPluginManager: Loaded Plugin LightPropagationVolume, From C:/Program Files/Epic Games/UE_4.13/Engine/Plugins/Blendables/LightPropagationVolume/LightPropagationVolume.uplugin
LogPluginManager: Loaded Plugin BlankPlugin, From C:/Program Files/Epic Games/UE_4.13/Engine/Plugins/Developer/BlankPlugin/BlankPlugin.uplugin
LogPluginManager: Loaded Plugin CodeLiteSourceCodeAccess, From C:/Program Files/Epic Games/UE_4.13/Engine/Plugins/Developer/CodeLiteSourceCodeAccess/CodeLiteSourceCodeAccess.uplugin
LogPluginManager: Loaded Plugin GitSourceControl, From C:/Program Files/Epic Games/UE_4.13/Engine/Plugins/Developer/GitSourceControl/GitSourceControl.uplugin
LogPluginManager: Loaded Plugin KDevelopSourceCodeAccess, From C:/Program Files/Epic Games/UE_4.13/Engine/Plugins/Developer/KDevelopSourceCodeAccess/KDevelopSourceCodeAccess.uplugin
LogPluginManager: Loaded Plugin NullSourceCodeAccess, From C:/Program Files/Epic Games/UE_4.13/Engine/Plugins/Developer/NullSourceCodeAccess/NullSourceCodeAccess.uplugin
LogPluginManager: Loaded Plugin OneSkyLocalizationService, From C:/Program Files/Epic Games/UE_4.13/Engine/Plugins/Developer/OneSkyLocalizationService/OneSkyLocalizationService.uplugin
LogPluginManager: Loaded Plugin PerforceSourceControl, From C:/Program Files/Epic Games/UE_4.13/Engine/Plugins/Developer/PerforceSourceControl/PerforceSourceControl.uplugin
LogPluginManager: Loaded Plugin SubversionSourceControl, From C:/Program Files/Epic Games/UE_4.13/Engine/Plugins/Developer/SubversionSourceControl/SubversionSourceControl.uplugin
LogPluginManager: Loaded Plugin UObjectPlugin, From C:/Program Files/Epic Games/UE_4.13/Engine/Plugins/Developer/UObjectPlugin/UObjectPlugin.uplugin
LogPluginManager: Loaded Plugin VisualStudioSourceCodeAccess, From C:/Program Files/Epic Games/UE_4.13/Engine/Plugins/Developer/VisualStudioSourceCodeAccess/VisualStudioSourceCodeAccess.uplugin
LogPluginManager: Loaded Plugin XCodeSourceCodeAccess, From C:/Program Files/Epic Games/UE_4.13/Engine/Plugins/Developer/XCodeSourceCodeAccess/XCodeSourceCodeAccess.uplugin
LogPluginManager: Loaded Plugin EpicSurvey, From C:/Program Files/Epic Games/UE_4.13/Engine/Plugins/Editor/EpicSurvey/EpicSurvey.uplugin
LogPluginManager: Loaded Plugin MacGraphicsSwitching, From C:/Program Files/Epic Games/UE_4.13/Engine/Plugins/Editor/MacGraphicsSwitching/MacGraphicsSwitching.uplugin
LogPluginManager: Loaded Plugin MobileLauncherProfileWizard, From C:/Program Files/Epic Games/UE_4.13/Engine/Plugins/Editor/MobileLauncherProfileWizard/MobileLauncherProfileWizard.uplugin
LogPluginManager: Loaded Plugin PluginBrowser, From C:/Program Files/Epic Games/UE_4.13/Engine/Plugins/Editor/PluginBrowser/PluginBrowser.uplugin
LogPluginManager: Loaded Plugin SpeedTreeImporter, From C:/Program Files/Epic Games/UE_4.13/Engine/Plugins/Editor/SpeedTreeImporter/SpeedTreeImporter.uplugin
LogPluginManager: Loaded Plugin SuperSearchEditor, From C:/Program Files/Epic Games/UE_4.13/Engine/Plugins/Editor/SuperSearchEditor/SuperSearchEditor.uplugin
LogPluginManager: Loaded Plugin AlembicImporter, From C:/Program Files/Epic Games/UE_4.13/Engine/Plugins/Experimental/AlembicImporter/AlembicImporter.uplugin
LogPluginManager: Loaded Plugin BlueprintStats, From C:/Program Files/Epic Games/UE_4.13/Engine/Plugins/Experimental/BlueprintStats/BlueprintStats.uplugin
LogPluginManager: Loaded Plugin CharacterAI, From C:/Program Files/Epic Games/UE_4.13/Engine/Plugins/Experimental/CharacterAI/CharacterAI.uplugin
LogPluginManager: Loaded Plugin CodeEditor, From C:/Program Files/Epic Games/UE_4.13/Engine/Plugins/Experimental/CodeEditor/CodeEditor.uplugin
LogPluginManager: Loaded Plugin CodeView, From C:/Program Files/Epic Games/UE_4.13/Engine/Plugins/Experimental/CodeView/CodeView.uplugin
LogPluginManager: Loaded Plugin HTML5Networking, From C:/Program Files/Epic Games/UE_4.13/Engine/Plugins/Experimental/HTML5Networking/HTML5Networking.uplugin
LogPluginManager: Loaded Plugin LiveEditor, From C:/Program Files/Epic Games/UE_4.13/Engine/Plugins/Experimental/LiveEditor/LiveEditor.uplugin
LogPluginManager: Loaded Plugin OSVR, From C:/Program Files/Epic Games/UE_4.13/Engine/Plugins/Experimental/OSVR/OSVR.uplugin
LogPluginManager: Loaded Plugin Phya, From C:/Program Files/Epic Games/UE_4.13/Engine/Plugins/Experimental/Phya/Phya.uplugin
LogPluginManager: Loaded Plugin SignificanceManager, From C:/Program Files/Epic Games/UE_4.13/Engine/Plugins/Experimental/SignificanceManager/SignificanceManager.uplugin
LogPluginManager: Loaded Plugin SimpleHMD, From C:/Program Files/Epic Games/UE_4.13/Engine/Plugins/Experimental/SimpleHMD/SimpleHMD.uplugin
LogPluginManager: Loaded Plugin StereoPanorama, From C:/Program Files/Epic Games/UE_4.13/Engine/Plugins/Experimental/StereoPanorama/StereoPanorama.uplugin
LogPluginManager: Loaded Plugin StructBox, From C:/Program Files/Epic Games/UE_4.13/Engine/Plugins/Experimental/StructBox/StructBox.uplugin
LogPluginManager: Loaded Plugin AndroidMedia, From C:/Program Files/Epic Games/UE_4.13/Engine/Plugins/Media/AndroidMedia/AndroidMedia.uplugin
LogPluginManager: Loaded Plugin AvfMedia, From C:/Program Files/Epic Games/UE_4.13/Engine/Plugins/Media/AvfMedia/AvfMedia.uplugin
LogPluginManager: Loaded Plugin MediaPlayerEditor, From C:/Program Files/Epic Games/UE_4.13/Engine/Plugins/Media/MediaPlayerEditor/MediaPlayerEditor.uplugin
LogPluginManager: Loaded Plugin WmfMedia, From C:/Program Files/Epic Games/UE_4.13/Engine/Plugins/Media/WmfMedia/WmfMedia.uplugin
LogPluginManager: Loaded Plugin MessagingDebugger, From C:/Program Files/Epic Games/UE_4.13/Engine/Plugins/Messaging/MessagingDebugger/MessagingDebugger.uplugin
LogPluginManager: Loaded Plugin TcpMessaging, From C:/Program Files/Epic Games/UE_4.13/Engine/Plugins/Messaging/TcpMessaging/TcpMessaging.uplugin
LogPluginManager: Loaded Plugin UdpMessaging, From C:/Program Files/Epic Games/UE_4.13/Engine/Plugins/Messaging/UdpMessaging/UdpMessaging.uplugin
LogPluginManager: Loaded Plugin LevelSequenceEditor, From C:/Program Files/Epic Games/UE_4.13/Engine/Plugins/MovieScene/LevelSequenceEditor/LevelSequenceEditor.uplugin
LogPluginManager: Loaded Plugin MatineeToLevelSequence, From C:/Program Files/Epic Games/UE_4.13/Engine/Plugins/MovieScene/MatineeToLevelSequence/MatineeToLevelSequence.uplugin
LogPluginManager: Loaded Plugin NetcodeUnitTest, From C:/Program Files/Epic Games/UE_4.13/Engine/Plugins/NetcodeUnitTest/NetcodeUnitTest/NetcodeUnitTest.uplugin
LogPluginManager: Loaded Plugin NUTUnrealEngine4, From C:/Program Files/Epic Games/UE_4.13/Engine/Plugins/NetcodeUnitTest/NUTUnrealEngine4/NUTUnrealEngine4.uplugin
LogPluginManager: Loaded Plugin OnlineSubsystemGooglePlay, From C:/Program Files/Epic Games/UE_4.13/Engine/Plugins/Online/Android/OnlineSubsystemGooglePlay/OnlineSubsystemGooglePlay.uplugin
LogPluginManager: Loaded Plugin OnlineSubsystemIOS, From C:/Program Files/Epic Games/UE_4.13/Engine/Plugins/Online/IOS/OnlineSubsystemIOS/OnlineSubsystemIOS.uplugin
LogPluginManager: Loaded Plugin OnlineFramework, From C:/Program Files/Epic Games/UE_4.13/Engine/Plugins/Online/OnlineFramework/OnlineFramework.uplugin
LogPluginManager: Loaded Plugin OnlineSubsystem, From C:/Program Files/Epic Games/UE_4.13/Engine/Plugins/Online/OnlineSubsystem/OnlineSubsystem.uplugin
LogPluginManager: Loaded Plugin OnlineSubsystemAmazon, From C:/Program Files/Epic Games/UE_4.13/Engine/Plugins/Online/OnlineSubsystemAmazon/OnlineSubsystemAmazon.uplugin
LogPluginManager: Loaded Plugin OnlineSubsystemFacebook, From C:/Program Files/Epic Games/UE_4.13/Engine/Plugins/Online/OnlineSubsystemFacebook/OnlineSubsystemFacebook.uplugin
LogPluginManager: Loaded Plugin OnlineSubsystemNull, From C:/Program Files/Epic Games/UE_4.13/Engine/Plugins/Online/OnlineSubsystemNull/OnlineSubsystemNull.uplugin
LogPluginManager: Loaded Plugin OnlineSubsystemOculus, From C:/Program Files/Epic Games/UE_4.13/Engine/Plugins/Online/OnlineSubsystemOculus/OnlineSubsystemOculus.uplugin
LogPluginManager: Loaded Plugin OnlineSubsystemSteam, From C:/Program Files/Epic Games/UE_4.13/Engine/Plugins/Online/OnlineSubsystemSteam/OnlineSubsystemSteam.uplugin
LogPluginManager: Loaded Plugin OnlineSubsystemUtils, From C:/Program Files/Epic Games/UE_4.13/Engine/Plugins/Online/OnlineSubsystemUtils/OnlineSubsystemUtils.uplugin
LogPluginManager: Loaded Plugin IOSTapJoy, From C:/Program Files/Epic Games/UE_4.13/Engine/Plugins/Runtime/Advertising/IOSTapJoy/IOSTapJoy.uplugin
LogPluginManager: Loaded Plugin AnalyticsBlueprintLibrary, From C:/Program Files/Epic Games/UE_4.13/Engine/Plugins/Runtime/Analytics/AnalyticsBlueprintLibrary/AnalyticsBlueprintLibrary.uplugin
LogPluginManager: Loaded Plugin AnalyticsMulticast, From C:/Program Files/Epic Games/UE_4.13/Engine/Plugins/Runtime/Analytics/AnalyticsMulticast/AnalyticsMulticast.uplugin
LogPluginManager: Loaded Plugin Apsalar, From C:/Program Files/Epic Games/UE_4.13/Engine/Plugins/Runtime/Analytics/Apsalar/Apsalar.uplugin
LogPluginManager: Loaded Plugin FileLogging, From C:/Program Files/Epic Games/UE_4.13/Engine/Plugins/Runtime/Analytics/FileLogging/FileLogging.uplugin
LogPluginManager: Loaded Plugin Flurry, From C:/Program Files/Epic Games/UE_4.13/Engine/Plugins/Runtime/Analytics/Flurry/Flurry.uplugin
LogPluginManager: Loaded Plugin AndroidDeviceProfileSelector, From C:/Program Files/Epic Games/UE_4.13/Engine/Plugins/Runtime/AndroidDeviceProfileSelector/AndroidDeviceProfileSelector.uplugin
LogPluginManager: Loaded Plugin AndroidMoviePlayer, From C:/Program Files/Epic Games/UE_4.13/Engine/Plugins/Runtime/AndroidMoviePlayer/AndroidMoviePlayer.uplugin
LogPluginManager: Loaded Plugin AppleMoviePlayer, From C:/Program Files/Epic Games/UE_4.13/Engine/Plugins/Runtime/AppleMoviePlayer/AppleMoviePlayer.uplugin
LogPluginManager: Loaded Plugin ArchVisCharacter, From C:/Program Files/Epic Games/UE_4.13/Engine/Plugins/Runtime/ArchVisCharacter/ArchVisCharacter.uplugin
LogPluginManager: Loaded Plugin CableComponent, From C:/Program Files/Epic Games/UE_4.13/Engine/Plugins/Runtime/CableComponent/CableComponent.uplugin
LogPluginManager: Loaded Plugin CustomMeshComponent, From C:/Program Files/Epic Games/UE_4.13/Engine/Plugins/Runtime/CustomMeshComponent/CustomMeshComponent.uplugin
LogPluginManager: Loaded Plugin ExampleDeviceProfileSelector, From C:/Program Files/Epic Games/UE_4.13/Engine/Plugins/Runtime/ExampleDeviceProfileSelector/ExampleDeviceProfileSelector.uplugin
LogPluginManager: Loaded Plugin GearVR, From C:/Program Files/Epic Games/UE_4.13/Engine/Plugins/Runtime/GearVR/GearVR.uplugin
LogPluginManager: Loaded Plugin GoogleVRController, From C:/Program Files/Epic Games/UE_4.13/Engine/Plugins/Runtime/GoogleVR/GoogleVRController/GoogleVRController.uplugin
LogPluginManager: Loaded Plugin GoogleVRHMD, From C:/Program Files/Epic Games/UE_4.13/Engine/Plugins/Runtime/GoogleVR/GoogleVRHMD/GoogleVRHMD.uplugin
LogPluginManager: Loaded Plugin IOSDeviceProfileSelector, From C:/Program Files/Epic Games/UE_4.13/Engine/Plugins/Runtime/IOSDeviceProfileSelector/IOSDeviceProfileSelector.uplugin
LogPluginManager: Loaded Plugin LeapMotion, From C:/Program Files/Epic Games/UE_4.13/Engine/Plugins/Runtime/LeapMotion/LeapMotion.uplugin
LogPluginManager: Loaded Plugin LinuxDeviceProfileSelector, From C:/Program Files/Epic Games/UE_4.13/Engine/Plugins/Runtime/LinuxDeviceProfileSelector/LinuxDeviceProfileSelector.uplugin
LogPluginManager: Loaded Plugin LiveEditorListenServer, From C:/Program Files/Epic Games/UE_4.13/Engine/Plugins/Runtime/LiveEditorListenServer/LiveEditorListenServer.uplugin
LogPluginManager: Loaded Plugin OculusAudio, From C:/Program Files/Epic Games/UE_4.13/Engine/Plugins/Runtime/OculusAudio/OculusAudio.uplugin
LogPluginManager: Loaded Plugin OculusInput, From C:/Program Files/Epic Games/UE_4.13/Engine/Plugins/Runtime/OculusInput/OculusInput.uplugin
LogPluginManager: Loaded Plugin OculusLibrary, From C:/Program Files/Epic Games/UE_4.13/Engine/Plugins/Runtime/OculusLibrary/OculusLibrary.uplugin
LogPluginManager: Loaded Plugin OculusRift, From C:/Program Files/Epic Games/UE_4.13/Engine/Plugins/Runtime/OculusRift/OculusRift.uplugin
LogPluginManager: Loaded Plugin Oodle, From C:/Program Files/Epic Games/UE_4.13/Engine/Plugins/Runtime/PacketHandlers/CompressionComponents/Oodle/Oodle.uplugin
LogPluginManager: Loaded Plugin ProceduralMeshComponent, From C:/Program Files/Epic Games/UE_4.13/Engine/Plugins/Runtime/ProceduralMeshComponent/ProceduralMeshComponent.uplugin
LogPluginManager: Loaded Plugin SoundMod, From C:/Program Files/Epic Games/UE_4.13/Engine/Plugins/Runtime/SoundMod/SoundMod.uplugin
LogPluginManager: Loaded Plugin SoundVisualizations, From C:/Program Files/Epic Games/UE_4.13/Engine/Plugins/Runtime/SoundVisualizations/SoundVisualizations.uplugin
LogPluginManager: Loaded Plugin SteamController, From C:/Program Files/Epic Games/UE_4.13/Engine/Plugins/Runtime/Steam/SteamController/SteamController.uplugin
LogPluginManager: Loaded Plugin SteamVR, From C:/Program Files/Epic Games/UE_4.13/Engine/Plugins/Runtime/Steam/SteamVR/SteamVR.uplugin
LogPluginManager: Loaded Plugin WebBrowserWidget, From C:/Program Files/Epic Games/UE_4.13/Engine/Plugins/Runtime/WebBrowserWidget/WebBrowserWidget.uplugin
LogPluginManager: Loaded Plugin WindowsDeviceProfileSelector, From C:/Program Files/Epic Games/UE_4.13/Engine/Plugins/Runtime/WindowsDeviceProfileSelector/WindowsDeviceProfileSelector.uplugin
LogPluginManager: Loaded Plugin WindowsMoviePlayer, From C:/Program Files/Epic Games/UE_4.13/Engine/Plugins/Runtime/WindowsMoviePlayer/WindowsMoviePlayer.uplugin
LogPluginManager: Loaded Plugin ScriptPlugin, From C:/Program Files/Epic Games/UE_4.13/Engine/Plugins/ScriptPlugin/ScriptPlugin.uplugin
LogPluginManager: Loaded Plugin SlateRemote, From C:/Program Files/Epic Games/UE_4.13/Engine/Plugins/Slate/SlateRemote/SlateRemote.uplugin
LogInit: Using libcurl 7.47.1
LogInit:  - built for x86_64-pc-win32
LogInit:  - supports SSL with WinSSL
LogInit:  - other features:
LogInit:      CURL_VERSION_SSL
LogInit:      CURL_VERSION_IPV6
LogInit:      CURL_VERSION_ASYNCHDNS
LogInit:      CURL_VERSION_LARGEFILE
LogInit:      CURL_VERSION_IDN
LogInit:  CurlRequestOptions (configurable via config and command line):
LogInit:  - bVerifyPeer = false  - Libcurl will NOT verify peer certificate
LogInit:  - bUseHttpProxy = false  - Libcurl will NOT use HTTP proxy
LogInit:  - bDontReuseConnections = false  - Libcurl will reuse connections
LogInit:  - CertBundlePath = nullptr  - Libcurl will use whatever was configured at build time.
LogInit: Build: ++UE4+Release-4.13-CL-3172292
LogInit: Engine Version: 4.13.2-3172292+++UE4+Release-4.13
LogInit: Compatible Engine Version: 4.13.0-3106830+++UE4+Release-4.13
LogInit: Net CL: 3172292
LogDevObjectVersion: Number of dev versions registered: 13
LogDevObjectVersion:   Dev-Blueprints (B0D832E4-1F89-4F0D-ACCF-7EB736FD4AA2): 5
LogDevObjectVersion:   Dev-Build (E1C64328-A22C-4D53-A36C-8E866417BD8C): 0
LogDevObjectVersion:   Dev-Core (375EC13C-06E4-48FB-B500-84F0262A717E): 1
LogDevObjectVersion:   Dev-Editor (E4B068ED-F494-42E9-A231-DA0B2E46BB41): 6
LogDevObjectVersion:   Dev-Framework (CFFC743F-43B0-4480-9391-14DF171D2073): 12
LogDevObjectVersion:   Dev-Mobile (B02B49B5-BB20-44E9-A304-32B752E40360): 0
LogDevObjectVersion:   Dev-Networking (A4E4105C-59A1-49B5-A7C5-40C4547EDFEE): 0
LogDevObjectVersion:   Dev-Online (39C831C9-5AE6-47DC-9A44-9C173E1C8E7C): 0
LogDevObjectVersion:   Dev-Physics (78F01B33-EBEA-4F98-B9B4-84EACCB95AA2): 0
LogDevObjectVersion:   Dev-Platform (6631380F-2D4D-43E0-8009-CF276956A95A): 0
LogDevObjectVersion:   Dev-Rendering (12F88B9F-8875-4AFC-A67C-D90C383ABD29): 4
LogDevObjectVersion:   Dev-Sequencer (7B5AE74C-D270-4C10-A958-57980B212A5A): 0
LogDevObjectVersion:   Dev-VR (D7296918-1DD6-4BDD-9DE2-64A83CC13884): 0
LogInit: Compiled (64-bit): Oct 24 2016 14:29:06
LogInit: Compiled with Visual C++: 19.00.23026.00
LogInit: Build Configuration: Development
LogInit: Branch Name: ++UE4+Release-4.13
LogInit: Command line:  
LogInit: Base directory: C:/Program Files/Epic Games/UE_4.13/Engine/Binaries/Win64/
LogInit: Installed Engine Build: 1
LogInit: Presizing for max 8388607 objects, including 0 objects not considered by GC, pre-allocating 0 bytes for permanent pool.
LogInit: Object subsystem initialized
[2019.07.05-09.40.59:674][  0]LogInit: Selected Device Profile: [Windows]
[2019.07.05-09.40.59:674][  0]LogInit: Applying CVar settings loaded from the selected device profile: [Windows]
[2019.07.05-09.40.59:702][  0]LogInit: Computer: IPE-VR-G752VS
[2019.07.05-09.40.59:702][  0]LogInit: User: PDV
[2019.07.05-09.40.59:702][  0]LogInit: CPU Page size=65536, Cores=4
[2019.07.05-09.40.59:702][  0]LogInit: High frequency timer resolution =2.531252 MHz
[2019.07.05-09.40.59:702][  0]LogMemory: Memory total: Physical=15.9GB (16GB approx)
[2019.07.05-09.40.59:702][  0]LogMemory: Platform Memory Stats for Windows
[2019.07.05-09.40.59:702][  0]LogMemory: Process Physical Memory: 259.46 MB used, 259.46 MB peak
[2019.07.05-09.40.59:702][  0]LogMemory: Process Virtual Memory: 259.79 MB used, 259.79 MB peak
[2019.07.05-09.40.59:702][  0]LogMemory: Physical Memory: 5088.93 MB used, 16319.74 MB total
[2019.07.05-09.40.59:702][  0]LogMemory: Virtual Memory: 657.76 MB used, 134217728.00 MB total
[2019.07.05-09.41.00:438][  0]LogTextLocalizationManager: No translations for ('de-DE') exist, falling back to 'en' for localization and internationalization data.
[2019.07.05-09.41.01:225][  0]LogD3D11RHI: D3D11 adapters:
[2019.07.05-09.41.01:281][  0]LogD3D11RHI:    0. 'NVIDIA GeForce GTX 1070' (Feature Level 11_0)
[2019.07.05-09.41.01:281][  0]LogD3D11RHI:       8089/0/8159 MB DedicatedVideo/DedicatedSystem/SharedSystem, Outputs:1, VendorId:0x10de
[2019.07.05-09.41.01:285][  0]LogD3D11RHI:    1. 'Microsoft Basic Render Driver' (Feature Level 11_0)
[2019.07.05-09.41.01:285][  0]LogD3D11RHI:       0/0/8159 MB DedicatedVideo/DedicatedSystem/SharedSystem, Outputs:0, VendorId:0x1414
[2019.07.05-09.41.01:285][  0]LogD3D11RHI: Chosen D3D11 Adapter: 0
[2019.07.05-09.41.01:298][  0]LogD3D11RHI: Creating new Direct3DDevice
[2019.07.05-09.41.01:298][  0]LogD3D11RHI:     GPU DeviceId: 0x1be1 (for the marketing name, search the web for "GPU Device Id")
[2019.07.05-09.41.01:298][  0]LogWindows: EnumDisplayDevices:
[2019.07.05-09.41.01:299][  0]LogWindows:    0. 'NVIDIA GeForce GTX 1070' (P:1 D:1)
[2019.07.05-09.41.01:299][  0]LogWindows:    1. 'NVIDIA GeForce GTX 1070' (P:0 D:0)
[2019.07.05-09.41.01:299][  0]LogWindows:    2. 'NVIDIA GeForce GTX 1070' (P:0 D:0)
[2019.07.05-09.41.01:299][  0]LogWindows:    3. 'NVIDIA GeForce GTX 1070' (P:0 D:0)
[2019.07.05-09.41.01:300][  0]LogWindows: DebugString: GetVideoDriverDetailsInvalid PrimaryIsNotTheChoosenAdapter GetVideoDriverDetailsInvalid PrimaryIsNotTheChoosenAdapter GetVideoDriverDetailsInvalid PrimaryIsNotTheChoosenAdapter GetVideoDriverDetailsInvalid PrimaryIsNotTheChoosenAdapter FoundDriverCount:0 
[2019.07.05-09.41.01:300][  0]LogD3D11RHI:     Adapter Name: NVIDIA GeForce GTX 1070
[2019.07.05-09.41.01:300][  0]LogD3D11RHI:   Driver Version: Unknown (internal:Unknown, unified:Unknown)
[2019.07.05-09.41.01:300][  0]LogD3D11RHI:      Driver Date: Unknown
[2019.07.05-09.41.01:300][  0]LogRHI: Texture pool is 1361 MB (70% of 1945 MB)
[2019.07.05-09.41.01:331][  0]LogD3D11RHI: Async texture creation enabled
[2019.07.05-09.41.01:391][  0]LogD3D11RHI: GPU Timing Frequency: 1000.000000 (Debug: 2 1)
[2019.07.05-09.41.01:391][  0]LogShaderCompilers: Guid format shader working directory is 13 characters bigger than the processId version (D:/UnrealProjects/vrkatrix7sml/Intermediate/Shaders/WorkingDirectory/12164/).
[2019.07.05-09.41.01:391][  0]LogShaderCompilers: Cleaned the shader compiler working directory 'C:/Users/PDV/AppData/Local/Temp/UnrealShaderWorkingDir/E3616912472320DC448CDF991D15F584/'.
[2019.07.05-09.41.01:392][  0]LogShaderCompilers:Display: Using Local Shader Compiler.
[2019.07.05-09.41.02:657][  0]LogTemp:Display: Loaded TP AllDesktopTargetPlatform
[2019.07.05-09.41.02:667][  0]LogTemp:Display: Loaded TP WindowsClientTargetPlatform
[2019.07.05-09.41.02:678][  0]LogTemp:Display: Loaded TP WindowsNoEditorTargetPlatform
[2019.07.05-09.41.02:688][  0]LogTemp:Display: Loaded TP WindowsServerTargetPlatform
[2019.07.05-09.41.02:697][  0]LogTemp:Display: Loaded TP WindowsTargetPlatform
[2019.07.05-09.41.02:706][  0]LogTemp:Display: Loaded TP AndroidTargetPlatform
[2019.07.05-09.41.02:715][  0]LogTemp:Display: Loaded TP Android_ASTCTargetPlatform
[2019.07.05-09.41.02:724][  0]LogTemp:Display: Loaded TP Android_ATCTargetPlatform
[2019.07.05-09.41.02:732][  0]LogTemp:Display: Loaded TP Android_DXTTargetPlatform
[2019.07.05-09.41.02:740][  0]LogTemp:Display: Loaded TP Android_ETC1TargetPlatform
[2019.07.05-09.41.02:748][  0]LogTemp:Display: Loaded TP Android_ETC2TargetPlatform
[2019.07.05-09.41.02:764][  0]LogTemp:Display: Loaded TP Android_MultiTargetPlatform
[2019.07.05-09.41.02:764][  0]LogTemp:Display: Loaded TP Android_PVRTCTargetPlatform
[2019.07.05-09.41.02:766][  0]LogTemp:Display: Loaded TP HTML5TargetPlatform
[2019.07.05-09.41.02:790][  0]LogTemp:Display: Loaded TP IOSTargetPlatform
[2019.07.05-09.41.02:798][  0]LogTemp:Display: Loaded TP TVOSTargetPlatform
[2019.07.05-09.41.02:806][  0]LogTemp:Display: Loaded TP LinuxClientTargetPlatform
[2019.07.05-09.41.02:814][  0]LogTemp:Display: Loaded TP LinuxNoEditorTargetPlatform
[2019.07.05-09.41.02:822][  0]LogTemp:Display: Loaded TP LinuxServerTargetPlatform
[2019.07.05-09.41.02:831][  0]LogTemp:Display: Loaded TP LinuxTargetPlatform
[2019.07.05-09.41.02:831][  0]LogTargetPlatformManager:Display: Building Assets For Windows
[2019.07.05-09.41.02:943][  0]LogDerivedDataCache:Display: Max Cache Size: 512 MB
[2019.07.05-09.41.03:030][  0]LogDerivedDataCache: Loaded boot cache 0.09s 65MB C:/Users/PDV/AppData/Local/UnrealEngine/4.13/DerivedDataCache/Boot.ddc.
[2019.07.05-09.41.03:030][  0]LogDerivedDataCache:Display: Loaded Boot cache: C:/Users/PDV/AppData/Local/UnrealEngine/4.13/DerivedDataCache/Boot.ddc
[2019.07.05-09.41.03:030][  0]LogDerivedDataCache: FDerivedDataBackendGraph:  Pak pak cache file D:/UnrealProjects/vrkatrix7sml/DerivedDataCache/DDC.ddp not found, will not use a pak cache.
[2019.07.05-09.41.03:030][  0]LogDerivedDataCache: Unable to find inner node Pak for hierarchical cache Hierarchy.
[2019.07.05-09.41.03:030][  0]LogDerivedDataCache: FDerivedDataBackendGraph:  CompressedPak pak cache file D:/UnrealProjects/vrkatrix7sml/DerivedDataCache/Compressed.ddp not found, will not use a pak cache.
[2019.07.05-09.41.03:030][  0]LogDerivedDataCache: Unable to find inner node CompressedPak for hierarchical cache Hierarchy.
[2019.07.05-09.41.03:051][  0]LogDerivedDataCache:Display: Pak cache opened for reading ../../../Engine/DerivedDataCache/Compressed.ddp.
[2019.07.05-09.41.03:064][  0]LogDerivedDataCache: Using Local data cache path C:/Users/PDV/AppData/Local/UnrealEngine/Common/DerivedDataCache: Writable
[2019.07.05-09.41.03:340][  0]LogInit: Selected Device Profile: [Windows]
[2019.07.05-09.41.03:342][  0]LogContentStreaming: Texture pool size is 0.00 MB
[2019.07.05-09.41.03:468][  0]LogMeshUtilities: No automatic mesh reduction module available
[2019.07.05-09.41.03:468][  0]LogMeshUtilities: No automatic mesh merging module available
[2019.07.05-09.41.03:468][  0]LogMeshUtilities: No distributed automatic mesh merging module available
[2019.07.05-09.41.03:573][  0]LogMaterial: Uniform references updated for custom material expression Custom.
[2019.07.05-09.41.03:912][  0]LogNetVersion: GetLocalNetworkVersion: CL: 3106830, ProjectName: vrkatrix7sml, ProjectVersion: , EngineNetworkVersion: 1, GameNetworkVersion: 0, NetworkChecksum: 938023604
[2019.07.05-09.41.03:954][  0]LogAssetRegistry: FAssetRegistry took 0.0218 seconds to start up
[2019.07.05-09.41.04:001][  0]LogPackageLocalizationCache: Processed 3 localized package path(s) for 1 prioritized culture(s) in 0.044868 seconds
[2019.07.05-09.41.04:008][  0]LogUObjectArray: 29778 objects as part of root set at end of initial load.
[2019.07.05-09.41.04:008][  0]LogUObjectAllocator: 6125456 out of 0 bytes used by permanent object pool.
[2019.07.05-09.41.04:008][  0]LogUObjectArray: CloseDisregardForGC: 0/0 objects in disregard for GC pool
[2019.07.05-09.41.04:016][  0]LogInit: WinSock: version 1.1 (2.2), MaxSocks=32767, MaxUdp=65467
[2019.07.05-09.41.04:276][  0]LogSlate: SlateFontCache - WITH_FREETYPE: 1, WITH_HARFBUZZ: 1
[2019.07.05-09.41.04:276][  0]LogSlate: SlateFontCache - WITH_FREETYPE: 1, WITH_HARFBUZZ: 1
[2019.07.05-09.41.05:194][  0]LogTcpMessaging: Initializing TcpMessaging bridge
[2019.07.05-09.41.05:220][  0]LogUdpMessaging: Initializing bridge on interface 0.0.0.0:0 to multicast group 230.0.0.1:6666.
[2019.07.05-09.41.05:509][  0]SourceControl: Info Source control is disabled
[2019.07.05-09.41.05:511][  0]SourceControl: Info Source control is disabled
[2019.07.05-09.41.05:524][  0]SourceControl: Info Source control is disabled
[2019.07.05-09.41.05:538][  0]SourceControl: Info Source control is disabled
[2019.07.05-09.41.05:974][  0]LogEngine: Initializing Engine...
[2019.07.05-09.41.09:604][  0]LogHMD: SteamVR initialized.  Driver: lighthouse  Display: LHR-93B68B81
[2019.07.05-09.41.09:792][  0]LogAIModule: Creating AISystem for world Untitled
[2019.07.05-09.41.09:889][  0]LogInit: XAudio2 using 'Speakers (Realtek High Definition Audio)' : 8 channels at 48 kHz using 32 bits per sample (channel mask 0x63f)
[2019.07.05-09.41.10:044][  0]LogInit: FAudioDevice initialized.
[2019.07.05-09.41.10:093][  0]LogDerivedDataCache: Saved boot cache 0.05s 65MB C:/Users/PDV/AppData/Local/UnrealEngine/4.13/DerivedDataCache/Boot.ddc.
[2019.07.05-09.41.10:110][  0]LogInit: Texture streaming: Enabled
[2019.07.05-09.41.10:162][  0]LogInit: Transaction tracking system initialized
[2019.07.05-09.41.10:193][  0]BlueprintLog: New page: Editor Load
[2019.07.05-09.41.10:301][  0]LocalizationService: Info Localization service is disabled
[2019.07.05-09.41.10:409][  0]LogConsoleResponse:Display: 
[2019.07.05-09.41.10:720][  0]LogCook:Display: Max memory allowance for cook 16384mb min free memory 0mb
[2019.07.05-09.41.10:720][  0]LogCook:Display: Mobile HDR setting 0
[2019.07.05-09.41.10:797][  0]LogFileCache: Scanning file cache for directory 'D:/UnrealProjects/vrkatrix7sml/Content/' took 0.02s
[2019.07.05-09.41.10:969][  0]SourceControl: Info Source control is disabled
[2019.07.05-09.41.10:969][  0]Cmd: MAP LOAD FILE="D:/UnrealProjects/vrkatrix7sml/Content/VirtualRealityBP/Maps/HMDLocomotionMap.umap" TEMPLATE=0 SHOWPROGRESS=1 FEATURELEVEL=3
[2019.07.05-09.41.11:027][  0]LightingResults: New page: Lighting Build
[2019.07.05-09.41.11:031][  0]MapCheck: New page: Map Check
[2019.07.05-09.41.11:031][  0]LightingResults: New page: Lighting Build
[2019.07.05-09.41.14:078][  0]LogMaterial: Missing cached shader map for material BodenGrass-Material, compiling. 
[2019.07.05-09.41.14:079][  0]LogMaterial:Warning: Failed to compile Material /Game/Geometry/katrin_test/BodenGrass-Material.BodenGrass-Material for platform PCD3D_SM5, Default Material will be used in game.
[2019.07.05-09.41.14:079][  0]LogMaterial:Warning: 	(Node TextureSample) TextureSample> Sampler type is Normal, should be Color for /Game/Geometry/katrin_test/Grass0126_2_S.Grass0126_2_S
[2019.07.05-09.41.14:403][  0]LogAIModule: Creating AISystem for world HMDLocomotionMap
[2019.07.05-09.41.14:426][  0]LogEditorServer: Finished looking for orphan Actors (0.000 secs)
[2019.07.05-09.41.14:427][  0]Cmd: MAP CHECKDEP NOCLEARLOG
[2019.07.05-09.41.14:539][  0]MapCheck: Info Map check complete: 0 Error(s), 0 Warning(s), took 112.137ms to complete.
[2019.07.05-09.41.14:539][  0]LogFileHelpers: Loading map 'HMDLocomotionMap' took 3.570
[2019.07.05-09.41.14:695][  0]LogCollectionManager: Loaded 0 collections in 0.002232 seconds
[2019.07.05-09.41.14:735][  0]LogFileCache: Scanning file cache for directory 'D:/UnrealProjects/vrkatrix7sml/Saved/Collections/' took 0.01s
[2019.07.05-09.41.14:735][  0]LogFileCache: Scanning file cache for directory 'D:/UnrealProjects/vrkatrix7sml/Content/Developers/PDV/Collections/' took 0.01s
[2019.07.05-09.41.14:735][  0]LogFileCache: Scanning file cache for directory 'D:/UnrealProjects/vrkatrix7sml/Content/Collections/' took 0.01s
[2019.07.05-09.41.14:735][  0]LogCollectionManager: Rebuilt the GUID cache for 0 collections in 0.000003 seconds
[2019.07.05-09.41.14:745][  0]LogContentBrowser: Native class hierarchy populated in 0.0098 seconds. Added 2141 classes and 415 folders.
[2019.07.05-09.41.14:752][  0]LogStats: UGameplayTagsManager::ConstructGameplayTagTree: Construct from data asset -  0.000 s
[2019.07.05-09.41.14:752][  0]LogStats: UGameplayTagsManager::ConstructGameplayTagTree: GameplayTagTreeChangedEvent.Broadcast -  0.000 s
[2019.07.05-09.41.14:752][  0]LogContentBrowser: Native class hierarchy updated for 'GameplayTags' in 0.0005 seconds. Added 12 classes and 0 folders.
[2019.07.05-09.41.14:757][  0]LogContentBrowser: Native class hierarchy updated for 'WidgetCarousel' in 0.0004 seconds. Added 0 classes and 0 folders.
[2019.07.05-09.41.14:833][  0]LogContentBrowser: Native class hierarchy updated for 'AddContentDialog' in 0.0008 seconds. Added 0 classes and 0 folders.
[2019.07.05-09.41.14:839][  0]LogContentBrowser: Native class hierarchy updated for 'SceneOutliner' in 0.0004 seconds. Added 1 classes and 2 folders.
[2019.07.05-09.41.14:924][  0]LogCrashTracker: Crashtracker disabled due to settings.
[2019.07.05-09.41.14:930][  0]LogUObjectGlobals:Warning: Failed to find object 'Class None.'
[2019.07.05-09.41.14:960][  0]LogContentBrowser: Native class hierarchy updated for 'HierarchicalLODOutliner' in 0.0005 seconds. Added 1 classes and 2 folders.
[2019.07.05-09.41.14:960][  0]LogLoad: (Engine Initialization) Total time: 16.85 seconds
[2019.07.05-09.41.14:960][  0]LogLoad: (Engine Initialization) Total Blueprint compile time: 0.13 seconds
[2019.07.05-09.41.14:960][  0]LogExternalProfiler: No external profilers were discovered.  External profiling features will not be available.
[2019.07.05-09.41.14:978][  0]LogWindowsTextInputMethodSystem:Display: IME system now deactivated.
[2019.07.05-09.41.14:978][  0]LogOcInput: OculusInput pre-init called
[2019.07.05-09.41.15:000][  0]LogContentStreaming: Texture pool size now 1000 MB
[2019.07.05-09.41.15:292][  2]LogRenderer: Reallocating scene render targets to support 1248x776 (Frame:2).
[2019.07.05-09.41.15:316][  2]LogAssetRegistry: Asset discovery search completed in 11.3845 seconds
[2019.07.05-09.41.15:316][  2]LogCollectionManager: Rebuilt the object cache for 0 collections in 0.000001 seconds (found 0 objects)
[2019.07.05-09.41.15:316][  2]LogCollectionManager: Fixed up redirectors for 0 collections in 0.000038 seconds (updated 0 objects)
[2019.07.05-09.41.18:501][190]LogBlueprintUserMessages: Early PlayInEditor Detection: Level '/Game/VirtualRealityBP/Maps/HMDLocomotionMap.HMDLocomotionMap:PersistentLevel' has LevelScriptBlueprint '/Game/VirtualRealityBP/Maps/HMDLocomotionMap.HMDLocomotionMap:PersistentLevel.HMDLocomotionMap' with GeneratedClass '/Game/VirtualRealityBP/Maps/HMDLocomotionMap.HMDLocomotionMap_C' with ClassGeneratedBy '/Game/VirtualRealityBP/Maps/HMDLocomotionMap.HMDLocomotionMap:PersistentLevel.HMDLocomotionMap'
[2019.07.05-09.41.18:501][190]LogPlayLevel: PlayLevel: No blueprints needed recompiling
[2019.07.05-09.41.18:502][190]PIE: New page: PIE session: HMDLocomotionMap (Jul 5, 2019, 12:41:18 PM)
[2019.07.05-09.41.18:502][190]LogPlayLevel: Creating play world package: /Game/VirtualRealityBP/Maps/UEDPIE_0_HMDLocomotionMap
[2019.07.05-09.41.18:534][190]LogPlayLevel: PIE: StaticDuplicateObject took: (0.031818s)
[2019.07.05-09.41.18:535][190]LogAIModule: Creating AISystem for world HMDLocomotionMap
[2019.07.05-09.41.18:535][190]LogPlayLevel: PIE: World Init took: (0.000809s)
[2019.07.05-09.41.18:535][190]LogPlayLevel: PIE: Created PIE world by copying editor world from /Game/VirtualRealityBP/Maps/HMDLocomotionMap.HMDLocomotionMap to /Game/VirtualRealityBP/Maps/UEDPIE_0_HMDLocomotionMap.HMDLocomotionMap (0.033102s)
[2019.07.05-09.41.18:622][190]LogInit: XAudio2 using 'Speakers (Realtek High Definition Audio)' : 8 channels at 48 kHz using 32 bits per sample (channel mask 0x63f)
[2019.07.05-09.41.18:751][190]LogInit: FAudioDevice initialized.
[2019.07.05-09.41.18:847][190]LogUObjectGlobals:Warning: Failed to find object 'Class None.'
[2019.07.05-09.41.18:847][190]LogWorld: Game class is 'GameMode'
[2019.07.05-09.41.18:863][190]LogWorld: Bringing World /Game/VirtualRealityBP/Maps/UEDPIE_0_HMDLocomotionMap.HMDLocomotionMap up for play (max tick rate 0) at 2019.07.05-11.41.18
[2019.07.05-09.41.18:863][190]LogWorld: Bringing up level for play took: 0.014445
[2019.07.05-09.41.18:868][190]LogContentBrowser: Native class hierarchy updated for 'MovieSceneCapture' in 0.0007 seconds. Added 11 classes and 0 folders.
[2019.07.05-09.41.18:868][190]LogGameMode:Display: Match State Changed from EnteringMap to WaitingToStart
[2019.07.05-09.41.18:868][190]LogGameState: Match State Changed from EnteringMap to WaitingToStart
[2019.07.05-09.41.18:868][190]LogGameMode:Display: Match State Changed from WaitingToStart to InProgress
[2019.07.05-09.41.18:869][190]LogGameState: Match State Changed from WaitingToStart to InProgress
[2019.07.05-09.41.18:875][190]PIE: Info Play in editor start time for /Game/VirtualRealityBP/Maps/UEDPIE_0_HMDLocomotionMap 0.607
[2019.07.05-09.41.18:875][190]LogBlueprintUserMessages: Late PlayInEditor Detection: Level '/Game/VirtualRealityBP/Maps/HMDLocomotionMap.HMDLocomotionMap:PersistentLevel' has LevelScriptBlueprint '/Game/VirtualRealityBP/Maps/HMDLocomotionMap.HMDLocomotionMap:PersistentLevel.HMDLocomotionMap' with GeneratedClass '/Game/VirtualRealityBP/Maps/HMDLocomotionMap.HMDLocomotionMap_C' with ClassGeneratedBy '/Game/VirtualRealityBP/Maps/HMDLocomotionMap.HMDLocomotionMap:PersistentLevel.HMDLocomotionMap'
[2019.07.05-09.41.18:927][191]LogRenderer: Reallocating scene render targets to support 3424x1904 (Frame:187).
[2019.07.05-09.55.02:073][ 41]LogBlueprintUserMessages: Early EndPlayMap Detection: Level '/Game/VirtualRealityBP/Maps/HMDLocomotionMap.HMDLocomotionMap:PersistentLevel' has LevelScriptBlueprint '/Game/VirtualRealityBP/Maps/HMDLocomotionMap.HMDLocomotionMap:PersistentLevel.HMDLocomotionMap' with GeneratedClass '/Game/VirtualRealityBP/Maps/HMDLocomotionMap.HMDLocomotionMap_C' with ClassGeneratedBy '/Game/VirtualRealityBP/Maps/HMDLocomotionMap.HMDLocomotionMap:PersistentLevel.HMDLocomotionMap'
[2019.07.05-09.55.02:154][ 41]LogBlueprintUserMessages: Late EndPlayMap Detection: Level '/Game/VirtualRealityBP/Maps/HMDLocomotionMap.HMDLocomotionMap:PersistentLevel' has LevelScriptBlueprint '/Game/VirtualRealityBP/Maps/HMDLocomotionMap.HMDLocomotionMap:PersistentLevel.HMDLocomotionMap' with GeneratedClass '/Game/VirtualRealityBP/Maps/HMDLocomotionMap.HMDLocomotionMap_C' with ClassGeneratedBy '/Game/VirtualRealityBP/Maps/HMDLocomotionMap.HMDLocomotionMap:PersistentLevel.HMDLocomotionMap'
[2019.07.05-09.55.12:911][546]LogWindowsTextInputMethodSystem:Display: IME system now deactivated.
[2019.07.05-09.55.13:114][547]Cmd: QUIT_EDITOR
[2019.07.05-09.55.13:188][547]LogExit: Preparing to exit.
[2019.07.05-09.55.13:586][547]LogExit: Editor shut down
[2019.07.05-09.55.13:587][547]LogExit: Transaction tracking system shut down
[2019.07.05-09.55.13:704][547]LogObj: Freed 0b from 0 cluster array pools.
[2019.07.05-09.55.13:704][547]LogExit: Object subsystem successfully closed.
[2019.07.05-09.55.13:724][547]LogD3D11RHI: Shutdown
[2019.07.05-09.55.13:724][547]LogD3D11RHI: CleanupD3DDevice
[2019.07.05-09.55.13:725][547]LogD3D11RHI: ~FD3D11DynamicRHI
[2019.07.05-09.55.13:747][547]LogModuleManager: Shutting down and abandoning module MovieSceneCapture (234)
[2019.07.05-09.55.13:747][547]LogModuleManager: Shutting down and abandoning module HierarchicalLODOutliner (233)
[2019.07.05-09.55.13:747][547]LogModuleManager: Shutting down and abandoning module CrashTracker (232)
[2019.07.05-09.55.13:747][547]LogModuleManager: Shutting down and abandoning module SceneOutliner (231)
[2019.07.05-09.55.13:747][547]LogModuleManager: Shutting down and abandoning module WidgetCarousel (230)
[2019.07.05-09.55.13:747][547]LogModuleManager: Shutting down and abandoning module AddContentDialog (229)
[2019.07.05-09.55.13:747][547]LogDirectoryWatcher: A directory notification for 'C:/Program Files/Epic Games/UE_4.13/FeaturePacks/' was aborted.
[2019.07.05-09.55.13:748][547]LogModuleManager: Shutting down and abandoning module GameplayTags (228)
[2019.07.05-09.55.13:748][547]LogModuleManager: Shutting down and abandoning module EditorWidgets (227)
[2019.07.05-09.55.13:748][547]LogModuleManager: Shutting down and abandoning module CollectionManager (226)
[2019.07.05-09.55.13:749][547]LogDirectoryWatcher: A directory notification for 'D:/UnrealProjects/vrkatrix7sml/Content/Collections/' was aborted.
[2019.07.05-09.55.13:749][547]LogDirectoryWatcher: A directory notification for 'D:/UnrealProjects/vrkatrix7sml/Content/Developers/PDV/Collections/' was aborted.
[2019.07.05-09.55.13:749][547]LogDirectoryWatcher: A directory notification for 'D:/UnrealProjects/vrkatrix7sml/Saved/Collections/' was aborted.
[2019.07.05-09.55.13:749][547]LogModuleManager: Shutting down and abandoning module StatsViewer (225)
[2019.07.05-09.55.13:749][547]LogModuleManager: Shutting down and abandoning module FoliageEdit (224)
[2019.07.05-09.55.13:749][547]LogModuleManager: Shutting down and abandoning module LandscapeEditor (223)
[2019.07.05-09.55.13:749][547]LogModuleManager: Shutting down and abandoning module SceneDepthPickerMode (222)
[2019.07.05-09.55.13:749][547]LogModuleManager: Shutting down and abandoning module ActorPickerMode (221)
[2019.07.05-09.55.13:749][547]LogModuleManager: Shutting down and abandoning module GeometryMode (220)
[2019.07.05-09.55.13:749][547]LogModuleManager: Shutting down and abandoning module TextureAlignMode (219)
[2019.07.05-09.55.13:749][547]LogModuleManager: Shutting down and abandoning module BspMode (218)
[2019.07.05-09.55.13:749][547]LogModuleManager: Shutting down and abandoning module HardwareSurvey (217)
[2019.07.05-09.55.13:749][547]LogModuleManager: Shutting down and abandoning module SequenceRecorderSections (216)
[2019.07.05-09.55.13:749][547]LogModuleManager: Shutting down and abandoning module SequenceRecorder (215)
[2019.07.05-09.55.13:749][547]LogModuleManager: Shutting down and abandoning module AutomationWorker (214)
[2019.07.05-09.55.13:749][547]LogModuleManager: Shutting down and abandoning module MatineeToLevelSequence (213)
[2019.07.05-09.55.13:749][547]LogModuleManager: Shutting down and abandoning module PlacementMode (212)
[2019.07.05-09.55.13:749][547]LogModuleManager: Shutting down and abandoning module LevelSequenceEditor (211)
[2019.07.05-09.55.13:750][547]LogModuleManager: Shutting down and abandoning module WmfMediaFactory (210)
[2019.07.05-09.55.13:750][547]LogModuleManager: Shutting down and abandoning module WmfMediaEditor (209)
[2019.07.05-09.55.13:750][547]LogModuleManager: Shutting down and abandoning module AvfMediaFactory (208)
[2019.07.05-09.55.13:750][547]LogModuleManager: Shutting down and abandoning module AvfMediaEditor (207)
[2019.07.05-09.55.13:750][547]LogModuleManager: Shutting down and abandoning module Media (206)
[2019.07.05-09.55.13:750][547]LogModuleManager: Shutting down and abandoning module AndroidMediaFactory (205)
[2019.07.05-09.55.13:750][547]LogModuleManager: Shutting down and abandoning module AndroidMediaEditor (204)
[2019.07.05-09.55.13:750][547]LogModuleManager: Shutting down and abandoning module CharacterAI (203)
[2019.07.05-09.55.13:750][547]LogModuleManager: Shutting down and abandoning module SmartSnapping (202)
[2019.07.05-09.55.13:750][547]LogModuleManager: Shutting down and abandoning module SessionServices (201)
[2019.07.05-09.55.13:750][547]LogModuleManager: Shutting down and abandoning module ViewportSnapping (200)
[2019.07.05-09.55.13:750][547]LogModuleManager: Shutting down and abandoning module ViewportInteraction (199)
[2019.07.05-09.55.13:750][547]LogModuleManager: Shutting down and abandoning module LogVisualizer (198)
[2019.07.05-09.55.13:750][547]LogModuleManager: Shutting down and abandoning module GameProjectGeneration (197)
[2019.07.05-09.55.13:750][547]LogModuleManager: Shutting down and abandoning module IntroTutorials (196)
[2019.07.05-09.55.13:750][547]LogModuleManager: Shutting down and abandoning module EditorLiveStreaming (195)
[2019.07.05-09.55.13:750][547]LogModuleManager: Shutting down and abandoning module IOSPlatformEditor (194)
[2019.07.05-09.55.13:750][547]LogModuleManager: Shutting down and abandoning module HTML5PlatformEditor (193)
[2019.07.05-09.55.13:750][547]LogModuleManager: Shutting down and abandoning module AndroidDeviceDetection (192)
[2019.07.05-09.55.14:639][547]LogModuleManager: Shutting down and abandoning module AndroidPlatformEditor (191)
[2019.07.05-09.55.14:639][547]LogModuleManager: Shutting down and abandoning module IOSRuntimeSettings (190)
[2019.07.05-09.55.14:639][547]LogModuleManager: Shutting down and abandoning module AndroidRuntimeSettings (189)
[2019.07.05-09.55.14:639][547]LogModuleManager: Shutting down and abandoning module NiagaraEditor (188)
[2019.07.05-09.55.14:639][547]LogModuleManager: Shutting down and abandoning module MergeActors (187)
[2019.07.05-09.55.14:639][547]LogModuleManager: Shutting down and abandoning module SizeMap (186)
[2019.07.05-09.55.14:639][547]LogModuleManager: Shutting down and abandoning module TreeMap (185)
[2019.07.05-09.55.14:639][547]LogModuleManager: Shutting down and abandoning module ReferenceViewer (184)
[2019.07.05-09.55.14:639][547]LogModuleManager: Shutting down and abandoning module LocalizationService (183)
[2019.07.05-09.55.14:639][547]LogModuleManager: Shutting down and abandoning module LocalizationDashboard (182)
[2019.07.05-09.55.14:640][547]LogModuleManager: Shutting down and abandoning module HardwareTargeting (181)
[2019.07.05-09.55.14:640][547]LogModuleManager: Shutting down and abandoning module DeviceProfileEditor (180)
[2019.07.05-09.55.14:640][547]LogModuleManager: Shutting down and abandoning module UndoHistory (179)
[2019.07.05-09.55.14:640][547]LogModuleManager: Shutting down and abandoning module UserFeedback (178)
[2019.07.05-09.55.14:640][547]LogModuleManager: Shutting down and abandoning module XmlParser (177)
[2019.07.05-09.55.14:640][547]LogModuleManager: Shutting down and abandoning module Blutility (176)
[2019.07.05-09.55.14:640][547]LogModuleManager: Shutting down and abandoning module ProjectTargetPlatformEditor (175)
[2019.07.05-09.55.14:640][547]LogModuleManager: Shutting down and abandoning module ProjectSettingsViewer (174)
[2019.07.05-09.55.14:640][547]LogModuleManager: Shutting down and abandoning module InputBindingEditor (173)
[2019.07.05-09.55.14:640][547]LogModuleManager: Shutting down and abandoning module EditorSettingsViewer (172)
[2019.07.05-09.55.14:640][547]LogModuleManager: Shutting down and abandoning module SettingsEditor (171)
[2019.07.05-09.55.14:640][547]LogModuleManager: Shutting down and abandoning module ProjectLauncher (170)
[2019.07.05-09.55.14:640][547]LogModuleManager: Shutting down and abandoning module SessionFrontend (169)
[2019.07.05-09.55.14:640][547]LogModuleManager: Shutting down and abandoning module ProfilerClient (168)
[2019.07.05-09.55.14:640][547]LogModuleManager: Shutting down and abandoning module TargetDeviceServices (167)
[2019.07.05-09.55.14:640][547]LogModuleManager: Shutting down and abandoning module DeviceManager (166)
[2019.07.05-09.55.14:684][547]LogModuleManager: Shutting down and abandoning module AutomationController (165)
[2019.07.05-09.55.14:684][547]LogModuleManager: Shutting down and abandoning module AutomationWindow (164)
[2019.07.05-09.55.14:684][547]LogModuleManager: Shutting down and abandoning module Layers (163)
[2019.07.05-09.55.14:684][547]LogModuleManager: Shutting down and abandoning module ComponentVisualizers (162)
[2019.07.05-09.55.14:684][547]LogModuleManager: Shutting down and abandoning module DetailCustomizations (161)
[2019.07.05-09.55.14:684][547]LogModuleManager: Shutting down and abandoning module PackagesDialog (160)
[2019.07.05-09.55.14:684][547]LogModuleManager: Shutting down and abandoning module AnimGraph (159)
[2019.07.05-09.55.14:684][547]LogModuleManager: Shutting down and abandoning module Persona (158)
[2019.07.05-09.55.14:684][547]LogModuleManager: Shutting down and abandoning module Kismet (157)
[2019.07.05-09.55.14:685][547]LogModuleManager: Shutting down and abandoning module GraphEditor (156)
[2019.07.05-09.55.14:685][547]LogModuleManager: Shutting down and abandoning module ClassViewer (155)
[2019.07.05-09.55.14:685][547]LogModuleManager: Shutting down and abandoning module Toolbox (154)
[2019.07.05-09.55.14:685][547]LogModuleManager: Shutting down and abandoning module ModuleUI (153)
[2019.07.05-09.55.14:685][547]LogModuleManager: Shutting down and abandoning module MovieSceneTools (152)
[2019.07.05-09.55.14:685][547]LogModuleManager: Shutting down and abandoning module OutputLog (151)
[2019.07.05-09.55.14:685][547]LogModuleManager: Shutting down and abandoning module GammaUI (150)
[2019.07.05-09.55.14:685][547]LogModuleManager: Shutting down and abandoning module Documentation (149)
[2019.07.05-09.55.14:685][547]LogModuleManager: Shutting down and abandoning module Niagara (148)
[2019.07.05-09.55.14:685][547]LogModuleManager: Shutting down and abandoning module StreamingPauseRendering (147)
[2019.07.05-09.55.14:685][547]LogModuleManager: Shutting down and abandoning module AnalyticsET (146)
[2019.07.05-09.55.14:685][547]LogModuleManager: Shutting down and abandoning module PortalServices (145)
[2019.07.05-09.55.14:685][547]LogModuleManager: Shutting down and abandoning module PortalRpc (144)
[2019.07.05-09.55.14:685][547]LogModuleManager: Shutting down and abandoning module MessagingRpc (143)
[2019.07.05-09.55.14:685][547]LogModuleManager: Shutting down and abandoning module GameplayDebugger (142)
[2019.07.05-09.55.14:685][547]LogModuleManager: Shutting down and abandoning module AITestSuite (141)
[2019.07.05-09.55.14:685][547]LogModuleManager: Shutting down and abandoning module AIModule (140)
[2019.07.05-09.55.14:685][547]LogModuleManager: Shutting down and abandoning module ProfilerService (139)
[2019.07.05-09.55.14:887][547]LogModuleManager: Shutting down and abandoning module TaskGraph (138)
[2019.07.05-09.55.14:887][547]LogModuleManager: Shutting down and abandoning module SlateRemote (137)
[2019.07.05-09.55.14:887][547]LogModuleManager: Shutting down and abandoning module SteamVRController (136)
[2019.07.05-09.55.14:887][547]LogModuleManager: Shutting down and abandoning module SteamVR (135)
[2019.07.05-09.55.14:887][547]LogModuleManager: Shutting down and abandoning module ProceduralMeshComponentEditor (134)
[2019.07.05-09.55.14:887][547]LogModuleManager: Shutting down and abandoning module ProceduralMeshComponent (133)
[2019.07.05-09.55.14:887][547]LogModuleManager: Shutting down and abandoning module OculusLibrary (132)
[2019.07.05-09.55.14:887][547]LogModuleManager: Shutting down and abandoning module OculusInput (131)
[2019.07.05-09.55.14:887][547]LogModuleManager: Shutting down and abandoning module CustomMeshComponent (130)
[2019.07.05-09.55.14:887][547]LogModuleManager: Shutting down and abandoning module CableComponent (129)
[2019.07.05-09.55.14:887][547]LogModuleManager: Shutting down and abandoning module ArchVisCharacter (128)
[2019.07.05-09.55.14:887][547]LogModuleManager: Shutting down and abandoning module MediaPlayerEditor (126)
[2019.07.05-09.55.14:887][547]LogModuleManager: Shutting down and abandoning module HTML5Networking (125)
[2019.07.05-09.55.14:887][547]LogModuleManager: Shutting down and abandoning module GeometryCacheEd (124)
[2019.07.05-09.55.14:887][547]LogModuleManager: Shutting down and abandoning module GeometryCache (123)
[2019.07.05-09.55.14:887][547]LogModuleManager: Shutting down and abandoning module AlembicLibrary (122)
[2019.07.05-09.55.14:887][547]LogModuleManager: Shutting down and abandoning module AlembicImporter (121)
[2019.07.05-09.55.14:887][547]LogModuleManager: Shutting down and abandoning module SuperSearch (120)
[2019.07.05-09.55.14:887][547]LogModuleManager: Shutting down and abandoning module SuperSearchEditor (119)
[2019.07.05-09.55.14:887][547]LogModuleManager: Shutting down and abandoning module SpeedTreeImporter (118)
[2019.07.05-09.55.14:887][547]LogModuleManager: Shutting down and abandoning module PluginBrowser (117)
[2019.07.05-09.55.14:887][547]LogModuleManager: Shutting down and abandoning module MobileLauncherProfileWizard (116)
[2019.07.05-09.55.14:888][547]LogModuleManager: Shutting down and abandoning module EpicSurvey (115)
[2019.07.05-09.55.14:888][547]LogModuleManager: Shutting down and abandoning module DesktopPlatform (114)
[2019.07.05-09.55.14:888][547]LogModuleManager: Shutting down and abandoning module VisualStudioSourceCodeAccess (113)
[2019.07.05-09.55.14:888][547]LogModuleManager: Shutting down and abandoning module UObjectPlugin (112)
[2019.07.05-09.55.14:888][547]LogModuleManager: Shutting down and abandoning module SubversionSourceControl (111)
[2019.07.05-09.55.14:888][547]LogModuleManager: Shutting down and abandoning module PerforceSourceControl (110)
[2019.07.05-09.55.14:888][547]LogModuleManager: Shutting down and abandoning module SourceControl (109)
[2019.07.05-09.55.14:888][547]LogModuleManager: Shutting down and abandoning module GitSourceControl (108)
[2019.07.05-09.55.14:888][547]LogModuleManager: Shutting down and abandoning module LightPropagationVolumeEditor (107)
[2019.07.05-09.55.14:888][547]LogModuleManager: Shutting down and abandoning module PaperTiledImporter (106)
[2019.07.05-09.55.14:888][547]LogModuleManager: Shutting down and abandoning module PaperSpriteSheetImporter (105)
[2019.07.05-09.55.14:888][547]LogModuleManager: Shutting down and abandoning module MeshPaint (104)
[2019.07.05-09.55.14:888][547]LogModuleManager: Shutting down and abandoning module FbxAutomationBuilderModule (103)
[2019.07.05-09.55.14:888][547]LogModuleManager: Shutting down and abandoning module PixelInspectorModule (102)
[2019.07.05-09.55.14:888][547]LogModuleManager: Shutting down and abandoning module HotReload (101)
[2019.07.05-09.55.14:889][547]LogModuleManager: Shutting down and abandoning module MainFrame (100)
[2019.07.05-09.55.14:889][547]LogModuleManager: Shutting down and abandoning module LevelEditor (99)
[2019.07.05-09.55.14:890][547]LogModuleManager: Shutting down and abandoning module ContentBrowser (98)
[2019.07.05-09.55.14:891][547]LogModuleManager: Shutting down and abandoning module Paper2DEditor (97)
[2019.07.05-09.55.14:891][547]LogModuleManager: Shutting down and abandoning module UdpMessaging (96)
[2019.07.05-09.55.14:991][547]LogModuleManager: Shutting down and abandoning module TcpMessaging (95)
[2019.07.05-09.55.15:091][547]LogModuleManager: Shutting down and abandoning module LightPropagationVolumeRuntime (94)
[2019.07.05-09.55.15:091][547]LogModuleManager: Shutting down and abandoning module Paper2D (93)
[2019.07.05-09.55.15:091][547]LogModuleManager: Shutting down and abandoning module WindowsMoviePlayer (92)
[2019.07.05-09.55.15:091][547]LogModuleManager: Shutting down and abandoning module WmfMedia (91)
[2019.07.05-09.55.15:094][547]LogModuleManager: Shutting down and abandoning module MediaAssets (90)
[2019.07.05-09.55.15:094][547]LogModuleManager: Shutting down and abandoning module GameLiveStreaming (89)
[2019.07.05-09.55.15:094][547]LogModuleManager: Shutting down and abandoning module GameplayTagsEditor (88)
[2019.07.05-09.55.15:094][547]LogModuleManager: Shutting down and abandoning module VREditor (87)
[2019.07.05-09.55.15:094][547]LogModuleManager: Shutting down and abandoning module GameplayTasksEditor (86)
[2019.07.05-09.55.15:094][547]LogModuleManager: Shutting down and abandoning module PropertyEditor (85)
[2019.07.05-09.55.15:094][547]LogModuleManager: Shutting down and abandoning module BehaviorTreeEditor (84)
[2019.07.05-09.55.15:094][547]LogModuleManager: Shutting down and abandoning module FunctionalTesting (83)
[2019.07.05-09.55.15:094][547]LogModuleManager: Shutting down and abandoning module CollisionAnalyzer (82)
[2019.07.05-09.55.15:095][547]LogModuleManager: Shutting down and abandoning module Sequencer (81)
[2019.07.05-09.55.15:095][547]LogModuleManager: Shutting down and abandoning module WorkspaceMenuStructure (80)
[2019.07.05-09.55.15:095][547]LogModuleManager: Shutting down and abandoning module MessageLog (79)
[2019.07.05-09.55.15:095][547]LogModuleManager: Shutting down and abandoning module AssetTools (78)
[2019.07.05-09.55.15:095][547]LogModuleManager: Shutting down and abandoning module UMGEditor (77)
[2019.07.05-09.55.15:095][547]LogModuleManager: Shutting down and abandoning module UMG (76)
[2019.07.05-09.55.15:095][547]LogModuleManager: Shutting down and abandoning module SlateReflector (75)
[2019.07.05-09.55.15:095][547]LogModuleManager: Shutting down and abandoning module Slate (74)
[2019.07.05-09.55.15:095][547]LogModuleManager: Shutting down and abandoning module EditorStyle (73)
[2019.07.05-09.55.15:098][547]LogModuleManager: Shutting down and abandoning module SourceCodeAccess (72)
[2019.07.05-09.55.15:098][547]LogModuleManager: Shutting down and abandoning module HeadMountedDisplay (71)
[2019.07.05-09.55.15:098][547]LogModuleManager: Shutting down and abandoning module XAudio2 (70)
[2019.07.05-09.55.15:098][547]LogModuleManager: Shutting down and abandoning module Networking (68)
[2019.07.05-09.55.15:098][547]LogModuleManager: Shutting down and abandoning module Core (67)
[2019.07.05-09.55.15:098][547]LogModuleManager: Shutting down and abandoning module DirectoryWatcher (66)
[2019.07.05-09.55.15:098][547]LogDirectoryWatcher: A directory notification for '../../../Engine/Content/' was aborted.
[2019.07.05-09.55.15:098][547]LogDirectoryWatcher: A directory notification for 'D:/UnrealProjects/vrkatrix7sml/Content/' was aborted.
[2019.07.05-09.55.15:098][547]LogDirectoryWatcher: A directory notification for '../../../Engine/Plugins/2D/Paper2D/Content/' was aborted.
[2019.07.05-09.55.15:099][547]LogModuleManager: Shutting down and abandoning module AssetRegistry (65)
[2019.07.05-09.55.15:211][547]LogModuleManager: Shutting down and abandoning module KismetCompiler (64)
[2019.07.05-09.55.15:211][547]LogModuleManager: Shutting down and abandoning module PhysXFormats (63)
[2019.07.05-09.55.15:211][547]LogModuleManager: Shutting down and abandoning module MeshUtilities (62)
[2019.07.05-09.55.15:211][547]LogModuleManager: Shutting down and abandoning module DerivedDataCache (61)
[2019.07.05-09.55.15:293][547]LogDerivedDataCache: Shutdown
[2019.07.05-09.55.15:293][547]LogModuleManager: Shutting down and abandoning module VulkanShaderFormat (60)
[2019.07.05-09.55.15:293][547]LogModuleManager: Shutting down and abandoning module ShaderFormatOpenGL (59)
[2019.07.05-09.55.15:293][547]LogModuleManager: Shutting down and abandoning module ShaderFormatD3D (58)
[2019.07.05-09.55.15:293][547]LogModuleManager: Shutting down and abandoning module MetalShaderFormat (57)
[2019.07.05-09.55.15:293][547]LogModuleManager: Shutting down and abandoning module TextureFormatUncompressed (56)
[2019.07.05-09.55.15:293][547]LogModuleManager: Shutting down and abandoning module TextureFormatPVR (55)
[2019.07.05-09.55.15:293][547]LogModuleManager: Shutting down and abandoning module TextureFormatDXT (54)
[2019.07.05-09.55.15:293][547]LogModuleManager: Shutting down and abandoning module TextureFormatIntelISPCTexComp (53)
[2019.07.05-09.55.15:293][547]LogModuleManager: Shutting down and abandoning module ImageWrapper (52)
[2019.07.05-09.55.15:293][547]LogModuleManager: Shutting down and abandoning module TextureFormatASTC (51)
[2019.07.05-09.55.15:293][547]LogModuleManager: Shutting down and abandoning module TextureFormatAndroid (50)
[2019.07.05-09.55.15:293][547]LogModuleManager: Shutting down and abandoning module AudioFormatOpus (49)
[2019.07.05-09.55.15:293][547]LogModuleManager: Shutting down and abandoning module AudioFormatOgg (48)
[2019.07.05-09.55.15:293][547]LogModuleManager: Shutting down and abandoning module AudioFormatADPCM (47)
[2019.07.05-09.55.15:293][547]LogModuleManager: Shutting down and abandoning module LinuxTargetPlatform (46)
[2019.07.05-09.55.15:293][547]LogModuleManager: Shutting down and abandoning module LinuxServerTargetPlatform (45)
[2019.07.05-09.55.15:293][547]LogModuleManager: Shutting down and abandoning module LinuxNoEditorTargetPlatform (44)
[2019.07.05-09.55.15:293][547]LogModuleManager: Shutting down and abandoning module LinuxClientTargetPlatform (43)
[2019.07.05-09.55.15:293][547]LogModuleManager: Shutting down and abandoning module TVOSTargetPlatform (42)
[2019.07.05-09.55.15:293][547]LogModuleManager: Shutting down and abandoning module Messaging (41)
[2019.07.05-09.55.15:293][547]LogModuleManager: Shutting down and abandoning module IOSTargetPlatform (40)
[2019.07.05-09.55.15:293][547]LogModuleManager: Shutting down and abandoning module HTML5TargetPlatform (39)
[2019.07.05-09.55.15:293][547]LogModuleManager: Shutting down and abandoning module Android_PVRTCTargetPlatform (38)
[2019.07.05-09.55.15:293][547]LogModuleManager: Shutting down and abandoning module Android_MultiTargetPlatform (37)
[2019.07.05-09.55.15:293][547]LogModuleManager: Shutting down and abandoning module Android_ETC2TargetPlatform (36)
[2019.07.05-09.55.15:293][547]LogModuleManager: Shutting down and abandoning module Android_ETC1TargetPlatform (35)
[2019.07.05-09.55.15:293][547]LogModuleManager: Shutting down and abandoning module Android_DXTTargetPlatform (34)
[2019.07.05-09.55.15:293][547]LogModuleManager: Shutting down and abandoning module Android_ATCTargetPlatform (33)
[2019.07.05-09.55.15:293][547]LogModuleManager: Shutting down and abandoning module Android_ASTCTargetPlatform (32)
[2019.07.05-09.55.15:293][547]LogModuleManager: Shutting down and abandoning module AndroidTargetPlatform (31)
[2019.07.05-09.55.15:293][547]LogModuleManager: Shutting down and abandoning module WindowsTargetPlatform (30)
[2019.07.05-09.55.15:293][547]LogModuleManager: Shutting down and abandoning module WindowsServerTargetPlatform (29)
[2019.07.05-09.55.15:293][547]LogModuleManager: Shutting down and abandoning module WindowsNoEditorTargetPlatform (28)
[2019.07.05-09.55.15:293][547]LogModuleManager: Shutting down and abandoning module WindowsClientTargetPlatform (27)
[2019.07.05-09.55.15:293][547]LogModuleManager: Shutting down and abandoning module AllDesktopTargetPlatform (26)
[2019.07.05-09.55.15:293][547]LogModuleManager: Shutting down and abandoning module TargetPlatform (25)
[2019.07.05-09.55.15:293][547]LogModuleManager: Shutting down and abandoning module InputCore (24)
[2019.07.05-09.55.15:293][547]LogModuleManager: Shutting down and abandoning module Settings (23)
[2019.07.05-09.55.15:293][547]LogModuleManager: Shutting down and abandoning module OculusRift (22)
[2019.07.05-09.55.15:293][547]LogModuleManager: Shutting down and abandoning module GearVR (21)
[2019.07.05-09.55.15:293][547]LogModuleManager: Shutting down and abandoning module ExampleDeviceProfileSelector (20)
[2019.07.05-09.55.15:293][547]LogModuleManager: Shutting down and abandoning module OnlineBlueprintSupport (19)
[2019.07.05-09.55.15:293][547]LogModuleManager: Shutting down and abandoning module OnlineSubsystem (17)
[2019.07.05-09.55.15:293][547]LogOnline:Display: Unloading online subsystem: NULL
[2019.07.05-09.55.15:294][547]LogModuleManager: Shutting down and abandoning module HTTP (16)
[2019.07.05-09.55.15:294][547]LogHttp:Display: Http module shutting down, but needs to wait on 1 outstanding Http requests:
[2019.07.05-09.55.15:294][547]LogHttp:Display: 	verb=[POST] url=[https://datarouter.ol.epicgames.com/datarouter/api/v1/public/data?SessionID=%7B8C782174-4339-6D6E-832B-13B8338F34F7%7D&AppID=UEEditor.Rocket.Release&AppVersion=4.13.2-3172292%2B%2B%2BUE4%2BRelease-4.13&UserID=48a559c1457afdc1d0993ca787c5572b%7C526c3015292f412191fd915cb8510c16%7C23ec979f-9cca-4e97-b38a-3935e3d085fa&AppEnvironment=datacollector-binary&UploadType=eteventstream] status=Processing
[2019.07.05-09.55.15:301][547]LogModuleManager: Shutting down and abandoning module XMPP (15)
[2019.07.05-09.55.15:301][547]LogModuleManager: Shutting down and abandoning module TextureCompressor (14)
[2019.07.05-09.55.15:301][547]LogModuleManager: Shutting down and abandoning module ShaderCore (13)
[2019.07.05-09.55.15:301][547]LogModuleManager: Shutting down and abandoning module Landscape (12)
[2019.07.05-09.55.15:301][547]LogModuleManager: Shutting down and abandoning module SlateRHIRenderer (11)
[2019.07.05-09.55.15:302][547]LogModuleManager: Shutting down and abandoning module OpenGLDrv (10)
[2019.07.05-09.55.15:302][547]LogModuleManager: Shutting down and abandoning module D3D11RHI (9)
[2019.07.05-09.55.15:302][547]LogModuleManager: Shutting down and abandoning module AnimGraphRuntime (8)
[2019.07.05-09.55.15:302][547]LogModuleManager: Shutting down and abandoning module Renderer (7)
[2019.07.05-09.55.15:302][547]LogModuleManager: Shutting down and abandoning module Engine (6)
[2019.07.05-09.55.15:302][547]LogModuleManager: Shutting down and abandoning module CoreUObject (5)
[2019.07.05-09.55.15:302][547]LogModuleManager: Shutting down and abandoning module NetworkFile (4)
[2019.07.05-09.55.15:302][547]LogModuleManager: Shutting down and abandoning module StreamingFile (3)
[2019.07.05-09.55.15:302][547]LogModuleManager: Shutting down and abandoning module SandboxFile (2)
[2019.07.05-09.55.15:302][547]LogModuleManager: Shutting down and abandoning module PakFile (1)
[2019.07.05-09.55.15:304][547]LogExit: Exiting.
[2019.07.05-09.55.15:306][547]Log file closed, 07/05/19 11:55:15
